PRT1
189
497
4 0 111 (320 0 248 ) (0 0 248 ) (0 0 16 ) (320 0 16 ) 
4 0 68 (0 0 16 ) (0 0 24 ) (0 192 24 ) (0 192 16 ) 
4 0 63 (0 0 24 ) (0 0 45 ) (0 192 45 ) (0 192 24 ) 
4 0 48 (0 0 45 ) (0 0 80 ) (0 192 80 ) (0 192 45 ) 
4 0 32 (0 0 80 ) (0 0 136 ) (0 192 136 ) (0 192 80 ) 
4 0 27 (0 0 136 ) (0 0 197 ) (0 120 197 ) (0 120 136 ) 
4 0 17 (0 120 197 ) (0 192 197 ) (0 192 136 ) (0 120 136 ) 
4 0 3 (0 0 197 ) (0 0 248 ) (0 120 248 ) (0 120 197 ) 
4 0 1 (0 120 248 ) (0 192 248 ) (0 192 197 ) (0 120 197 ) 
4 1 18 (-782 182 197 ) (-770.001038 186 197 ) (-756.034668 189.990051 197 ) (-752.034912 190.561447 197 ) 
12 1 17 (-808 172 197 ) (-800 176 197 ) (-782 182 197 ) (-752.034912 190.561447 197 ) (-741.965027 192 197 ) (0 192 197 ) (0 120 197 ) (-865.333313 120 197 ) (-860 128 197 ) (-852 138 197 ) (-842 148 197 ) (-832 156 197 ) 
4 1 3 (-865.333313 120 197 ) (0 120 197 ) (0 120 248 ) (-865.333313 120 248 ) 
4 1 2 (-782.022644 181.993561 197 ) (-799.992981 176.003525 197 ) (-799.992981 176.003525 248 ) (-782.022644 181.993561 248 ) 
3 2 17 (-800 176 197 ) (-796 178 197 ) (-782 182 197 ) 
4 3 123 (0 0 197 ) (0 0 227 ) (-896 0 227 ) (-896 0 197 ) 
4 3 114 (0 0 227 ) (0 0 248 ) (-896 0 248 ) (-896 0 227 ) 
8 3 27 (-896 0 197 ) (-896 38 197 ) (-894.571533 48 197 ) (-882 92 197 ) (-876 104 197 ) (-865.333313 120 197 ) (0 120 197 ) (0 0 197 ) 
4 3 4 (-886.009033 77.972809 197 ) (-894.573242 47.998055 197 ) (-894.573242 47.998055 248 ) (-886.009033 77.972809 248 ) 
4 4 28 (-894.571533 48 197 ) (-894 52 197 ) (-890 65.998894 197 ) (-886 78 197 ) 
4 5 29 (-576 533 136 ) (-470 533 136 ) (-470 456 136 ) (-576 456 136 ) 
4 5 6 (-560 456 136 ) (-488 456 136 ) (-488 456 163 ) (-560 456 163 ) 
4 6 30 (-560 456 136 ) (-488 456 136 ) (-488 440 136 ) (-560 440 136 ) 
4 6 7 (-560 440 136 ) (-488 440 136 ) (-488 440 163 ) (-560 440 163 ) 
4 7 61 (-896 376 163 ) (-896 376 136 ) (-896 304 136 ) (-896 304 163 ) 
4 7 31 (-896 208 136 ) (-896 440 136 ) (-440 440 136 ) (-440 208 136 ) 
4 7 13 (-896 208 136 ) (-600 208 136 ) (-600 208 197 ) (-896 208 197 ) 
4 7 9 (-575 208 136 ) (-574 208 136 ) (-574 208 163 ) (-575 208 163 ) 
4 7 8 (-574 208 136 ) (-515 208 136 ) (-515 208 163 ) (-574 208 163 ) 
4 7 12 (-587 208 136 ) (-575 208 136 ) (-575 208 163 ) (-587 208 163 ) 
4 8 33 (-574 208 136 ) (-515 208 136 ) (-515 192 136 ) (-574 192 136 ) 
4 8 17 (-574 192 136 ) (-515 192 136 ) (-515 192 163 ) (-574 192 163 ) 
4 8 10 (-574 203 163 ) (-574 205 163 ) (-574 205 153 ) (-574 203 153 ) 
4 8 9 (-574 205 163 ) (-574 208 163 ) (-574 208 136 ) (-574 205 136 ) 
4 8 11 (-574 192 136 ) (-574 192 163 ) (-574 203 163 ) (-574 203 136 ) 
4 9 34 (-575 208 136 ) (-574 208 136 ) (-574 205 136 ) (-575 205 136 ) 
4 9 10 (-575 205 163 ) (-575 205 153 ) (-574 205 153 ) (-574 205 163 ) 
4 9 12 (-575 205 163 ) (-575 208 163 ) (-575 208 136 ) (-575 205 136 ) 
4 10 12 (-575 203 163 ) (-575 205 163 ) (-575 205 153 ) (-575 203 153 ) 
4 10 11 (-575 203 163 ) (-575 203 153 ) (-574 203 153 ) (-574 203 163 ) 
4 11 35 (-574 203 136 ) (-574 192 136 ) (-575 192 136 ) (-575 203 136 ) 
4 11 17 (-575 192 136 ) (-574 192 136 ) (-574 192 163 ) (-575 192 163 ) 
4 11 12 (-575 192 136 ) (-575 192 163 ) (-575 203 163 ) (-575 203 136 ) 
4 12 36 (-587 208 136 ) (-575 208 136 ) (-575 192 136 ) (-587 192 136 ) 
4 12 17 (-587 192 136 ) (-575 192 136 ) (-575 192 163 ) (-587 192 163 ) 
3 13 37 (-608 208 136 ) (-600 208 136 ) (-608 200 136 ) 
4 13 39 (-896 200 136 ) (-896 208 136 ) (-608 208 136 ) (-608 200 136 ) 
4 13 14 (-896 200 136 ) (-742 200 136 ) (-742 200 197 ) (-896 200 197 ) 
4 14 39 (-896 192 136 ) (-896 200 136 ) (-742 200 136 ) (-798 192 136 ) 
4 14 21 (-800 192 136 ) (-798 192 136 ) (-798 192 197 ) (-800 192 197 ) 
4 14 20 (-896 192 136 ) (-800 192 136 ) (-800 192 197 ) (-896 192 197 ) 
4 14 15 (-797.998047 192 197 ) (-797.998047 192 136 ) (-756.002625 198 136 ) (-756.002625 198 197 ) 
3 15 39 (-780 192 136 ) (-798 192 136 ) (-756 198 136 ) 
4 15 25 (-787.500000 192 136 ) (-780 192 136 ) (-780 192 197 ) (-787.500000 192 197 ) 
4 15 24 (-791 192 136 ) (-787.500000 192 136 ) (-787.500000 192 197 ) (-791 192 197 ) 
4 15 21 (-798 192 136 ) (-791 192 136 ) (-791 192 197 ) (-798 192 197 ) 
4 15 16 (-780 192 197 ) (-780 192 136 ) (-772 194 136 ) (-772 194 197 ) 
3 16 39 (-779 192 136 ) (-780 192 136 ) (-772 194 136 ) 
4 16 26 (-780 192 136 ) (-779 192 136 ) (-779 192 197 ) (-780 192 197 ) 
3 17 58 (-848 120 136 ) (-865.333313 120 136 ) (-860 128 136 ) 
4 17 38 (-608 192 136 ) (-587 192 136 ) (-587 120 136 ) (-608 120 136 ) 
11 17 39 (-741.965149 192 136 ) (-608 192 136 ) (-608 120 136 ) (-848 120 136 ) (-860 128 136 ) (-852 138 136 ) (-842 148 136 ) (-832 156 136 ) (-808 172 136 ) (-796 178 136 ) (-752.035034 190.561447 136 ) 
4 17 35 (-575 192 136 ) (-574 192 136 ) (-574 120 136 ) (-575 120 136 ) 
4 17 33 (-574 192 136 ) (-515 192 136 ) (-515 120 136 ) (-574 120 136 ) 
4 17 36 (-587 192 136 ) (-575 192 136 ) (-575 120 136 ) (-587 120 136 ) 
4 17 32 (-515 192 136 ) (0 192 136 ) (0 120 136 ) (-515 120 136 ) 
4 17 27 (-865.333313 120 136 ) (0 120 136 ) (0 120 197 ) (-865.333313 120 197 ) 
4 17 18 (-752.029297 190.562500 197 ) (-752.029297 190.562500 136 ) (-782.016174 181.994614 136 ) (-782.016174 181.994614 197 ) 
4 18 39 (-756.034546 189.990097 136 ) (-752.035034 190.561447 136 ) (-782 182 136 ) (-770 186 136 ) 
4 19 60 (-876 120 136 ) (-886 120 136 ) (-867 132.666626 136 ) (-866 132 136 ) 
3 19 39 (-867 132.666626 136 ) (-864.400085 134.399857 136 ) (-866 132 136 ) 
4 19 23 (-864.399963 134.400009 136 ) (-874 128 136 ) (-874 128 197 ) (-864.399963 134.400009 197 ) 
4 19 22 (-874 128 136 ) (-886 120 136 ) (-886 120 197 ) (-874 128 197 ) 
3 20 60 (-896 122 136 ) (-896 152 136 ) (-873.500000 137 136 ) 
5 20 39 (-896 152 136 ) (-896 192 136 ) (-800 192 136 ) (-836 162 136 ) (-873.500000 137 136 ) 
4 20 22 (-896 122.001305 136 ) (-847.995911 154.004028 136 ) (-847.996155 154.003876 197 ) (-896 122.001305 197 ) 
4 20 21 (-824.003235 171.998413 136 ) (-800.001587 192 136 ) (-800.001587 192 197 ) (-824.003235 171.998413 197 ) 
4 21 39 (-800 192 136 ) (-791 192 136 ) (-812 178 136 ) (-824 172 136 ) 
4 21 24 (-812.007874 177.996078 136 ) (-791.001953 192 136 ) (-791.001953 192 197 ) (-812.007874 177.996078 197 ) 
6 22 60 (-896 120 136 ) (-896 122 136 ) (-873.500000 137 136 ) (-868.400024 133.599991 136 ) (-874 128 136 ) (-886 120 136 ) 
3 22 39 (-873.500000 137 136 ) (-848 154 136 ) (-868.400024 133.599991 136 ) 
4 22 23 (-874 128 197 ) (-874 128 136 ) (-858 144 136 ) (-858 144 197 ) 
3 23 60 (-867 132.666641 136 ) (-874 128 136 ) (-868.399963 133.599991 136 ) 
4 23 39 (-864.400085 134.399887 136 ) (-867 132.666641 136 ) (-868.399963 133.599991 136 ) (-858 144 136 ) 
3 24 39 (-812 178 136 ) (-791 192 136 ) (-787.500061 192 136 ) 
4 24 25 (-798.007874 185.997360 136 ) (-787.503174 192 136 ) (-787.503174 192 197 ) (-798.007874 185.997375 197 ) 
3 25 39 (-798 186 136 ) (-787.500061 192 136 ) (-780 192 136 ) 
4 25 26 (-786.014038 189.995972 136 ) (-780.001953 192 136 ) (-780.001953 192 197 ) (-786.014038 189.995972 197 ) 
3 26 39 (-786 190 136 ) (-780 192 136 ) (-779 192 136 ) 
4 27 123 (0 0 136 ) (0 0 197 ) (-896 0 197 ) (-896 0 136 ) 
3 27 59 (-886 78 136 ) (-882 92 136 ) (-880 96 136 ) 
9 27 58 (-896 0 136 ) (-896 38 136 ) (-894.571594 48 136 ) (-886 78 136 ) (-880 96 136 ) (-876 104 136 ) (-865.333313 120 136 ) (-848 120 136 ) (-668 0 136 ) 
4 27 38 (-608 120 136 ) (-587 120 136 ) (-587 0 136 ) (-608 0 136 ) 
4 27 39 (-848 120 136 ) (-608 120 136 ) (-608 0 136 ) (-668 0 136 ) 
4 27 35 (-575 120 136 ) (-574 120 136 ) (-574 0 136 ) (-575 0 136 ) 
4 27 33 (-574 120 136 ) (-515 120 136 ) (-515 0 136 ) (-574 0 136 ) 
4 27 36 (-587 120 136 ) (-575 120 136 ) (-575 0 136 ) (-587 0 136 ) 
4 27 32 (-515 120 136 ) (0 120 136 ) (0 0 136 ) (-515 0 136 ) 
4 27 28 (-886.003479 77.989464 136 ) (-894.570923 48.003716 136 ) (-894.570923 48.003719 197 ) (-886.003479 77.989471 197 ) 
4 28 58 (-894.571594 48 136 ) (-894 52 136 ) (-890 65.998650 136 ) (-886 78 136 ) 
4 29 30 (-488 456 136 ) (-560 456 136 ) (-560 456 45 ) (-488 456 45 ) 
4 30 31 (-488 440 136 ) (-560 440 136 ) (-560 440 45 ) (-488 440 45 ) 
4 31 61 (-896 376 45 ) (-896 304 45 ) (-896 304 136 ) (-896 376 136 ) 
4 31 44 (-896 208 80 ) (-896 208 45 ) (-600 208 45 ) (-600 208 80 ) 
4 31 41 (-575 208 45 ) (-574 208 45 ) (-574 208 80 ) (-575 208 80 ) 
4 31 40 (-574 208 45 ) (-515 208 45 ) (-515 208 80 ) (-574 208 80 ) 
4 31 43 (-587 208 45 ) (-575 208 45 ) (-575 208 80 ) (-587 208 80 ) 
4 31 37 (-600 208 136 ) (-608 208 136 ) (-608 208 80 ) (-600 208 80 ) 
4 31 39 (-608 208 136 ) (-896 208 136 ) (-896 208 80 ) (-608 208 80 ) 
4 31 34 (-574 208 136 ) (-575 208 136 ) (-575 208 80 ) (-574 208 80 ) 
4 31 33 (-515 208 136 ) (-574 208 136 ) (-574 208 80 ) (-515 208 80 ) 
4 31 36 (-575 208 136 ) (-587 208 136 ) (-587 208 80 ) (-575 208 80 ) 
4 32 123 (0 0 80 ) (0 0 136 ) (-515 0 136 ) (-515 0 80 ) 
4 32 48 (0 0 80 ) (-515 0 80 ) (-515 192 80 ) (0 192 80 ) 
4 32 33 (-515 192 80 ) (-515 0 80 ) (-515 0 136 ) (-515 192 136 ) 
4 33 123 (-515 0 136 ) (-574 0 136 ) (-574 0 80 ) (-515 0 80 ) 
4 33 48 (-515 0 80 ) (-574 0 80 ) (-574 192 80 ) (-515 192 80 ) 
4 33 40 (-574 192 80 ) (-574 208 80 ) (-515 208 80 ) (-515 192 80 ) 
4 33 34 (-574 208 136 ) (-574 208 80 ) (-574 205 80 ) (-574 205 136 ) 
4 33 35 (-574 203 80 ) (-574 0 80 ) (-574 0 136 ) (-574 203 136 ) 
4 34 41 (-575 205 80 ) (-575 208 80 ) (-574 208 80 ) (-574 205 80 ) 
4 34 36 (-575 208 136 ) (-575 208 80 ) (-575 205 80 ) (-575 205 136 ) 
4 35 123 (-574 0 136 ) (-575 0 136 ) (-575 0 80 ) (-574 0 80 ) 
4 35 48 (-574 0 80 ) (-575 0 80 ) (-575 192 80 ) (-574 192 80 ) 
4 35 42 (-575 192 80 ) (-575 203 80 ) (-574 203 80 ) (-574 192 80 ) 
4 35 36 (-575 203 80 ) (-575 0 80 ) (-575 0 136 ) (-575 203 136 ) 
4 36 123 (-575 0 136 ) (-587 0 136 ) (-587 0 80 ) (-575 0 80 ) 
4 36 48 (-575 0 80 ) (-587 0 80 ) (-587 192 80 ) (-575 192 80 ) 
4 36 43 (-587 192 80 ) (-587 208 80 ) (-575 208 80 ) (-575 192 80 ) 
4 36 38 (-587 192 80 ) (-587 0 80 ) (-587 0 136 ) (-587 192 136 ) 
3 37 44 (-608 200 80 ) (-608 208 80 ) (-600 208 80 ) 
4 37 39 (-608 208 136 ) (-608 208 80 ) (-608 200 80 ) (-608 200 136 ) 
4 38 123 (-587 0 136 ) (-608 0 136 ) (-608 0 80 ) (-587 0 80 ) 
4 38 48 (-587 0 80 ) (-608 0 80 ) (-608 192 80 ) (-587 192 80 ) 
4 38 39 (-608 192 80 ) (-608 0 80 ) (-608 0 136 ) (-608 192 136 ) 
4 39 123 (-608 0 136 ) (-668 0 136 ) (-668 0 80 ) (-608 0 80 ) 
4 39 60 (-866.002136 131.997421 136 ) (-896 151.996094 136 ) (-896 151.996094 80 ) (-866.002136 131.997452 80 ) 
4 39 58 (-668.006836 0 136 ) (-860.001831 127.997215 136 ) (-860.001831 127.997253 80 ) (-668.006226 0 80 ) 
4 39 57 (-824 172 80 ) (-813.333374 180.888885 80 ) (-798 186 80 ) (-812 178 80 ) 
4 39 56 (-800 192 80 ) (-787 192 80 ) (-792 188 80 ) (-813.333374 180.888885 80 ) 
4 39 55 (-848 154 80 ) (-810 192 80 ) (-800 192 80 ) (-836 162 80 ) 
4 39 54 (-867 132.666626 80 ) (-868.400024 133.600021 80 ) (-858 144 80 ) (-864.400085 134.399857 80 ) 
4 39 53 (-868.400024 133.600021 80 ) (-896 152 80 ) (-896 192 80 ) (-810 192 80 ) 
3 39 52 (-780 192 80 ) (-779 192 80 ) (-786 190 80 ) 
3 39 51 (-787 192 80 ) (-780 192 80 ) (-792 188 80 ) 
3 39 50 (-866 132 80 ) (-867 132.666626 80 ) (-864.400085 134.399872 80 ) 
4 39 49 (-770 186 80 ) (-756.034729 189.990051 80 ) (-752.034973 190.561447 80 ) (-782 182 80 ) 
11 39 48 (-608 0 80 ) (-668 0 80 ) (-860 128 80 ) (-852 138 80 ) (-842 148 80 ) (-832 156 80 ) (-808 172 80 ) (-796 178 80 ) (-752.034973 190.561447 80 ) (-741.965149 192 80 ) (-608 192 80 ) 
3 39 47 (-772 194 80 ) (-760 197.428589 80 ) (-756 198 80 ) 
3 39 46 (-779 192 80 ) (-798 192 80 ) (-760 197.428589 80 ) 
4 39 45 (-896 192 80 ) (-896 200 80 ) (-742 200 80 ) (-798 192 80 ) 
4 39 44 (-896 200 80 ) (-896 208 80 ) (-608 208 80 ) (-608 200 80 ) 
4 40 48 (-515 192 80 ) (-574 192 80 ) (-574 192 45 ) (-515 192 45 ) 
4 40 41 (-574 205 80 ) (-574 208 80 ) (-574 208 45 ) (-574 205 45 ) 
4 40 42 (-574 192 45 ) (-574 192 80 ) (-574 203 80 ) (-574 203 45 ) 
4 41 43 (-575 205 80 ) (-575 208 80 ) (-575 208 45 ) (-575 205 45 ) 
4 42 48 (-574 192 80 ) (-575 192 80 ) (-575 192 45 ) (-574 192 45 ) 
4 42 43 (-575 192 45 ) (-575 192 80 ) (-575 203 80 ) (-575 203 45 ) 
4 43 48 (-575 192 80 ) (-587 192 80 ) (-587 192 45 ) (-575 192 45 ) 
4 44 45 (-742 200 80 ) (-896 200 80 ) (-896 200 45 ) (-742 200 45 ) 
4 45 56 (-798 192 80 ) (-800 192 80 ) (-800 192 45 ) (-798 192 45 ) 
4 45 55 (-800 192 80 ) (-810 192 80 ) (-810 192 45 ) (-800 192 45 ) 
4 45 53 (-810 192 80 ) (-896 192 80 ) (-896 192 45 ) (-810 192 45 ) 
4 45 47 (-760.001770 197.428040 45 ) (-756.002686 198 45 ) (-756.002686 198 80 ) (-760.001770 197.428040 80 ) 
4 45 46 (-797.998047 192 80 ) (-797.998047 192 45 ) (-760.001770 197.428040 45 ) (-760.001770 197.428040 80 ) 
4 46 56 (-787 192 80 ) (-798 192 80 ) (-798 192 45 ) (-787 192 45 ) 
4 46 52 (-779 192 80 ) (-780 192 80 ) (-780 192 45 ) (-779 192 45 ) 
4 46 51 (-780 192 80 ) (-787 192 80 ) (-787 192 45 ) (-780 192 45 ) 
4 46 47 (-772 194 45 ) (-760.001953 197.427734 45 ) (-760.001953 197.427734 80 ) (-772 194 80 ) 
4 48 123 (0 0 45 ) (0 0 80 ) (-668 0 80 ) (-668 0 45 ) 
10 48 71 (-712 29.333338 45 ) (-860 128 45 ) (-852 138 45 ) (-842 148 45 ) (-832 156 45 ) (-808 172 45 ) (-796 178 45 ) (-752.034973 190.561447 45 ) (-741.965149 192 45 ) (-712 192 45 ) 
5 48 67 (-424 0 45 ) (-668 0 45 ) (-712 29.333338 45 ) (-712 77 45 ) (-424 77 45 ) 
4 48 63 (0 192 45 ) (0 0 45 ) (-424 0 45 ) (-424 192 45 ) 
4 48 58 (-860.002014 127.997452 45 ) (-668.005859 0 45 ) (-668.006226 0 80 ) (-860.002075 127.997459 80 ) 
4 48 49 (-752.029297 190.562500 80 ) (-752.029297 190.562500 45 ) (-782.016174 181.994614 45 ) (-782.016174 181.994614 80 ) 
4 49 72 (-770 186 45 ) (-756.034729 189.990051 45 ) (-752.034973 190.561447 45 ) (-782 182 45 ) 
4 50 60 (-867.002869 132.664673 45 ) (-866.001770 131.997299 45 ) (-866.001770 131.997284 80 ) (-867.002869 132.664658 80 ) 
4 50 54 (-864.401428 134.397812 45 ) (-866.996094 132.667969 45 ) (-866.996094 132.667969 80 ) (-864.401428 134.397812 80 ) 
4 51 56 (-787 192 80 ) (-787 192 45 ) (-792 188 45 ) (-792 188 80 ) 
4 51 52 (-786.013977 189.995987 45 ) (-780.001953 192 45 ) (-780.001953 192 80 ) (-786.013977 189.995987 80 ) 
4 53 60 (-896 151.996094 80 ) (-896 151.996094 45 ) (-868.402344 133.597656 45 ) (-868.402344 133.597641 80 ) 
4 53 55 (-810 192 45 ) (-810 192 80 ) (-848 154 80 ) (-848 154 45 ) 
4 53 54 (-858 144 80 ) (-868.399963 133.599991 80 ) (-868.399963 133.599991 45 ) (-858 144 45 ) 
4 54 60 (-868.402344 133.597656 45 ) (-867.002869 132.664673 45 ) (-867.002869 132.664658 80 ) (-868.402344 133.597641 80 ) 
4 55 57 (-824.001343 172 45 ) (-813.334106 180.888641 45 ) (-813.334106 180.888641 80 ) (-824.001343 172 80 ) 
4 55 56 (-813.334106 180.888641 45 ) (-800 192 45 ) (-800 192 80 ) (-813.334106 180.888641 80 ) 
4 56 57 (-813.337891 180.888672 80 ) (-813.337891 180.888672 45 ) (-797.996521 186.001984 45 ) (-797.996521 186.001984 80 ) 
4 58 123 (-668 0 136 ) (-896 0 136 ) (-896 0 45 ) (-668 0 45 ) 
4 58 73 (-894.571533 48 45 ) (-894 52 45 ) (-890 66 45 ) (-886 78 45 ) 
9 58 71 (-712 0 45 ) (-896 0 45 ) (-896 38 45 ) (-894.571533 48 45 ) (-886 78 45 ) (-880 96 45 ) (-876 104 45 ) (-860 128 45 ) (-712 29.333336 45 ) 
3 58 67 (-668 0 45 ) (-712 0 45 ) (-712 29.333336 45 ) 
4 58 59 (-880.001953 95.996162 136 ) (-880.001953 95.996170 45 ) (-885.996033 78.013977 45 ) (-885.996033 78.013969 136 ) 
3 59 71 (-882 92 45 ) (-880 96 45 ) (-886 78 45 ) 
4 62 129 (-1022 0 45 ) (-1008 0 45 ) (-1008 0 160 ) (-1022 0 160 ) 
4 62 103 (-1008 0 45 ) (-1022 0 45 ) (-1022 40 45 ) (-1008 40 45 ) 
4 63 123 (0 0 24 ) (0 0 45 ) (-424 0 45 ) (-424 0 24 ) 
4 63 68 (-424 192 24 ) (0 192 24 ) (0 0 24 ) (-424 0 24 ) 
4 63 65 (-424 192 27 ) (-424 192 24 ) (-424 79 24 ) (-424 77 27 ) 
3 63 64 (-424 79 24 ) (-424 77 24 ) (-424 77 27 ) 
4 63 67 (-424 77 24 ) (-424 0 24 ) (-424 0 45 ) (-424 77 45 ) 
3 64 90 (-712 79 24 ) (-712 77 24 ) (-712 77 27 ) 
4 64 69 (-704 79 24 ) (-432 79 24 ) (-432 77 24 ) (-704 77 24 ) 
4 64 68 (-432 79 24 ) (-424 79 24 ) (-424 77 24 ) (-432 77 24 ) 
4 64 70 (-712 77 24 ) (-712 79 24 ) (-704 79 24 ) (-704 77 24 ) 
3 64 66 (-710 79.001289 24 ) (-712 79.001289 24 ) (-712 77.001244 27 ) 
3 64 65 (-424 77.001282 27 ) (-424 79.001297 24 ) (-426 79.001297 24 ) 
4 64 67 (-712 77 27 ) (-712 77 24 ) (-424 77 24 ) (-424 77 27 ) 
4 65 68 (-426 192 24 ) (-424 192 24 ) (-424 79 24 ) (-426 79 24 ) 
4 66 90 (-712 192 27 ) (-712 192 24 ) (-712 79 24 ) (-712 77 27 ) 
4 66 70 (-712 79 24 ) (-712 192 24 ) (-710 192 24 ) (-710 79 24 ) 
4 67 123 (-424 0 45 ) (-712 0 45 ) (-712 0 24 ) (-424 0 24 ) 
4 67 90 (-712 77 24 ) (-712 0 24 ) (-712 0 28 ) (-712 77 28 ) 
4 67 84 (-712 0 28 ) (-712 0 29 ) (-712 77 29 ) (-712 77 28 ) 
4 67 81 (-712 0 29 ) (-712 0 37 ) (-712 77 37 ) (-712 77 29 ) 
4 67 75 (-712 0 37 ) (-712 0 38 ) (-712 77 38 ) (-712 77 37 ) 
4 67 71 (-712 0 38 ) (-712 0 45 ) (-712 77 45 ) (-712 77 38 ) 
4 67 69 (-704 77 24 ) (-432 77 24 ) (-432 0 24 ) (-704 0 24 ) 
4 67 68 (-432 77 24 ) (-424 77 24 ) (-424 0 24 ) (-432 0 24 ) 
4 67 70 (-712 0 24 ) (-712 77 24 ) (-704 77 24 ) (-704 0 24 ) 
4 68 123 (0 0 16 ) (0 0 24 ) (-432 0 24 ) (-432 0 16 ) 
4 68 69 (-432 0 24 ) (-432 85 24 ) (-432 85 16 ) (-432 0 16 ) 
4 69 123 (-432 0 24 ) (-704 0 24 ) (-704 0 16 ) (-432 0 16 ) 
4 69 70 (-704 0 24 ) (-704 85 24 ) (-704 85 16 ) (-704 0 16 ) 
4 70 123 (-704 0 24 ) (-712 0 24 ) (-712 0 16 ) (-704 0 16 ) 
4 70 100 (-712 192 19 ) (-712 192 16 ) (-712 0 16 ) (-712 0 19 ) 
4 70 95 (-712 176 19 ) (-712 0 19 ) (-712 0 20 ) (-712 176 20 ) 
4 70 93 (-712 192 20 ) (-712 192 19 ) (-712 176 19 ) (-712 176 20 ) 
4 70 90 (-712 192 24 ) (-712 192 20 ) (-712 0 20 ) (-712 0 24 ) 
4 71 123 (-712 0 45 ) (-896 0 45 ) (-896 0 38 ) (-712 0 38 ) 
15 71 78 (-896 0 38 ) (-896 38.007813 38 ) (-894.573364 47.993126 38 ) (-882 92 38 ) (-876 104 38 ) (-860 128 38 ) (-852 138 38 ) (-842 148 38 ) (-832 156 38 ) (-808 172 38 ) (-796 178 38 ) (-752.035034 190.561447 38 ) (-741.965149 192 38 ) (-726 192 38 ) (-726 0 38 ) 
4 71 77 (-715 0 38 ) (-726 0 38 ) (-726 89 38 ) (-715 89 38 ) 
4 71 76 (-726 89 38 ) (-726 190 38 ) (-715 190 38 ) (-715 89 38 ) 
4 71 75 (-712 190 38 ) (-712 0 38 ) (-715 0 38 ) (-715 190 38 ) 
4 71 74 (-726 192 38 ) (-712 192 38 ) (-712 190 38 ) (-726 190 38 ) 
4 71 73 (-886.001587 77.995193 38 ) (-894.571289 48.001289 38 ) (-894.571289 48.001289 45 ) (-886.001587 77.995193 45 ) 
4 71 72 (-752.035034 190.561279 45 ) (-752.035034 190.561279 38 ) (-782.002808 182 38 ) (-782.002808 182 45 ) 
4 72 80 (-770 186 38 ) (-756.034607 189.990082 38 ) (-752.035034 190.561447 38 ) (-782 182 38 ) 
4 73 79 (-894.573364 47.993126 38 ) (-894.001770 51.993919 38 ) (-890 66 38 ) (-886 78 38 ) 
4 74 81 (-726 192 37 ) (-712 192 37 ) (-712 190 37 ) (-726 190 37 ) 
4 74 78 (-726 192 37 ) (-726 190 37 ) (-726 190 38 ) (-726 192 38 ) 
4 74 76 (-726 190 38 ) (-726 190 37 ) (-715 190 37 ) (-715 190 38 ) 
4 74 75 (-715 190 37 ) (-712 190 37 ) (-712 190 38 ) (-715 190 38 ) 
4 75 123 (-715 0 37 ) (-712 0 37 ) (-712 0 38 ) (-715 0 38 ) 
4 75 81 (-712 190 37 ) (-712 0 37 ) (-715 0 37 ) (-715 190 37 ) 
4 75 77 (-715 89 37 ) (-715 0 37 ) (-715 0 38 ) (-715 89 38 ) 
4 75 76 (-715 190 38 ) (-715 190 37 ) (-715 89 37 ) (-715 89 38 ) 
4 76 81 (-726 89 37 ) (-726 190 37 ) (-715 190 37 ) (-715 89 37 ) 
4 76 78 (-726 190 37 ) (-726 89 37 ) (-726 89 38 ) (-726 190 38 ) 
4 76 77 (-726 89 38 ) (-726 89 37 ) (-715 89 37 ) (-715 89 38 ) 
4 77 123 (-726 0 37 ) (-715 0 37 ) (-715 0 38 ) (-726 0 38 ) 
4 77 81 (-715 0 37 ) (-726 0 37 ) (-726 89 37 ) (-715 89 37 ) 
4 77 78 (-726 89 37 ) (-726 0 37 ) (-726 0 38 ) (-726 89 38 ) 
4 78 123 (-896 0 38 ) (-896 0 37 ) (-726 0 37 ) (-726 0 38 ) 
15 78 81 (-896 0 37 ) (-896 38.007813 37 ) (-894.573364 47.993126 37 ) (-882 92 37 ) (-876 104 37 ) (-860 128 37 ) (-852 138 37 ) (-842 148 37 ) (-832 156 37 ) (-808 172 37 ) (-796 178 37 ) (-752.035034 190.561447 37 ) (-741.965149 192 37 ) (-726 192 37 ) (-726 0 37 ) 
4 78 80 (-752.029297 190.562500 38 ) (-752.029297 190.562500 37 ) (-782.011658 181.996124 37 ) (-782.011658 181.996124 38 ) 
4 78 79 (-886.008667 77.973900 37 ) (-894.570190 48.008743 37 ) (-894.570313 48.007813 38 ) (-886.006714 77.979675 38 ) 
4 79 83 (-894.573364 47.993126 37 ) (-894.001770 51.993916 37 ) (-890 66 37 ) (-886 78 37 ) 
4 80 82 (-770 186 37 ) (-756.034790 189.990051 37 ) (-752.035034 190.561447 37 ) (-782 182 37 ) 
4 81 123 (-896 0 37 ) (-896 0 29 ) (-712 0 29 ) (-712 0 37 ) 
15 81 87 (-896 0 29 ) (-896 38.007813 29 ) (-894.573364 47.993126 29 ) (-882 92 29 ) (-876 104 29 ) (-860 128 29 ) (-852 138 29 ) (-842 148 29 ) (-832 156 29 ) (-808 172 29 ) (-796 178 29 ) (-752.035034 190.561447 29 ) (-741.965149 192 29 ) (-739 192 29 ) (-739 0 29 ) 
4 81 86 (-728 89 29 ) (-728 0 29 ) (-739 0 29 ) (-739 89 29 ) 
4 81 85 (-739 192 29 ) (-728 192 29 ) (-728 89 29 ) (-739 89 29 ) 
4 81 84 (-728 192 29 ) (-712 192 29 ) (-712 0 29 ) (-728 0 29 ) 
4 81 83 (-886.001587 77.995193 29 ) (-894.571289 48.001289 29 ) (-894.572266 47.996094 37 ) (-886 78.001152 37 ) 
4 81 82 (-752.035034 190.561279 37 ) (-752.035034 190.561279 29 ) (-782.002808 182 29 ) (-782.002808 182 37 ) 
4 82 89 (-770 186 29 ) (-756.034607 189.990082 29 ) (-752.035034 190.561447 29 ) (-782 182 29 ) 
4 83 88 (-894.573364 47.993126 29 ) (-894.001770 51.993919 29 ) (-890 66 29 ) (-886 78 29 ) 
4 84 123 (-728 0 28 ) (-712 0 28 ) (-712 0 29 ) (-728 0 29 ) 
4 84 90 (-728 192 28 ) (-712 192 28 ) (-712 0 28 ) (-728 0 28 ) 
4 84 86 (-728 89 28 ) (-728 0 28 ) (-728 0 29 ) (-728 89 29 ) 
4 84 85 (-728 192 28 ) (-728 89 28 ) (-728 89 29 ) (-728 192 29 ) 
4 85 90 (-739 192 28 ) (-728 192 28 ) (-728 89 28 ) (-739 89 28 ) 
4 85 87 (-739 192 28 ) (-739 89 28 ) (-739 89 29 ) (-739 192 29 ) 
4 85 86 (-739 89 29 ) (-739 89 28 ) (-728 89 28 ) (-728 89 29 ) 
4 86 123 (-739 0 28 ) (-728 0 28 ) (-728 0 29 ) (-739 0 29 ) 
4 86 90 (-728 89 28 ) (-728 0 28 ) (-739 0 28 ) (-739 89 28 ) 
4 86 87 (-739 89 28 ) (-739 0 28 ) (-739 0 29 ) (-739 89 29 ) 
4 87 123 (-896 0 29 ) (-896 0 28 ) (-739 0 28 ) (-739 0 29 ) 
15 87 90 (-896 0 28 ) (-896 38.007813 28 ) (-894.573364 47.993126 28 ) (-882 92 28 ) (-876 104 28 ) (-860 128 28 ) (-852 138 28 ) (-842 148 28 ) (-832 156 28 ) (-808 172 28 ) (-796 178 28 ) (-752.034912 190.561447 28 ) (-741.965027 192 28 ) (-739 192 28 ) (-739 0 28 ) 
4 87 89 (-752.029297 190.562500 29 ) (-752.029297 190.562500 28 ) (-782.011658 181.996124 28 ) (-782.011658 181.996124 29 ) 
4 87 88 (-886.008667 77.973900 28 ) (-894.570190 48.008743 28 ) (-894.570313 48.007813 29 ) (-886.006714 77.979675 29 ) 
4 88 91 (-894.573364 47.993126 28 ) (-894.001770 51.993916 28 ) (-890 66 28 ) (-886 78 28 ) 
4 89 92 (-770.001038 186 28 ) (-756.034668 189.990051 28 ) (-752.034912 190.561447 28 ) (-782 182 28 ) 
4 90 123 (-896 0 28 ) (-896 0 20 ) (-712 0 20 ) (-712 0 28 ) 
13 90 98 (-896 0 20 ) (-896 38.007813 20 ) (-894.573364 47.993126 20 ) (-882 92 20 ) (-876 104 20 ) (-860 128 20 ) (-852 138 20 ) (-842 148 20 ) (-832 156 20 ) (-808 172 20 ) (-800 176 20 ) (-752 176 20 ) (-752 0 20 ) 
4 90 97 (-741 89 20 ) (-741 0 20 ) (-752 0 20 ) (-752 89 20 ) 
4 90 96 (-752 176 20 ) (-741 176 20 ) (-741 89 20 ) (-752 89 20 ) 
4 90 95 (-741 176 20 ) (-712 176 20 ) (-712 0 20 ) (-741 0 20 ) 
6 90 93 (-800 176 20 ) (-796 178 20 ) (-752.035034 190.561447 20 ) (-741.965149 192 20 ) (-712 192 20 ) (-712 176 20 ) 
4 90 92 (-752.029297 190.562500 28 ) (-752.029297 190.562500 20 ) (-782.011658 181.996124 20 ) (-782.011658 181.996124 28 ) 
4 90 91 (-886.008667 77.973900 20 ) (-894.570190 48.008743 20 ) (-894.570313 48.007813 28 ) (-886.006714 77.979675 28 ) 
4 91 99 (-894.573364 47.993126 20 ) (-894.001770 51.993916 20 ) (-890 66 20 ) (-886 78 20 ) 
4 92 94 (-770 186 20 ) (-756.034790 189.990051 20 ) (-752.035034 190.561447 20 ) (-782 182 20 ) 
6 93 100 (-741.965088 192 19 ) (-712 192 19 ) (-712 176 19 ) (-800 176 19 ) (-796 178 19 ) (-752.034973 190.561447 19 ) 
4 93 98 (-800 176 19 ) (-752 176 19 ) (-752 176 20 ) (-800 176 20 ) 
4 93 96 (-752 176 19 ) (-741 176 19 ) (-741 176 20 ) (-752 176 20 ) 
4 93 95 (-741 176 19 ) (-712 176 19 ) (-712 176 20 ) (-741 176 20 ) 
4 93 94 (-752.029297 190.562500 20 ) (-752.029297 190.562500 19 ) (-782.011658 181.996124 19 ) (-782.011658 181.996124 20 ) 
4 94 102 (-770 186 19 ) (-756.034729 189.990051 19 ) (-752.034973 190.561447 19 ) (-782 182 19 ) 
4 95 123 (-741 0 19 ) (-712 0 19 ) (-712 0 20 ) (-741 0 20 ) 
4 95 100 (-741 176 19 ) (-712 176 19 ) (-712 0 19 ) (-741 0 19 ) 
4 95 97 (-741 89 19 ) (-741 0 19 ) (-741 0 20 ) (-741 89 20 ) 
4 95 96 (-741 176 20 ) (-741 176 19 ) (-741 89 19 ) (-741 89 20 ) 
4 96 100 (-752 176 19 ) (-741 176 19 ) (-741 89 19 ) (-752 89 19 ) 
4 96 98 (-752 176 20 ) (-752 176 19 ) (-752 89 19 ) (-752 89 20 ) 
4 96 97 (-752 89 20 ) (-752 89 19 ) (-741 89 19 ) (-741 89 20 ) 
4 97 123 (-752 0 19 ) (-741 0 19 ) (-741 0 20 ) (-752 0 20 ) 
4 97 100 (-741 89 19 ) (-741 0 19 ) (-752 0 19 ) (-752 89 19 ) 
4 97 98 (-752 89 19 ) (-752 0 19 ) (-752 0 20 ) (-752 89 20 ) 
4 98 123 (-896 0 20 ) (-896 0 19 ) (-752 0 19 ) (-752 0 20 ) 
13 98 100 (-896 0 19 ) (-896 38.007813 19 ) (-894.573364 47.993126 19 ) (-882 92 19 ) (-876 104 19 ) (-860 128 19 ) (-852 138 19 ) (-842 148 19 ) (-832 156 19 ) (-808 172 19 ) (-800 176 19 ) (-752 176 19 ) (-752 0 19 ) 
4 98 99 (-886.003906 77.988205 19 ) (-894.570923 48.003643 19 ) (-894.572266 47.992188 20 ) (-885.991882 78.024261 20 ) 
4 99 101 (-894.573364 47.993126 19 ) (-894.001770 51.993919 19 ) (-890 66 19 ) (-886 78 19 ) 
4 100 123 (-896 0 19 ) (-896 0 16 ) (-712 0 16 ) (-712 0 19 ) 
4 100 102 (-752.029297 190.562500 19 ) (-752.029297 190.562500 16 ) (-782.011658 181.996124 16 ) (-782.011658 181.996124 19 ) 
4 100 101 (-894.570313 48.007813 16 ) (-894.570313 48.007813 19 ) (-886.006714 77.979675 19 ) (-886.006714 77.979675 16 ) 
4 103 129 (-1008 0 45 ) (-1022 0 45 ) (-1022 0 16 ) (-1008 0 16 ) 
4 104 143 (-1195 0 199 ) (-1195 0 173 ) (-1116 0 173 ) (-1116 0 199 ) 
4 104 141 (-1116 0 173 ) (-1076 0 173 ) (-1076 0 199 ) (-1116 0 199 ) 
4 104 106 (-1116 28 173 ) (-1076 28 173 ) (-1076 0 173 ) (-1116 0 173 ) 
4 104 105 (-1195 28 173 ) (-1195 0 173 ) (-1195 0 199 ) (-1195 28 199 ) 
4 105 143 (-1235 0 199 ) (-1235 0 173 ) (-1195 0 173 ) (-1195 0 199 ) 
4 105 142 (-1195 0 256 ) (-1235 0 256 ) (-1235 0 199 ) (-1195 0 199 ) 
4 105 107 (-1235 28 199 ) (-1235 28 173 ) (-1235 0 173 ) (-1235 0 199 ) 
4 106 141 (-1116 0 160 ) (-1076 0 160 ) (-1076 0 173 ) (-1116 0 173 ) 
4 106 110 (-1076 0 160 ) (-1116 0 160 ) (-1116 28 160 ) (-1076 28 160 ) 
6 107 144 (-1256 0 198 ) (-1256 0 174 ) (-1248 0 173 ) (-1235 0 173 ) (-1235 0 199 ) (-1248 0 199 ) 
4 107 108 (-1256 0 174 ) (-1256 0 198 ) (-1256 21 198 ) (-1256 21 174 ) 
4 108 145 (-1264 0 173 ) (-1256 0 173 ) (-1256 0 199 ) (-1264 0 199 ) 
4 108 109 (-1264 28 173 ) (-1264 0 173 ) (-1264 0 199 ) (-1264 28 199 ) 
4 109 146 (-1824 0 199 ) (-1824 0 173 ) (-1264 0 173 ) (-1264 0 199 ) 
4 110 147 (-1064 0 160 ) (-1280 0 160 ) (-1280 0 16 ) (-1064 0 16 ) 
4 111 123 (0 0 227 ) (0 0 16 ) (0 -320 16 ) (0 -320 227 ) 
4 111 121 (0 -106 227 ) (0 -110 227 ) (0 -126 248 ) (0 -106 248 ) 
4 111 120 (0 -110 227 ) (0 -320 227 ) (0 -320 248 ) (0 -126 248 ) 
4 111 117 (0 -56 227 ) (0 -106 227 ) (0 -106 248 ) (0 -56 248 ) 
4 111 116 (0 -52 227 ) (0 -56 227 ) (0 -56 248 ) (0 -36 248 ) 
4 111 114 (0 0 248 ) (0 0 227 ) (0 -52 227 ) (0 -36 248 ) 
4 112 113 (-108 -56 255 ) (-108 -56 250 ) (-58 -56 250 ) (-58 -56 255 ) 
4 113 118 (-108 -106 248 ) (-108 -56 248 ) (-58 -56 248 ) (-58 -106 248 ) 
4 114 123 (-896 -52 227 ) (-896 0 227 ) (0 0 227 ) (0 -52 227 ) 
4 114 116 (-54 -51.996559 227 ) (0 -51.996559 227 ) (0 -35.996105 248 ) (-38 -35.996105 248 ) 
4 114 115 (-896 -35.996094 248 ) (-896 -51.996552 227 ) (-112 -51.996559 227 ) (-128 -35.996105 248 ) 
4 115 123 (-896 -56 227 ) (-896 -52 227 ) (-112 -52 227 ) (-112 -56 227 ) 
4 115 119 (-896 -56 248 ) (-896 -56 227 ) (-112 -56 227 ) (-128 -56 248 ) 
4 116 123 (-54 -52 227 ) (0 -52 227 ) (0 -56 227 ) (-54 -56 227 ) 
4 116 117 (-54 -56 227 ) (0 -56 227 ) (0 -56 248 ) (-38 -56 248 ) 
4 117 123 (-54 -56 227 ) (0 -56 227 ) (0 -106 227 ) (-54 -106 227 ) 
4 117 121 (-54 -106 227 ) (0 -106 227 ) (0 -106 248 ) (-38 -106 248 ) 
4 118 123 (-108 -56 227 ) (-58 -56 227 ) (-58 -106 227 ) (-108 -106 227 ) 
4 119 124 (-896 -56 240 ) (-896 -56 227 ) (-896 -96 227 ) (-896 -96 240 ) 
4 119 123 (-896 -106 227 ) (-896 -56 227 ) (-112 -56 227 ) (-112 -106 227 ) 
4 119 122 (-896 -106 248 ) (-896 -106 227 ) (-112 -106 227 ) (-128 -106 248 ) 
4 120 123 (-896 -320 227 ) (-896 -110 227 ) (0 -110 227 ) (0 -320 227 ) 
4 120 122 (-112 -109.998512 227 ) (-896 -109.998489 227 ) (-896 -125.998489 248 ) (-128 -125.998512 248 ) 
4 120 121 (0 -109.998512 227 ) (-54 -109.998512 227 ) (-38 -125.998512 248 ) (0 -125.998512 248 ) 
4 121 123 (-54 -106 227 ) (0 -106 227 ) (0 -110 227 ) (-54 -110 227 ) 
4 122 123 (-896 -110 227 ) (-896 -106 227 ) (-112 -106 227 ) (-112 -110 227 ) 
3 123 127 (-896 -128 174 ) (-896 -128 164 ) (-896 -144 164 ) 
4 123 128 (-896 -128 16 ) (-896 -208 16 ) (-896 -208 164 ) (-896 -128 164 ) 
4 123 126 (-896 -16 16 ) (-896 -128 16 ) (-896 -128 208 ) (-896 -16 208 ) 
4 123 125 (-896 -10 16 ) (-896 -16 16 ) (-896 -16 208 ) (-896 -10 208 ) 
4 123 124 (-896 -96 227 ) (-896 -56 227 ) (-896 -56 208 ) (-896 -96 208 ) 
4 124 126 (-896 -56 208 ) (-896 -96 208 ) (-920 -96 208 ) (-920 -56 208 ) 
4 125 126 (-904 -16 16 ) (-896 -16 16 ) (-896 -16 208 ) (-904 -16 208 ) 
4 126 136 (-986 -40 16 ) (-986 -128 16 ) (-986 -128 122 ) (-986 -40 122 ) 
4 126 135 (-986 -56 194 ) (-986 -56 164 ) (-986 -96 164 ) (-986 -96 194 ) 
4 126 130 (-986 -39 16 ) (-986 -40 16 ) (-986 -40 122 ) (-986 -39 122 ) 
4 126 127 (-896 -128 164 ) (-896 -128 174 ) (-986 -128 174 ) (-986 -128 164 ) 
4 126 128 (-986 -128 16 ) (-896 -128 16 ) (-896 -128 164 ) (-986 -128 164 ) 
4 127 128 (-986 -144 164 ) (-986 -128 164 ) (-896 -128 164 ) (-896 -144 164 ) 
4 128 136 (-986 -128 16 ) (-986 -208 16 ) (-986 -208 122 ) (-986 -128 122 ) 
4 129 133 (-1018 -28 16 ) (-1008 -28 16 ) (-1008 -28 122 ) (-1018 -28 122 ) 
4 129 131 (-1020 -28 143 ) (-1020 -28 122 ) (-1008 -28 122 ) (-1008 -28 143 ) 
4 130 136 (-986 -40 16 ) (-986 -40 122 ) (-987 -40 122 ) (-987 -40 16 ) 
3 131 134 (-1020 -40 122 ) (-1018 -38 122 ) (-1018 -40 122 ) 
3 131 132 (-1006 -40 122 ) (-1008 -40 122 ) (-1008 -38 122 ) 
4 131 133 (-1018 -28 122 ) (-1008 -28 122 ) (-1008 -40 122 ) (-1018 -40 122 ) 
4 132 136 (-1006 -40 16 ) (-1006 -40 122 ) (-1008 -40 122 ) (-1008 -40 16 ) 
4 132 133 (-1008 -38 16 ) (-1008 -40 16 ) (-1008 -40 122 ) (-1008 -38 122 ) 
4 133 136 (-1008 -40 122 ) (-1018 -40 122 ) (-1018 -40 16 ) (-1008 -40 16 ) 
4 133 134 (-1018 -38 16 ) (-1018 -40 16 ) (-1018 -40 122 ) (-1018 -38 122 ) 
4 134 136 (-1018 -40 122 ) (-1020 -40 122 ) (-1020 -40 16 ) (-1018 -40 16 ) 
4 135 157 (-1024 -56 194 ) (-1024 -56 164 ) (-1024 -96 164 ) (-1024 -96 194 ) 
4 136 159 (-1024 -208 16 ) (-1024 -208 122 ) (-1024 -40 122 ) (-1024 -40 16 ) 
4 136 139 (-1018 -208 122 ) (-1020 -208 122 ) (-1020 -208 16 ) (-1018 -208 16 ) 
4 136 138 (-1008 -208 122 ) (-1018 -208 122 ) (-1018 -208 16 ) (-1008 -208 16 ) 
4 136 137 (-1006 -208 122 ) (-1008 -208 122 ) (-1008 -208 16 ) (-1006 -208 16 ) 
4 137 138 (-1008 -208 16 ) (-1008 -210 16 ) (-1008 -210 122 ) (-1008 -208 122 ) 
4 138 139 (-1018 -208 16 ) (-1018 -210 16 ) (-1018 -210 122 ) (-1018 -208 122 ) 
4 138 140 (-1018 -220 16 ) (-1008 -220 16 ) (-1008 -220 122 ) (-1018 -220 122 ) 
4 141 147 (-1116 -12 160 ) (-1116 0 160 ) (-1076 0 160 ) (-1076 -12 160 ) 
4 141 143 (-1116 -12 173 ) (-1116 -12 199 ) (-1116 0 199 ) (-1116 0 173 ) 
4 142 143 (-1195 -12 199 ) (-1235 -12 199 ) (-1235 0 199 ) (-1195 0 199 ) 
4 143 144 (-1235 -12 173 ) (-1235 -12 199 ) (-1235 0 199 ) (-1235 0 173 ) 
4 144 145 (-1256 -4 174 ) (-1256 -4 198 ) (-1256 0 198 ) (-1256 0 174 ) 
4 145 146 (-1264 0 173 ) (-1264 -12 173 ) (-1264 -12 199 ) (-1264 0 199 ) 
4 147 148 (-1256 -28 16 ) (-1064 -28 16 ) (-1064 -28 143 ) (-1256 -28 143 ) 
4 148 154 (-1254 -33 16 ) (-1249 -33 16 ) (-1249 -33 125 ) (-1254 -33 125 ) 
4 148 153 (-1249 -33 16 ) (-1200 -33 16 ) (-1200 -33 125 ) (-1249 -33 125 ) 
4 148 155 (-1256 -33 125 ) (-1256 -33 16 ) (-1254 -33 16 ) (-1254 -33 125 ) 
4 148 151 (-1254 -33 125 ) (-1200 -33 125 ) (-1200 -33 142 ) (-1254 -33 142 ) 
4 148 150 (-1200 -33 142 ) (-1200 -33 143 ) (-1254 -33 143 ) (-1254 -33 142 ) 
4 148 152 (-1256 -33 143 ) (-1256 -33 125 ) (-1254 -33 125 ) (-1254 -33 143 ) 
4 148 149 (-1200 -33 16 ) (-1064 -33 16 ) (-1064 -33 143 ) (-1200 -33 143 ) 
4 149 153 (-1200 -33 125 ) (-1200 -33 16 ) (-1200 -35 16 ) (-1200 -35 125 ) 
4 149 151 (-1200 -33 142 ) (-1200 -33 125 ) (-1200 -35 125 ) (-1200 -35 142 ) 
4 149 150 (-1200 -33 143 ) (-1200 -33 142 ) (-1200 -35 142 ) (-1200 -35 143 ) 
4 149 156 (-1200 -35 16 ) (-1064 -35 16 ) (-1064 -35 143 ) (-1200 -35 143 ) 
4 150 152 (-1254 -33 143 ) (-1254 -33 142 ) (-1254 -35 142 ) (-1254 -35 143 ) 
4 150 156 (-1200 -35 142 ) (-1200 -35 143 ) (-1254 -35 143 ) (-1254 -35 142 ) 
4 150 151 (-1254 -35 142 ) (-1254 -33 142 ) (-1200 -33 142 ) (-1200 -35 142 ) 
4 151 154 (-1254 -33 125 ) (-1249 -33 125 ) (-1249 -35 125 ) (-1254 -35 125 ) 
4 151 153 (-1249 -33 125 ) (-1200 -33 125 ) (-1200 -35 125 ) (-1249 -35 125 ) 
4 151 152 (-1254 -33 142 ) (-1254 -33 125 ) (-1254 -35 125 ) (-1254 -35 142 ) 
4 151 156 (-1254 -35 125 ) (-1200 -35 125 ) (-1200 -35 142 ) (-1254 -35 142 ) 
4 152 155 (-1256 -33 125 ) (-1254 -33 125 ) (-1254 -35 125 ) (-1256 -35 125 ) 
4 152 156 (-1256 -35 143 ) (-1256 -35 125 ) (-1254 -35 125 ) (-1254 -35 143 ) 
4 153 156 (-1249 -35 16 ) (-1200 -35 16 ) (-1200 -35 125 ) (-1249 -35 125 ) 
4 153 154 (-1249 -35 16 ) (-1249 -35 125 ) (-1249 -33 125 ) (-1249 -33 16 ) 
4 154 155 (-1254 -35 16 ) (-1254 -35 125 ) (-1254 -33 125 ) (-1254 -33 16 ) 
4 154 156 (-1254 -35 16 ) (-1249 -35 16 ) (-1249 -35 125 ) (-1254 -35 125 ) 
4 155 156 (-1256 -35 125 ) (-1256 -35 16 ) (-1254 -35 16 ) (-1254 -35 125 ) 
4 156 160 (-1256 -40 16 ) (-1064 -40 16 ) (-1064 -40 143 ) (-1256 -40 143 ) 
4 157 160 (-1056 -56 164 ) (-1056 -96 164 ) (-1056 -96 194 ) (-1056 -56 194 ) 
4 158 160 (-1056 -40 123 ) (-1056 -40 122 ) (-1056 -208 122 ) (-1056 -208 123 ) 
4 158 159 (-1055 -208 122 ) (-1056 -208 122 ) (-1056 -40 122 ) (-1055 -40 122 ) 
4 159 160 (-1056 -40 122 ) (-1056 -40 16 ) (-1056 -208 16 ) (-1056 -208 122 ) 
4 160 187 (-1293 -40 122 ) (-1293 -40 16 ) (-1293 -208 16 ) (-1293 -208 122 ) 
4 160 186 (-1293 -160 122 ) (-1293 -208 122 ) (-1293 -208 123 ) (-1293 -160 123 ) 
4 160 185 (-1293 -40 123 ) (-1293 -40 122 ) (-1293 -160 122 ) (-1293 -160 123 ) 
4 160 184 (-1293 -197 128 ) (-1293 -198 128 ) (-1293 -198 177 ) (-1293 -197 177 ) 
4 160 165 (-1293 -160 128 ) (-1293 -197 128 ) (-1293 -197 166 ) (-1293 -160 166 ) 
4 160 161 (-1293 -197 166 ) (-1293 -197 177 ) (-1293 -160 177 ) (-1293 -160 166 ) 
4 161 184 (-1299 -197 166 ) (-1293 -197 166 ) (-1293 -197 177 ) (-1299 -197 177 ) 
4 161 172 (-1299 -162.516159 166 ) (-1299 -160 166 ) (-1298 -160 166 ) (-1298 -162.516159 166 ) 
4 161 171 (-1299 -181.837479 166 ) (-1299 -162.516159 166 ) (-1298 -162.516159 166 ) (-1298 -181.837463 166 ) 
4 161 170 (-1299 -187.558319 166 ) (-1299 -181.837479 166 ) (-1298 -181.837463 166 ) (-1298 -187.558319 166 ) 
4 161 169 (-1299 -194.438904 166 ) (-1299 -187.558319 166 ) (-1298 -187.558319 166 ) (-1298 -194.438904 166 ) 
4 161 168 (-1298 -197 166 ) (-1299 -197 166 ) (-1299 -194.438904 166 ) (-1298 -194.438904 166 ) 
4 161 165 (-1293 -197 166 ) (-1298 -197 166 ) (-1298 -160 166 ) (-1293 -160 166 ) 
4 161 163 (-1299 -172 176 ) (-1299 -172 177 ) (-1299 -162 177 ) (-1299 -162 176 ) 
4 161 162 (-1299 -160 166 ) (-1299 -162 166 ) (-1299 -162 177 ) (-1299 -160 177 ) 
4 161 164 (-1299 -172 166 ) (-1299 -197 166 ) (-1299 -197 177 ) (-1299 -172 177 ) 
4 162 172 (-1300 -162 166 ) (-1300 -160 166 ) (-1299 -160 166 ) (-1299 -162 166 ) 
4 162 163 (-1300 -162 177 ) (-1300 -162 176 ) (-1299 -162 176 ) (-1299 -162 177 ) 
4 163 164 (-1300 -172 177 ) (-1300 -172 176 ) (-1299 -172 176 ) (-1299 -172 177 ) 
4 164 184 (-1300 -197 177 ) (-1300 -197 166 ) (-1299 -197 166 ) (-1299 -197 177 ) 
4 164 171 (-1300 -181.837479 166 ) (-1300 -172 166 ) (-1299 -172 166 ) (-1299 -181.837479 166 ) 
4 164 170 (-1300 -187.558319 166 ) (-1300 -181.837479 166 ) (-1299 -181.837479 166 ) (-1299 -187.558319 166 ) 
4 164 169 (-1300 -194.438904 166 ) (-1300 -187.558319 166 ) (-1299 -187.558319 166 ) (-1299 -194.438904 166 ) 
4 164 168 (-1299 -197 166 ) (-1300 -197 166 ) (-1300 -194.438904 166 ) (-1299 -194.438904 166 ) 
4 165 184 (-1298 -197 128 ) (-1293 -197 128 ) (-1293 -197 166 ) (-1298 -197 166 ) 
3 165 183 (-1298 -171.703003 128.973007 ) (-1298 -173.162506 128 ) (-1298 -179.485992 128 ) 
4 165 182 (-1298 -186.296997 128.973007 ) (-1298 -194.085678 130.085678 ) (-1298 -195 131 ) (-1298 -189.337494 131 ) 
4 165 181 (-1298 -197 136.108353 ) (-1298 -197 139 ) (-1298 -196.224991 139 ) (-1298 -192.134995 132.865005 ) 
4 165 180 (-1298 -197 133 ) (-1298 -197 136.108353 ) (-1298 -189.337494 131 ) (-1298 -195 131 ) 
3 165 179 (-1298 -165.865021 132.865005 ) (-1298 -169.108353 128 ) (-1298 -173.162506 128 ) 
3 165 178 (-1298 -161.973007 138.703003 ) (-1298 -163.311066 128 ) (-1298 -169.108353 128 ) 
3 165 177 (-1298 -197 139 ) (-1298 -197 145.513931 ) (-1298 -196.069427 139 ) 
4 165 176 (-1298 -161 146.485962 ) (-1298 -160 139.485962 ) (-1298 -160 128 ) (-1298 -163.311066 128 ) 
3 165 175 (-1298 -161.973022 153.297028 ) (-1298 -160 150.337494 ) (-1298 -160 139.485962 ) 
3 165 174 (-1298 -165.865005 159.135010 ) (-1298 -160 155.225006 ) (-1298 -160 150.337494 ) 
3 165 173 (-1298 -171.703003 163.026993 ) (-1298 -160 161.355133 ) (-1298 -160 155.225006 ) 
4 165 172 (-1298 -178.513977 164 ) (-1298 -162.516159 166 ) (-1298 -160 166 ) (-1298 -160 161.355133 ) 
3 165 171 (-1298 -186.296997 163.026993 ) (-1298 -181.837479 166 ) (-1298 -162.516159 166 ) 
3 165 170 (-1298 -192.134995 159.134979 ) (-1298 -187.558319 166 ) (-1298 -181.837479 166 ) 
3 165 169 (-1298 -196.026993 153.296997 ) (-1298 -194.438904 166 ) (-1298 -187.558319 166 ) 
3 165 168 (-1298 -197 145.513931 ) (-1298 -197 166 ) (-1298 -194.438904 166 ) 
3 165 167 (-1298 -179.485992 128 ) (-1298 -192 128 ) (-1298 -194.085678 130.085678 ) 
3 165 166 (-1298 -197 128 ) (-1298 -197 133 ) (-1298 -192 128 ) 
4 166 184 (-1300 -197 133 ) (-1300 -197 128 ) (-1298 -197 128 ) (-1298 -197 133 ) 
4 166 182 (-1298 -195 131 ) (-1298 -194.085678 130.085678 ) (-1300 -194.085678 130.085678 ) (-1300 -195 131 ) 
4 166 180 (-1298 -197 133 ) (-1298 -195 131 ) (-1299 -195 131 ) (-1299 -197 133 ) 
4 166 167 (-1298 -194.085678 130.085678 ) (-1298 -192 128 ) (-1300 -192 128 ) (-1300 -194.085678 130.085678 ) 
4 167 182 (-1300 -186.296799 128.972870 ) (-1300 -194.083939 130.085434 ) (-1298 -194.083939 130.085434 ) (-1298 -186.296997 128.973007 ) 
4 168 184 (-1300 -197 166 ) (-1300 -197 145.513931 ) (-1298 -197 145.513931 ) (-1298 -197 166 ) 
4 168 169 (-1298 -194.437988 166 ) (-1298 -196.026184 153.298203 ) (-1300 -196.026184 153.298203 ) (-1300 -194.437988 166 ) 
4 169 170 (-1298 -187.558594 166 ) (-1298 -192.134842 159.135101 ) (-1300 -192.134842 159.135101 ) (-1300 -187.558594 166 ) 
4 170 171 (-1300 -186.298340 163.026825 ) (-1300 -181.839844 166 ) (-1298 -181.839844 166 ) (-1298 -186.298340 163.026825 ) 
4 171 172 (-1300 -178.512314 164 ) (-1300 -162.511719 166 ) (-1298 -162.511719 166 ) (-1298 -178.512314 164 ) 
4 172 173 (-1300 -171.701874 163.026245 ) (-1300 -160 161.354538 ) (-1298 -160 161.354492 ) (-1298 -171.701843 163.026215 ) 
4 173 174 (-1300 -165.863647 159.132980 ) (-1300 -160 155.223816 ) (-1298 -160 155.223816 ) (-1298 -165.863647 159.132980 ) 
4 174 175 (-1298 -160 150.331802 ) (-1298 -161.972000 153.289871 ) (-1300 -161.972000 153.289871 ) (-1300 -160 150.331802 ) 
4 175 176 (-1298 -160 139.490005 ) (-1298 -161 146.488037 ) (-1300 -161 146.488037 ) (-1300 -160 139.490005 ) 
4 176 178 (-1298 -163.310913 128 ) (-1298 -161.972794 138.703339 ) (-1300 -161.972794 138.703339 ) (-1300 -163.310913 128 ) 
4 177 184 (-1300 -197 145.513931 ) (-1300 -197 139 ) (-1298 -197 139 ) (-1298 -197 145.513931 ) 
4 177 181 (-1298 -196.069427 139 ) (-1298 -197 139 ) (-1299 -197 139 ) (-1299 -196.069427 139 ) 
4 178 179 (-1298 -169.110229 128 ) (-1298 -165.868240 132.862854 ) (-1300 -165.868240 132.862854 ) (-1300 -169.110229 128 ) 
4 179 183 (-1300 -171.704910 128.972763 ) (-1300 -173.164063 128 ) (-1298 -173.164063 128 ) (-1298 -171.704910 128.972763 ) 
4 180 184 (-1299 -197 133 ) (-1298 -197 133 ) (-1298 -197 136.108353 ) (-1299 -197 136.108353 ) 
4 180 182 (-1298 -195 131 ) (-1299 -195 131 ) (-1299 -189.337494 131 ) (-1298 -189.337494 131 ) 
4 180 181 (-1299 -192.134705 132.864563 ) (-1299 -197 136.108093 ) (-1298 -197 136.108093 ) (-1298 -192.134705 132.864563 ) 
4 181 184 (-1299 -197 136.108353 ) (-1298 -197 136.108353 ) (-1298 -197 139 ) (-1299 -197 139 ) 
4 185 187 (-1294 -40 122 ) (-1293 -40 122 ) (-1293 -160 122 ) (-1294 -160 122 ) 
3 185 186 (-1294 -160 122 ) (-1293 -160 122 ) (-1293 -160 123 ) 
4 186 187 (-1294 -160 122 ) (-1293 -160 122 ) (-1293 -208 122 ) (-1294 -208 122 ) 
4 187 188 (-1320 -40 122 ) (-1320 -40 16 ) (-1320 -208 16 ) (-1320 -208 122 ) 
