PRT1
18
45
4 0 11 (352 0 96 ) (0 0 96 ) (0 0 -224 ) (352 0 -224 ) 
4 0 2 (0 0 -224 ) (0 0 96 ) (0 149 96 ) (0 149 -224 ) 
4 0 1 (0 149 96 ) (0 224 96 ) (0 224 -224 ) (0 149 -224 ) 
4 1 7 (-139 149 -190 ) (-139 149 96 ) (-174 149 96 ) (-174 149 -190 ) 
4 1 8 (-174 149 -224 ) (-139 149 -224 ) (-139 149 -216 ) (-174 149 -216 ) 
4 1 10 (-352 149 96 ) (-352 149 -224 ) (-174 149 -224 ) (-174 149 96 ) 
4 1 3 (-71 149 -224 ) (-57 149 -224 ) (-57 149 96 ) (-71 149 96 ) 
4 1 2 (-57 149 -224 ) (0 149 -224 ) (0 149 96 ) (-57 149 96 ) 
4 1 6 (-139 149 -224 ) (-71 149 -224 ) (-71 149 96 ) (-139 149 96 ) 
4 2 12 (0 0 -224 ) (0 0 96 ) (-57 0 96 ) (-57 0 -224 ) 
4 2 4 (-57 121 -223 ) (-57 121 96 ) (-57 135 96 ) (-57 135 -223 ) 
4 2 3 (-57 149 96 ) (-57 149 -224 ) (-57 135 -224 ) (-57 135 96 ) 
4 2 5 (-57 121 -224 ) (-57 0 -224 ) (-57 0 96 ) (-57 121 96 ) 
4 3 4 (-71 135 96 ) (-71 135 -223 ) (-57 135 -223 ) (-57 135 96 ) 
4 3 6 (-71 149 96 ) (-71 149 -224 ) (-71 135 -224 ) (-71 135 96 ) 
4 4 6 (-71 121 -223 ) (-71 121 96 ) (-71 135 96 ) (-71 135 -223 ) 
4 4 5 (-71 121 96 ) (-71 121 -223 ) (-57 121 -223 ) (-57 121 96 ) 
4 5 12 (-57 0 96 ) (-71 0 96 ) (-71 0 -224 ) (-57 0 -224 ) 
4 5 6 (-71 121 -224 ) (-71 0 -224 ) (-71 0 96 ) (-71 121 96 ) 
4 6 12 (-71 0 96 ) (-139 0 96 ) (-139 0 -224 ) (-71 0 -224 ) 
4 6 7 (-139 149 96 ) (-139 149 -190 ) (-139 95 -190 ) (-139 95 96 ) 
4 6 8 (-139 149 -216 ) (-139 149 -224 ) (-139 95 -224 ) (-139 95 -216 ) 
4 6 9 (-139 95 -224 ) (-139 0 -224 ) (-139 0 96 ) (-139 95 96 ) 
4 7 10 (-174 149 96 ) (-174 149 -190 ) (-174 95 -190 ) (-174 95 96 ) 
4 7 9 (-174 95 96 ) (-174 95 -190 ) (-139 95 -190 ) (-139 95 96 ) 
4 8 9 (-174 95 -216 ) (-174 95 -224 ) (-139 95 -224 ) (-139 95 -216 ) 
4 8 10 (-174 149 -216 ) (-174 149 -224 ) (-174 95 -224 ) (-174 95 -216 ) 
4 9 12 (-139 0 96 ) (-174 0 96 ) (-174 0 -224 ) (-139 0 -224 ) 
4 9 10 (-174 95 -224 ) (-174 0 -224 ) (-174 0 96 ) (-174 95 96 ) 
4 10 13 (-216 0 96 ) (-224 0 96 ) (-224 0 -224 ) (-216 0 -224 ) 
4 10 12 (-174 0 96 ) (-216 0 96 ) (-216 0 -224 ) (-174 0 -224 ) 
4 10 17 (-224 0 96 ) (-352 0 96 ) (-352 0 -224 ) (-224 0 -224 ) 
4 11 12 (0 0 96 ) (0 0 -224 ) (0 -224 -224 ) (0 -224 96 ) 
4 12 14 (-216 -24 -176 ) (-216 -24 96 ) (-216 -16 96 ) (-216 -16 -176 ) 
4 12 15 (-216 -16 -224 ) (-216 -24 -224 ) (-216 -24 -200 ) (-216 -16 -200 ) 
4 12 13 (-216 0 -224 ) (-216 -16 -224 ) (-216 -16 96 ) (-216 0 96 ) 
4 12 16 (-216 -24 -224 ) (-216 -224 -224 ) (-216 -224 96 ) (-216 -24 96 ) 
4 13 14 (-224 -16 96 ) (-224 -16 -176 ) (-216 -16 -176 ) (-216 -16 96 ) 
4 13 15 (-224 -16 -200 ) (-224 -16 -224 ) (-216 -16 -224 ) (-216 -16 -200 ) 
4 13 17 (-224 0 -224 ) (-224 -16 -224 ) (-224 -16 96 ) (-224 0 96 ) 
4 14 16 (-224 -24 96 ) (-224 -24 -176 ) (-216 -24 -176 ) (-216 -24 96 ) 
4 14 17 (-224 -24 -176 ) (-224 -24 96 ) (-224 -16 96 ) (-224 -16 -176 ) 
4 15 17 (-224 -16 -224 ) (-224 -24 -224 ) (-224 -24 -200 ) (-224 -16 -200 ) 
4 15 16 (-224 -24 -200 ) (-224 -24 -224 ) (-216 -24 -224 ) (-216 -24 -200 ) 
4 16 17 (-224 -24 -224 ) (-224 -224 -224 ) (-224 -224 96 ) (-224 -24 96 ) 
