PRT1
129
360
4 0 9 (4316 4096 2096.220215 ) (4096 4096 2096.220215 ) (4096 4096 -656 ) (4316 4096 -656 ) 
4 0 3 (4096 4096 -656 ) (4096 4096 2096.220215 ) (4096 5007 2096.220215 ) (4096 5007 -656 ) 
4 0 1 (4316 4096 -656 ) (4096 4096 -656 ) (4096 5007 -656 ) (4316 5007 -656 ) 
4 1 10 (4316 4096 -656 ) (4096 4096 -656 ) (4096 4096 -704 ) (4316 4096 -704 ) 
4 1 4 (4096 4096 -704 ) (4096 4096 -656 ) (4096 5007 -656 ) (4096 5007 -704 ) 
4 1 2 (4096 5007 -704 ) (4316 5007 -704 ) (4316 4096 -704 ) (4096 4096 -704 ) 
4 2 11 (4096 4096 -704 ) (4096 4096 -1641.220093 ) (4316 4096 -1641.220093 ) (4316 4096 -704 ) 
4 2 5 (4096 4096 -1641.220093 ) (4096 4096 -704 ) (4096 5007 -704 ) (4096 5007 -1641.220093 ) 
4 3 15 (4096 4096 -656 ) (4096 4096 2096.220215 ) (3072 4096 2096.220215 ) (3072 4096 -656 ) 
4 3 6 (3072 4096 -656 ) (3072 4096 2096.220215 ) (3072 5007 2096.220215 ) (3072 5007 -656 ) 
4 3 4 (4096 5007 -656 ) (4096 4096 -656 ) (3072 4096 -656 ) (3072 5007 -656 ) 
4 4 16 (4096 4096 -704 ) (4096 4096 -656 ) (3072 4096 -656 ) (3072 4096 -704 ) 
4 4 7 (3072 4096 -704 ) (3072 4096 -656 ) (3072 5007 -656 ) (3072 5007 -704 ) 
4 4 5 (4096 4096 -704 ) (3072 4096 -704 ) (3072 5007 -704 ) (4096 5007 -704 ) 
4 5 17 (4096 4096 -1641.220093 ) (4096 4096 -704 ) (3072 4096 -704 ) (3072 4096 -1641.220093 ) 
4 5 8 (3072 4096 -1641.220093 ) (3072 4096 -704 ) (3072 5007 -704 ) (3072 5007 -1641.220093 ) 
4 6 27 (2048 4096 -656 ) (2048 4096 2096.220215 ) (2048 5007 2096.220215 ) (2048 5007 -656 ) 
4 6 18 (3072 4096 -656 ) (3072 4096 2096.220215 ) (2048 4096 2096.220215 ) (2048 4096 -656 ) 
4 6 7 (3072 5007 -656 ) (3072 4096 -656 ) (2048 4096 -656 ) (2048 5007 -656 ) 
4 7 28 (2048 4096 -704 ) (2048 4096 -656 ) (2048 5007 -656 ) (2048 5007 -704 ) 
4 7 19 (3072 4096 -704 ) (3072 4096 -656 ) (2048 4096 -656 ) (2048 4096 -704 ) 
4 7 8 (3072 4096 -704 ) (2048 4096 -704 ) (2048 5007 -704 ) (3072 5007 -704 ) 
4 8 29 (2048 4096 -1641.220093 ) (2048 4096 -704 ) (2048 5007 -704 ) (2048 5007 -1641.220093 ) 
4 8 20 (3072 4096 -1641.220093 ) (3072 4096 -704 ) (2048 4096 -704 ) (2048 4096 -1641.220093 ) 
4 9 15 (4096 4096 2096.220215 ) (4096 4096 -656 ) (4096 3072 -656 ) (4096 3072 2096.220215 ) 
4 9 12 (4316 3072 2096.220215 ) (4096 3072 2096.220215 ) (4096 3072 -656 ) (4316 3072 -656 ) 
4 9 10 (4316 3072 -656 ) (4096 3072 -656 ) (4096 4096 -656 ) (4316 4096 -656 ) 
4 10 16 (4096 4096 -656 ) (4096 4096 -704 ) (4096 3072 -704 ) (4096 3072 -656 ) 
4 10 13 (4316 3072 -656 ) (4096 3072 -656 ) (4096 3072 -704 ) (4316 3072 -704 ) 
4 10 11 (4096 3072 -704 ) (4096 4096 -704 ) (4316 4096 -704 ) (4316 3072 -704 ) 
4 11 17 (4096 4096 -704 ) (4096 4096 -1641.220093 ) (4096 3072 -1641.220093 ) (4096 3072 -704 ) 
4 11 14 (4096 3072 -704 ) (4096 3072 -1641.220093 ) (4316 3072 -1641.220093 ) (4316 3072 -704 ) 
4 12 54 (4316 2048 2096.220215 ) (4096 2048 2096.220215 ) (4096 2048 -656 ) (4316 2048 -656 ) 
4 12 21 (4096 2048 -656 ) (4096 2048 2096.220215 ) (4096 3072 2096.220215 ) (4096 3072 -656 ) 
4 12 13 (4316 2048 -656 ) (4096 2048 -656 ) (4096 3072 -656 ) (4316 3072 -656 ) 
4 13 55 (4316 2048 -656 ) (4096 2048 -656 ) (4096 2048 -704 ) (4316 2048 -704 ) 
4 13 22 (4096 2048 -704 ) (4096 2048 -656 ) (4096 3072 -656 ) (4096 3072 -704 ) 
4 13 14 (4096 2048 -704 ) (4096 3072 -704 ) (4316 3072 -704 ) (4316 2048 -704 ) 
4 14 56 (4096 2048 -704 ) (4096 2048 -1641.220093 ) (4316 2048 -1641.220093 ) (4316 2048 -704 ) 
4 14 23 (4096 2048 -1641.220093 ) (4096 2048 -704 ) (4096 3072 -704 ) (4096 3072 -1641.220093 ) 
4 15 21 (4096 3072 -656 ) (4096 3072 2096.220215 ) (3072 3072 2096.220215 ) (3072 3072 -656 ) 
4 15 18 (3072 4096 2096.220215 ) (3072 4096 -656 ) (3072 3072 -656 ) (3072 3072 2096.220215 ) 
4 15 16 (4096 3072 -656 ) (3072 3072 -656 ) (3072 4096 -656 ) (4096 4096 -656 ) 
4 16 22 (4096 3072 -704 ) (4096 3072 -656 ) (3072 3072 -656 ) (3072 3072 -704 ) 
4 16 19 (3072 4096 -656 ) (3072 4096 -704 ) (3072 3072 -704 ) (3072 3072 -656 ) 
4 16 17 (4096 3072 -704 ) (3072 3072 -704 ) (3072 4096 -704 ) (4096 4096 -704 ) 
4 17 23 (4096 3072 -1641.220093 ) (4096 3072 -704 ) (3072 3072 -704 ) (3072 3072 -1641.220093 ) 
4 17 20 (3072 4096 -704 ) (3072 4096 -1641.220093 ) (3072 3072 -1641.220093 ) (3072 3072 -704 ) 
4 18 36 (2048 3072 -656 ) (2048 3072 2096.220215 ) (2048 4096 2096.220215 ) (2048 4096 -656 ) 
4 18 24 (3072 3072 -656 ) (3072 3072 2096.220215 ) (2048 3072 2096.220215 ) (2048 3072 -656 ) 
4 18 19 (3072 4096 -656 ) (3072 3072 -656 ) (2048 3072 -656 ) (2048 4096 -656 ) 
4 19 37 (2048 3072 -704 ) (2048 3072 -656 ) (2048 4096 -656 ) (2048 4096 -704 ) 
4 19 25 (3072 3072 -704 ) (3072 3072 -656 ) (2048 3072 -656 ) (2048 3072 -704 ) 
4 19 20 (3072 4096 -704 ) (3072 3072 -704 ) (2048 3072 -704 ) (2048 4096 -704 ) 
4 20 38 (2048 3072 -1641.220093 ) (2048 3072 -704 ) (2048 4096 -704 ) (2048 4096 -1641.220093 ) 
4 20 26 (3072 3072 -1641.220093 ) (3072 3072 -704 ) (2048 3072 -704 ) (2048 3072 -1641.220093 ) 
4 21 60 (4096 2048 -656 ) (4096 2048 2096.220215 ) (3072 2048 2096.220215 ) (3072 2048 -656 ) 
4 21 24 (3072 3072 2096.220215 ) (3072 3072 -656 ) (3072 2048 -656 ) (3072 2048 2096.220215 ) 
4 21 22 (3072 3072 -656 ) (4096 3072 -656 ) (4096 2048 -656 ) (3072 2048 -656 ) 
4 22 61 (4096 2048 -704 ) (4096 2048 -656 ) (3072 2048 -656 ) (3072 2048 -704 ) 
4 22 25 (3072 3072 -656 ) (3072 3072 -704 ) (3072 2048 -704 ) (3072 2048 -656 ) 
4 22 23 (3072 3072 -704 ) (4096 3072 -704 ) (4096 2048 -704 ) (3072 2048 -704 ) 
4 23 62 (4096 2048 -1641.220093 ) (4096 2048 -704 ) (3072 2048 -704 ) (3072 2048 -1641.220093 ) 
4 23 26 (3072 3072 -704 ) (3072 3072 -1641.220093 ) (3072 2048 -1641.220093 ) (3072 2048 -704 ) 
4 24 63 (3072 2048 -656 ) (3072 2048 2096.220215 ) (2048 2048 2096.220215 ) (2048 2048 -656 ) 
4 24 42 (2048 2048 -656 ) (2048 2048 2096.220215 ) (2048 3072 2096.220215 ) (2048 3072 -656 ) 
4 24 25 (3072 3072 -656 ) (3072 2048 -656 ) (2048 2048 -656 ) (2048 3072 -656 ) 
4 25 64 (3072 2048 -704 ) (3072 2048 -656 ) (2048 2048 -656 ) (2048 2048 -704 ) 
4 25 43 (2048 2048 -704 ) (2048 2048 -656 ) (2048 3072 -656 ) (2048 3072 -704 ) 
4 25 26 (3072 3072 -704 ) (3072 2048 -704 ) (2048 2048 -704 ) (2048 3072 -704 ) 
4 26 65 (3072 2048 -1641.220093 ) (3072 2048 -704 ) (2048 2048 -704 ) (2048 2048 -1641.220093 ) 
4 26 44 (2048 2048 -1641.220093 ) (2048 2048 -704 ) (2048 3072 -704 ) (2048 3072 -1641.220093 ) 
4 27 36 (2048 4096 -656 ) (2048 4096 2096.220215 ) (1024 4096 2096.220215 ) (1024 4096 -656 ) 
4 27 30 (1024 4096 -656 ) (1024 4096 2096.220215 ) (1024 5007 2096.220215 ) (1024 5007 -656 ) 
4 27 28 (2048 4096 -656 ) (1024 4096 -656 ) (1024 5007 -656 ) (2048 5007 -656 ) 
4 28 37 (2048 4096 -704 ) (2048 4096 -656 ) (1024 4096 -656 ) (1024 4096 -704 ) 
4 28 31 (1024 4096 -704 ) (1024 4096 -656 ) (1024 5007 -656 ) (1024 5007 -704 ) 
4 28 29 (1024 4096 -704 ) (1024 5007 -704 ) (2048 5007 -704 ) (2048 4096 -704 ) 
4 29 38 (2048 4096 -1641.220093 ) (2048 4096 -704 ) (1024 4096 -704 ) (1024 4096 -1641.220093 ) 
4 29 32 (1024 4096 -1641.220093 ) (1024 4096 -704 ) (1024 5007 -704 ) (1024 5007 -1641.220093 ) 
4 30 39 (1024 4096 -656 ) (1024 4096 2096.220215 ) (0 4096 2096.220215 ) (0 4096 -656 ) 
4 30 33 (0 4096 -656 ) (0 4096 2096.220215 ) (0 5007 2096.220215 ) (0 5007 -656 ) 
4 30 31 (1024 5007 -656 ) (1024 4096 -656 ) (0 4096 -656 ) (0 5007 -656 ) 
4 31 40 (1024 4096 -704 ) (1024 4096 -656 ) (0 4096 -656 ) (0 4096 -704 ) 
4 31 34 (0 4096 -704 ) (0 4096 -656 ) (0 5007 -656 ) (0 5007 -704 ) 
4 31 32 (1024 4096 -704 ) (0 4096 -704 ) (0 5007 -704 ) (1024 5007 -704 ) 
4 32 41 (1024 4096 -1641.220093 ) (1024 4096 -704 ) (0 4096 -704 ) (0 4096 -1641.220093 ) 
4 32 35 (0 4096 -1641.220093 ) (0 4096 -704 ) (0 5007 -704 ) (0 5007 -1641.220093 ) 
4 33 48 (0 4096 -656 ) (0 4096 2096.220215 ) (-982 4096 2096.220215 ) (-982 4096 -656 ) 
4 33 34 (0 5007 -656 ) (0 4096 -656 ) (-982 4096 -656 ) (-982 5007 -656 ) 
4 34 49 (0 4096 -704 ) (0 4096 -656 ) (-982 4096 -656 ) (-982 4096 -704 ) 
4 34 35 (-982 4096 -704 ) (-982 5007 -704 ) (0 5007 -704 ) (0 4096 -704 ) 
4 35 50 (0 4096 -1641.220093 ) (0 4096 -704 ) (-982 4096 -704 ) (-982 4096 -1641.220093 ) 
4 36 42 (2048 3072 -656 ) (2048 3072 2096.220215 ) (1024 3072 2096.220215 ) (1024 3072 -656 ) 
4 36 39 (1024 4096 2096.220215 ) (1024 4096 -656 ) (1024 3072 -656 ) (1024 3072 2096.220215 ) 
4 36 37 (2048 3072 -656 ) (1024 3072 -656 ) (1024 4096 -656 ) (2048 4096 -656 ) 
4 37 43 (2048 3072 -704 ) (2048 3072 -656 ) (1024 3072 -656 ) (1024 3072 -704 ) 
4 37 40 (1024 4096 -656 ) (1024 4096 -704 ) (1024 3072 -704 ) (1024 3072 -656 ) 
4 37 38 (2048 3072 -704 ) (1024 3072 -704 ) (1024 4096 -704 ) (2048 4096 -704 ) 
4 38 44 (2048 3072 -1641.220093 ) (2048 3072 -704 ) (1024 3072 -704 ) (1024 3072 -1641.220093 ) 
4 38 41 (1024 4096 -704 ) (1024 4096 -1641.220093 ) (1024 3072 -1641.220093 ) (1024 3072 -704 ) 
4 39 48 (0 4096 2096.220215 ) (0 4096 -656 ) (0 3072 -656 ) (0 3072 2096.220215 ) 
4 39 45 (1024 3072 -656 ) (1024 3072 2096.220215 ) (0 3072 2096.220215 ) (0 3072 -656 ) 
4 39 40 (0 4096 -656 ) (1024 4096 -656 ) (1024 3072 -656 ) (0 3072 -656 ) 
4 40 49 (0 4096 -656 ) (0 4096 -704 ) (0 3072 -704 ) (0 3072 -656 ) 
4 40 46 (1024 3072 -704 ) (1024 3072 -656 ) (0 3072 -656 ) (0 3072 -704 ) 
4 40 41 (0 4096 -704 ) (1024 4096 -704 ) (1024 3072 -704 ) (0 3072 -704 ) 
4 41 50 (0 4096 -704 ) (0 4096 -1641.220093 ) (0 3072 -1641.220093 ) (0 3072 -704 ) 
4 41 47 (1024 3072 -1641.220093 ) (1024 3072 -704 ) (0 3072 -704 ) (0 3072 -1641.220093 ) 
4 42 102 (2048 2048 -656 ) (2048 2048 2096.220215 ) (1024 2048 2096.220215 ) (1024 2048 -656 ) 
4 42 45 (1024 3072 2096.220215 ) (1024 3072 -656 ) (1024 2048 -656 ) (1024 2048 2096.220215 ) 
4 42 43 (1024 3072 -656 ) (2048 3072 -656 ) (2048 2048 -656 ) (1024 2048 -656 ) 
4 43 103 (2048 2048 -704 ) (2048 2048 -656 ) (1024 2048 -656 ) (1024 2048 -704 ) 
4 43 46 (1024 3072 -656 ) (1024 3072 -704 ) (1024 2048 -704 ) (1024 2048 -656 ) 
4 43 44 (1024 3072 -704 ) (2048 3072 -704 ) (2048 2048 -704 ) (1024 2048 -704 ) 
4 44 104 (2048 2048 -1641.220093 ) (2048 2048 -704 ) (1024 2048 -704 ) (1024 2048 -1641.220093 ) 
4 44 47 (1024 3072 -704 ) (1024 3072 -1641.220093 ) (1024 2048 -1641.220093 ) (1024 2048 -704 ) 
4 45 105 (1024 2048 -656 ) (1024 2048 2096.220215 ) (0 2048 2096.220215 ) (0 2048 -656 ) 
4 45 51 (0 2048 -656 ) (0 2048 2096.220215 ) (0 3072 2096.220215 ) (0 3072 -656 ) 
4 45 46 (1024 3072 -656 ) (1024 2048 -656 ) (0 2048 -656 ) (0 3072 -656 ) 
4 46 106 (1024 2048 -704 ) (1024 2048 -656 ) (0 2048 -656 ) (0 2048 -704 ) 
4 46 52 (0 2048 -704 ) (0 2048 -656 ) (0 3072 -656 ) (0 3072 -704 ) 
4 46 47 (1024 3072 -704 ) (1024 2048 -704 ) (0 2048 -704 ) (0 3072 -704 ) 
4 47 107 (1024 2048 -1641.220093 ) (1024 2048 -704 ) (0 2048 -704 ) (0 2048 -1641.220093 ) 
4 47 53 (0 2048 -1641.220093 ) (0 2048 -704 ) (0 3072 -704 ) (0 3072 -1641.220093 ) 
4 48 51 (0 3072 -656 ) (0 3072 2096.220215 ) (-982 3072 2096.220215 ) (-982 3072 -656 ) 
4 48 49 (0 3072 -656 ) (-982 3072 -656 ) (-982 4096 -656 ) (0 4096 -656 ) 
4 49 52 (0 3072 -704 ) (0 3072 -656 ) (-982 3072 -656 ) (-982 3072 -704 ) 
4 49 50 (-982 3072 -704 ) (-982 4096 -704 ) (0 4096 -704 ) (0 3072 -704 ) 
4 50 53 (0 3072 -1641.220093 ) (0 3072 -704 ) (-982 3072 -704 ) (-982 3072 -1641.220093 ) 
4 51 114 (0 2048 -656 ) (0 2048 2096.220215 ) (-982 2048 2096.220215 ) (-982 2048 -656 ) 
4 51 52 (-982 3072 -656 ) (0 3072 -656 ) (0 2048 -656 ) (-982 2048 -656 ) 
4 52 115 (0 2048 -704 ) (0 2048 -656 ) (-982 2048 -656 ) (-982 2048 -704 ) 
4 52 53 (0 2048 -704 ) (-982 2048 -704 ) (-982 3072 -704 ) (0 3072 -704 ) 
4 53 116 (0 2048 -1641.220093 ) (0 2048 -704 ) (-982 2048 -704 ) (-982 2048 -1641.220093 ) 
4 54 60 (4096 2048 2096.220215 ) (4096 2048 -656 ) (4096 1024 -656 ) (4096 1024 2096.220215 ) 
4 54 57 (4316 1024 2096.220215 ) (4096 1024 2096.220215 ) (4096 1024 -656 ) (4316 1024 -656 ) 
4 54 55 (4316 1024 -656 ) (4096 1024 -656 ) (4096 2048 -656 ) (4316 2048 -656 ) 
4 55 61 (4096 2048 -656 ) (4096 2048 -704 ) (4096 1024 -704 ) (4096 1024 -656 ) 
4 55 58 (4316 1024 -656 ) (4096 1024 -656 ) (4096 1024 -704 ) (4316 1024 -704 ) 
4 55 56 (4096 1024 -704 ) (4096 2048 -704 ) (4316 2048 -704 ) (4316 1024 -704 ) 
4 56 62 (4096 2048 -704 ) (4096 2048 -1641.220093 ) (4096 1024 -1641.220093 ) (4096 1024 -704 ) 
4 56 59 (4096 1024 -704 ) (4096 1024 -1641.220093 ) (4316 1024 -1641.220093 ) (4316 1024 -704 ) 
4 57 93 (4316 0 2096.220215 ) (4096 0 2096.220215 ) (4096 0 -656 ) (4316 0 -656 ) 
4 57 66 (4096 0 -656 ) (4096 0 2096.220215 ) (4096 1024 2096.220215 ) (4096 1024 -656 ) 
4 57 58 (4316 0 -656 ) (4096 0 -656 ) (4096 1024 -656 ) (4316 1024 -656 ) 
4 58 94 (4316 0 -656 ) (4096 0 -656 ) (4096 0 -704 ) (4316 0 -704 ) 
4 58 67 (4096 0 -704 ) (4096 0 -656 ) (4096 1024 -656 ) (4096 1024 -704 ) 
4 58 59 (4096 0 -704 ) (4096 1024 -704 ) (4316 1024 -704 ) (4316 0 -704 ) 
4 59 95 (4096 0 -704 ) (4096 0 -1641.220093 ) (4316 0 -1641.220093 ) (4316 0 -704 ) 
4 59 68 (4096 0 -1641.220093 ) (4096 0 -704 ) (4096 1024 -704 ) (4096 1024 -1641.220093 ) 
4 60 66 (4096 1024 -656 ) (4096 1024 2096.220215 ) (3072 1024 2096.220215 ) (3072 1024 -656 ) 
4 60 63 (3072 2048 2096.220215 ) (3072 2048 -656 ) (3072 1024 -656 ) (3072 1024 2096.220215 ) 
4 60 61 (4096 1024 -656 ) (3072 1024 -656 ) (3072 2048 -656 ) (4096 2048 -656 ) 
4 61 67 (4096 1024 -704 ) (4096 1024 -656 ) (3072 1024 -656 ) (3072 1024 -704 ) 
4 61 64 (3072 2048 -656 ) (3072 2048 -704 ) (3072 1024 -704 ) (3072 1024 -656 ) 
4 61 62 (4096 1024 -704 ) (3072 1024 -704 ) (3072 2048 -704 ) (4096 2048 -704 ) 
4 62 68 (4096 1024 -1641.220093 ) (4096 1024 -704 ) (3072 1024 -704 ) (3072 1024 -1641.220093 ) 
4 62 65 (3072 2048 -704 ) (3072 2048 -1641.220093 ) (3072 1024 -1641.220093 ) (3072 1024 -704 ) 
4 63 102 (2048 2048 2096.220215 ) (2048 2048 -656 ) (2048 1024 -656 ) (2048 1024 2096.220215 ) 
4 63 77 (3072 1024 -656 ) (3072 1024 -158 ) (2048 1024 -158 ) (2048 1024 -656 ) 
4 63 74 (2237.954346 1024 -155 ) (2048 1024 -155 ) (2048 1024 -158 ) (2237.954346 1024 -158 ) 
4 63 72 (2454.392578 1024 -155 ) (2444.391846 1024 -155 ) (2444.391846 1024 -158 ) (2454.392578 1024 -158 ) 
4 63 71 (3072 1024 -158 ) (3072 1024 -155 ) (2454.392578 1024 -155 ) (2454.392578 1024 -158 ) 
4 63 70 (2444.391846 1024 -155 ) (2237.954346 1024 -155 ) (2237.954346 1024 -158 ) (2444.391846 1024 -158 ) 
4 63 69 (3072 1024 -155 ) (3072 1024 2096.220215 ) (2048 1024 2096.220215 ) (2048 1024 -155 ) 
4 63 64 (2048 2048 -656 ) (3072 2048 -656 ) (3072 1024 -656 ) (2048 1024 -656 ) 
4 64 103 (2048 2048 -656 ) (2048 2048 -704 ) (2048 1024 -704 ) (2048 1024 -656 ) 
4 64 91 (3072 1024 -704 ) (3072 1024 -656 ) (2048 1024 -656 ) (2048 1024 -704 ) 
4 64 65 (2048 2048 -704 ) (3072 2048 -704 ) (3072 1024 -704 ) (2048 1024 -704 ) 
4 65 104 (2048 2048 -704 ) (2048 2048 -1641.220093 ) (2048 1024 -1641.220093 ) (2048 1024 -704 ) 
4 65 92 (3072 1024 -1641.220093 ) (3072 1024 -704 ) (2048 1024 -704 ) (2048 1024 -1641.220093 ) 
4 66 96 (4096 0 -656 ) (4096 0 2096.220215 ) (3072 0 2096.220215 ) (3072 0 -656 ) 
4 66 83 (3072 0 -616 ) (3072 0 -307 ) (3072 403 -307 ) (3072 403 -616 ) 
4 66 78 (3072 0 -307 ) (3072 0 -158 ) (3072 403 -158 ) (3072 403 -307 ) 
4 66 90 (3072 403 -656 ) (3072 0 -656 ) (3072 0 -616 ) (3072 403 -616 ) 
4 66 77 (3072 1024 -158 ) (3072 1024 -656 ) (3072 403 -656 ) (3072 403 -158 ) 
4 66 71 (3072 1024 -155 ) (3072 1024 -158 ) (3072 0 -158 ) (3072 0 -155 ) 
4 66 69 (3072 1024 2096.220215 ) (3072 1024 -155 ) (3072 0 -155 ) (3072 0 2096.220215 ) 
4 66 67 (3072 1024 -656 ) (4096 1024 -656 ) (4096 0 -656 ) (3072 0 -656 ) 
4 67 97 (4096 0 -704 ) (4096 0 -656 ) (3072 0 -656 ) (3072 0 -704 ) 
4 67 91 (3072 1024 -656 ) (3072 1024 -704 ) (3072 0 -704 ) (3072 0 -656 ) 
4 67 68 (3072 1024 -704 ) (4096 1024 -704 ) (4096 0 -704 ) (3072 0 -704 ) 
4 68 98 (4096 0 -1641.220093 ) (4096 0 -704 ) (3072 0 -704 ) (3072 0 -1641.220093 ) 
4 68 92 (3072 1024 -704 ) (3072 1024 -1641.220093 ) (3072 0 -1641.220093 ) (3072 0 -704 ) 
4 69 108 (2048 0 -155 ) (2048 0 2096.220215 ) (2048 1024 2096.220215 ) (2048 1024 -155 ) 
4 69 99 (3072 0 -155 ) (3072 0 2096.220215 ) (2048 0 2096.220215 ) (2048 0 -155 ) 
4 69 76 (2282.654297 0 -155 ) (2272.629150 0 -155 ) (2266 152 -155 ) (2276 152.436020 -155 ) 
4 69 75 (2272.629150 0 -155 ) (2048 0 -155 ) (2048 390 -155 ) (2255.620117 390 -155 ) 
4 69 74 (2048 390 -155 ) (2048 1024 -155 ) (2237.954346 1024 -155 ) (2265.629883 390 -155 ) 
4 69 73 (2463.337402 0 -155 ) (2453.336426 0 -155 ) (2452 153 -155 ) (2462 153.087021 -155 ) 
4 69 72 (2449.790039 405.990021 -155 ) (2444.391846 1024 -155 ) (2454.392578 1024 -155 ) (2459.790283 406.078003 -155 ) 
4 69 71 (3072 1024 -155 ) (3072 0 -155 ) (2463.337402 0 -155 ) (2454.392578 1024 -155 ) 
4 69 70 (2453.336426 0 -155 ) (2282.654297 0 -155 ) (2237.954346 1024 -155 ) (2444.391846 1024 -155 ) 
4 70 99 (2453.336426 0 -155 ) (2282.654297 0 -155 ) (2282.654541 0 -158 ) (2453.336670 0 -158 ) 
3 70 80 (2267 358.614960 -158 ) (2265.542725 392 -158 ) (2267 392 -158 ) 
4 70 79 (2265.542725 392 -158 ) (2265.062500 403 -158 ) (2267 403 -158 ) (2267 392 -158 ) 
5 70 78 (2453.336426 0 -158 ) (2282.654297 0 -158 ) (2267 358.614960 -158 ) (2267 403 -158 ) (2449.816162 403 -158 ) 
4 70 77 (2265.062500 403 -158 ) (2237.954346 1024 -158 ) (2444.391846 1024 -158 ) (2449.816162 403 -158 ) 
4 70 76 (2276 152.436035 -158 ) (2282.654785 0 -158 ) (2282.654297 0 -155 ) (2276 152.436020 -155 ) 
4 70 74 (2237.954834 1024 -158 ) (2265.630371 390 -158 ) (2265.629883 390 -155 ) (2237.954346 1024 -155 ) 
4 70 73 (2453.336426 0 -158 ) (2452 153 -158 ) (2452 153 -155 ) (2453.336426 0 -155 ) 
4 70 72 (2449.790039 405.990021 -158 ) (2444.391846 1024 -158 ) (2444.391846 1024 -155 ) (2449.790039 405.989990 -155 ) 
4 71 99 (3072 0 -158 ) (3072 0 -155 ) (2463.337402 0 -155 ) (2463.337402 0 -158 ) 
4 71 78 (3072 0 -158 ) (2463.337402 0 -158 ) (2459.817139 403 -158 ) (3072 403 -158 ) 
4 71 77 (2459.817139 403 -158 ) (2454.392578 1024 -158 ) (3072 1024 -158 ) (3072 403 -158 ) 
4 71 73 (2462 153.087021 -158 ) (2463.337158 0 -158 ) (2463.337158 0 -155 ) (2462 153.087021 -155 ) 
4 71 72 (2454.392090 1024 -158 ) (2459.789795 406.078003 -158 ) (2459.789795 406.078003 -155 ) (2454.392090 1024 -155 ) 
4 72 77 (2449.790039 405.990021 -158 ) (2444.391846 1024 -158 ) (2454.392578 1024 -158 ) (2459.790283 406.078003 -158 ) 
4 73 99 (2463.337402 0 -155 ) (2453.336426 0 -155 ) (2453.336670 0 -158 ) (2463.337402 0 -158 ) 
4 73 78 (2463.337402 0 -158 ) (2453.336426 0 -158 ) (2452 153 -158 ) (2462 153.087021 -158 ) 
4 74 108 (2048 390 -155 ) (2048 1024 -155 ) (2048 1024 -158 ) (2048 390 -158 ) 
4 74 80 (2265.542480 392 -158 ) (2265.629883 390 -158 ) (2252 390 -158 ) (2252 392 -158 ) 
4 74 79 (2252 403 -158 ) (2265.062500 403 -158 ) (2265.542480 392 -158 ) (2252 392 -158 ) 
4 74 82 (2048 390 -158 ) (2048 403 -158 ) (2252 403 -158 ) (2252 390 -158 ) 
4 74 77 (2048 403 -158 ) (2048 1024 -158 ) (2237.954346 1024 -158 ) (2265.062500 403 -158 ) 
4 74 75 (2048 390 -158 ) (2255.620117 390 -158 ) (2255.620117 390 -155 ) (2048 390 -155 ) 
4 75 108 (2048 0 -158 ) (2048 0 -155 ) (2048 390 -155 ) (2048 390 -158 ) 
4 75 99 (2272.629150 0 -155 ) (2048 0 -155 ) (2048 0 -158 ) (2272.629150 0 -158 ) 
4 75 80 (2252 362 -158 ) (2252 390 -158 ) (2255.620117 390 -158 ) (2256.841309 362 -158 ) 
5 75 81 (2267 0 -158 ) (2252 0 -158 ) (2252 362 -158 ) (2256.841309 362 -158 ) (2267 129.070740 -158 ) 
3 75 78 (2272.629150 0 -158 ) (2267 0 -158 ) (2267 129.070740 -158 ) 
4 75 82 (2252 0 -158 ) (2048 0 -158 ) (2048 390 -158 ) (2252 390 -158 ) 
4 75 76 (2272.629150 0 -158 ) (2266 152 -158 ) (2266 152 -155 ) (2272.629150 0 -155 ) 
4 76 99 (2282.654297 0 -155 ) (2272.629150 0 -155 ) (2272.629150 0 -158 ) (2282.654541 0 -158 ) 
3 76 81 (2267 129.070969 -158 ) (2266 152 -158 ) (2267 152.043610 -158 ) 
5 76 78 (2282.654297 0 -158 ) (2272.629150 0 -158 ) (2267 129.070969 -158 ) (2267 152.043610 -158 ) (2276 152.436020 -158 ) 
4 77 108 (2048 403 -158 ) (2048 1024 -158 ) (2048 1024 -656 ) (2048 403 -656 ) 
4 77 91 (3072 1024 -656 ) (3072 403 -656 ) (2048 403 -656 ) (2048 1024 -656 ) 
4 77 87 (2224 403 -307 ) (2080 403 -307 ) (2080 403 -585 ) (2224 403 -585 ) 
4 77 89 (2080 403 -307 ) (2048 403 -307 ) (2048 403 -616 ) (2080 403 -616 ) 
4 77 84 (2477 403 -307 ) (2249 403 -307 ) (2249 403 -566 ) (2477 403 -566 ) 
4 77 83 (3072 403 -616 ) (3072 403 -307 ) (2477 403 -307 ) (2477 403 -616 ) 
4 77 86 (2249 403 -307 ) (2224 403 -307 ) (2224 403 -616 ) (2249 403 -616 ) 
4 77 79 (2267 403 -158 ) (2252 403 -158 ) (2252 403 -307 ) (2267 403 -307 ) 
4 77 78 (3072 403 -307 ) (3072 403 -158 ) (2267 403 -158 ) (2267 403 -307 ) 
4 77 82 (2252 403 -158 ) (2048 403 -158 ) (2048 403 -307 ) (2252 403 -307 ) 
4 77 90 (2048 403 -656 ) (3072 403 -656 ) (3072 403 -616 ) (2048 403 -616 ) 
4 78 99 (3072 0 -307 ) (3072 0 -158 ) (2267 0 -158 ) (2267 0 -307 ) 
4 78 84 (2267 403 -307 ) (2477 403 -307 ) (2477 155 -307 ) (2267 155 -307 ) 
4 78 85 (2477 155 -307 ) (2477 0 -307 ) (2267 0 -307 ) (2267 155 -307 ) 
4 78 83 (2477 403 -307 ) (3072 403 -307 ) (3072 0 -307 ) (2477 0 -307 ) 
4 78 80 (2267 362 -305 ) (2267 362 -158 ) (2267 392 -158 ) (2267 392 -305 ) 
4 78 79 (2267 403 -158 ) (2267 403 -307 ) (2267 392 -307 ) (2267 392 -158 ) 
4 78 81 (2267 362 -307 ) (2267 0 -307 ) (2267 0 -158 ) (2267 362 -158 ) 
4 79 84 (2252 403 -307 ) (2267 403 -307 ) (2267 392 -307 ) (2252 392 -307 ) 
4 79 80 (2252 392 -158 ) (2252 392 -305 ) (2267 392 -305 ) (2267 392 -158 ) 
4 79 82 (2252 403 -158 ) (2252 403 -307 ) (2252 392 -307 ) (2252 392 -158 ) 
4 80 82 (2252 362 -305 ) (2252 362 -158 ) (2252 392 -158 ) (2252 392 -305 ) 
4 80 81 (2252 362 -158 ) (2252 362 -305 ) (2267 362 -305 ) (2267 362 -158 ) 
4 81 99 (2267 0 -158 ) (2252 0 -158 ) (2252 0 -307 ) (2267 0 -307 ) 
4 81 84 (2267 362 -307 ) (2267 155 -307 ) (2252 155 -307 ) (2252 362 -307 ) 
4 81 85 (2267 155 -307 ) (2267 0 -307 ) (2252 0 -307 ) (2252 155 -307 ) 
4 81 82 (2252 362 -307 ) (2252 0 -307 ) (2252 0 -158 ) (2252 362 -158 ) 
4 82 108 (2048 0 -307 ) (2048 0 -158 ) (2048 403 -158 ) (2048 403 -307 ) 
4 82 99 (2252 0 -158 ) (2048 0 -158 ) (2048 0 -307 ) (2252 0 -307 ) 
4 82 87 (2080 403 -307 ) (2224 403 -307 ) (2224 275 -307 ) (2080 275 -307 ) 
4 82 88 (2224 275 -307 ) (2224 0 -307 ) (2080 0 -307 ) (2080 275 -307 ) 
4 82 89 (2048 403 -307 ) (2080 403 -307 ) (2080 0 -307 ) (2048 0 -307 ) 
4 82 84 (2249 403 -307 ) (2252 403 -307 ) (2252 155 -307 ) (2249 155 -307 ) 
4 82 85 (2252 155 -307 ) (2252 0 -307 ) (2249 0 -307 ) (2249 155 -307 ) 
4 82 86 (2224 403 -307 ) (2249 403 -307 ) (2249 0 -307 ) (2224 0 -307 ) 
4 83 99 (3072 0 -616 ) (3072 0 -307 ) (2477 0 -307 ) (2477 0 -616 ) 
4 83 84 (2477 155 -566 ) (2477 155 -307 ) (2477 403 -307 ) (2477 403 -566 ) 
4 83 85 (2477 155 -616 ) (2477 0 -616 ) (2477 0 -307 ) (2477 155 -307 ) 
4 83 90 (3072 0 -616 ) (2477 0 -616 ) (2477 403 -616 ) (3072 403 -616 ) 
4 84 85 (2249 155 -307 ) (2249 155 -566 ) (2477 155 -566 ) (2477 155 -307 ) 
4 84 86 (2249 155 -566 ) (2249 155 -307 ) (2249 403 -307 ) (2249 403 -566 ) 
4 85 99 (2477 0 -307 ) (2249 0 -307 ) (2249 0 -616 ) (2477 0 -616 ) 
4 85 90 (2477 0 -616 ) (2249 0 -616 ) (2249 155 -616 ) (2477 155 -616 ) 
4 85 86 (2249 155 -616 ) (2249 0 -616 ) (2249 0 -307 ) (2249 155 -307 ) 
4 86 99 (2249 0 -307 ) (2224 0 -307 ) (2224 0 -616 ) (2249 0 -616 ) 
4 86 87 (2224 275 -585 ) (2224 275 -307 ) (2224 403 -307 ) (2224 403 -585 ) 
4 86 88 (2224 275 -616 ) (2224 0 -616 ) (2224 0 -307 ) (2224 275 -307 ) 
4 86 90 (2249 0 -616 ) (2224 0 -616 ) (2224 403 -616 ) (2249 403 -616 ) 
4 87 88 (2080 275 -307 ) (2080 275 -585 ) (2224 275 -585 ) (2224 275 -307 ) 
4 87 89 (2080 275 -585 ) (2080 275 -307 ) (2080 403 -307 ) (2080 403 -585 ) 
4 88 99 (2224 0 -307 ) (2080 0 -307 ) (2080 0 -616 ) (2224 0 -616 ) 
4 88 89 (2080 275 -616 ) (2080 0 -616 ) (2080 0 -307 ) (2080 275 -307 ) 
4 88 90 (2224 0 -616 ) (2080 0 -616 ) (2080 275 -616 ) (2224 275 -616 ) 
4 89 108 (2048 0 -616 ) (2048 0 -307 ) (2048 403 -307 ) (2048 403 -616 ) 
4 89 99 (2080 0 -307 ) (2048 0 -307 ) (2048 0 -616 ) (2080 0 -616 ) 
4 89 90 (2080 0 -616 ) (2048 0 -616 ) (2048 403 -616 ) (2080 403 -616 ) 
4 90 108 (2048 0 -656 ) (2048 0 -616 ) (2048 403 -616 ) (2048 403 -656 ) 
4 90 99 (3072 0 -656 ) (3072 0 -616 ) (2048 0 -616 ) (2048 0 -656 ) 
4 90 91 (3072 403 -656 ) (3072 0 -656 ) (2048 0 -656 ) (2048 403 -656 ) 
4 91 109 (2048 0 -704 ) (2048 0 -656 ) (2048 1024 -656 ) (2048 1024 -704 ) 
4 91 100 (3072 0 -704 ) (3072 0 -656 ) (2048 0 -656 ) (2048 0 -704 ) 
4 91 92 (3072 1024 -704 ) (3072 0 -704 ) (2048 0 -704 ) (2048 1024 -704 ) 
4 92 110 (2048 0 -1641.220093 ) (2048 0 -704 ) (2048 1024 -704 ) (2048 1024 -1641.220093 ) 
4 92 101 (3072 0 -1641.220093 ) (3072 0 -704 ) (2048 0 -704 ) (2048 0 -1641.220093 ) 
4 93 96 (4096 0 2096.220215 ) (4096 0 -656 ) (4096 -991 -656 ) (4096 -991 2096.220215 ) 
4 93 94 (4096 -991 -656 ) (4096 0 -656 ) (4316 0 -656 ) (4316 -991 -656 ) 
4 94 97 (4096 0 -656 ) (4096 0 -704 ) (4096 -991 -704 ) (4096 -991 -656 ) 
4 94 95 (4316 -991 -704 ) (4096 -991 -704 ) (4096 0 -704 ) (4316 0 -704 ) 
4 95 98 (4096 0 -704 ) (4096 0 -1641.220093 ) (4096 -991 -1641.220093 ) (4096 -991 -704 ) 
4 96 99 (3072 0 2096.220215 ) (3072 0 -656 ) (3072 -991 -656 ) (3072 -991 2096.220215 ) 
4 96 97 (3072 -991 -656 ) (3072 0 -656 ) (4096 0 -656 ) (4096 -991 -656 ) 
4 97 100 (3072 0 -656 ) (3072 0 -704 ) (3072 -991 -704 ) (3072 -991 -656 ) 
4 97 98 (4096 -991 -704 ) (3072 -991 -704 ) (3072 0 -704 ) (4096 0 -704 ) 
4 98 101 (3072 0 -704 ) (3072 0 -1641.220093 ) (3072 -991 -1641.220093 ) (3072 -991 -704 ) 
4 99 120 (2048 -991 2096.220215 ) (2048 0 2096.220215 ) (2048 0 -656 ) (2048 -991 -656 ) 
4 99 100 (3072 0 -656 ) (3072 -991 -656 ) (2048 -991 -656 ) (2048 0 -656 ) 
4 100 121 (2048 -991 -656 ) (2048 0 -656 ) (2048 0 -704 ) (2048 -991 -704 ) 
4 100 101 (3072 -991 -704 ) (2048 -991 -704 ) (2048 0 -704 ) (3072 0 -704 ) 
4 101 122 (2048 0 -704 ) (2048 0 -1641.220093 ) (2048 -991 -1641.220093 ) (2048 -991 -704 ) 
4 102 108 (2048 1024 -656 ) (2048 1024 2096.220215 ) (1024 1024 2096.220215 ) (1024 1024 -656 ) 
4 102 105 (1024 2048 2096.220215 ) (1024 2048 -656 ) (1024 1024 -656 ) (1024 1024 2096.220215 ) 
4 102 103 (2048 1024 -656 ) (1024 1024 -656 ) (1024 2048 -656 ) (2048 2048 -656 ) 
4 103 109 (2048 1024 -704 ) (2048 1024 -656 ) (1024 1024 -656 ) (1024 1024 -704 ) 
4 103 106 (1024 2048 -656 ) (1024 2048 -704 ) (1024 1024 -704 ) (1024 1024 -656 ) 
4 103 104 (2048 1024 -704 ) (1024 1024 -704 ) (1024 2048 -704 ) (2048 2048 -704 ) 
4 104 110 (2048 1024 -1641.220093 ) (2048 1024 -704 ) (1024 1024 -704 ) (1024 1024 -1641.220093 ) 
4 104 107 (1024 2048 -704 ) (1024 2048 -1641.220093 ) (1024 1024 -1641.220093 ) (1024 1024 -704 ) 
4 105 114 (0 2048 2096.220215 ) (0 2048 -656 ) (0 1024 -656 ) (0 1024 2096.220215 ) 
4 105 111 (1024 1024 -656 ) (1024 1024 2096.220215 ) (0 1024 2096.220215 ) (0 1024 -656 ) 
4 105 106 (0 2048 -656 ) (1024 2048 -656 ) (1024 1024 -656 ) (0 1024 -656 ) 
4 106 115 (0 2048 -656 ) (0 2048 -704 ) (0 1024 -704 ) (0 1024 -656 ) 
4 106 112 (1024 1024 -704 ) (1024 1024 -656 ) (0 1024 -656 ) (0 1024 -704 ) 
4 106 107 (0 2048 -704 ) (1024 2048 -704 ) (1024 1024 -704 ) (0 1024 -704 ) 
4 107 116 (0 2048 -704 ) (0 2048 -1641.220093 ) (0 1024 -1641.220093 ) (0 1024 -704 ) 
4 107 113 (1024 1024 -1641.220093 ) (1024 1024 -704 ) (0 1024 -704 ) (0 1024 -1641.220093 ) 
4 108 120 (2048 0 -656 ) (2048 0 2096.220215 ) (1024 0 2096.220215 ) (1024 0 -656 ) 
4 108 111 (1024 1024 2096.220215 ) (1024 1024 -656 ) (1024 0 -656 ) (1024 0 2096.220215 ) 
4 108 109 (2048 0 -656 ) (1024 0 -656 ) (1024 1024 -656 ) (2048 1024 -656 ) 
4 109 121 (2048 0 -704 ) (2048 0 -656 ) (1024 0 -656 ) (1024 0 -704 ) 
4 109 112 (1024 1024 -656 ) (1024 1024 -704 ) (1024 0 -704 ) (1024 0 -656 ) 
4 109 110 (2048 0 -704 ) (1024 0 -704 ) (1024 1024 -704 ) (2048 1024 -704 ) 
4 110 122 (2048 0 -1641.220093 ) (2048 0 -704 ) (1024 0 -704 ) (1024 0 -1641.220093 ) 
4 110 113 (1024 1024 -704 ) (1024 1024 -1641.220093 ) (1024 0 -1641.220093 ) (1024 0 -704 ) 
4 111 123 (1024 0 -656 ) (1024 0 2096.220215 ) (0 0 2096.220215 ) (0 0 -656 ) 
4 111 117 (0 0 -656 ) (0 0 2096.220215 ) (0 1024 2096.220215 ) (0 1024 -656 ) 
4 111 112 (1024 1024 -656 ) (1024 0 -656 ) (0 0 -656 ) (0 1024 -656 ) 
4 112 124 (1024 0 -704 ) (1024 0 -656 ) (0 0 -656 ) (0 0 -704 ) 
4 112 118 (0 0 -704 ) (0 0 -656 ) (0 1024 -656 ) (0 1024 -704 ) 
4 112 113 (1024 1024 -704 ) (1024 0 -704 ) (0 0 -704 ) (0 1024 -704 ) 
4 113 125 (1024 0 -1641.220093 ) (1024 0 -704 ) (0 0 -704 ) (0 0 -1641.220093 ) 
4 113 119 (0 0 -1641.220093 ) (0 0 -704 ) (0 1024 -704 ) (0 1024 -1641.220093 ) 
4 114 117 (0 1024 -656 ) (0 1024 2096.220215 ) (-982 1024 2096.220215 ) (-982 1024 -656 ) 
4 114 115 (0 1024 -656 ) (-982 1024 -656 ) (-982 2048 -656 ) (0 2048 -656 ) 
4 115 118 (0 1024 -704 ) (0 1024 -656 ) (-982 1024 -656 ) (-982 1024 -704 ) 
4 115 116 (-982 1024 -704 ) (-982 2048 -704 ) (0 2048 -704 ) (0 1024 -704 ) 
4 116 119 (0 1024 -1641.220093 ) (0 1024 -704 ) (-982 1024 -704 ) (-982 1024 -1641.220093 ) 
4 117 126 (0 0 -656 ) (0 0 2096.220215 ) (-982 0 2096.220215 ) (-982 0 -656 ) 
4 117 118 (-982 1024 -656 ) (0 1024 -656 ) (0 0 -656 ) (-982 0 -656 ) 
4 118 127 (0 0 -704 ) (0 0 -656 ) (-982 0 -656 ) (-982 0 -704 ) 
4 118 119 (0 0 -704 ) (-982 0 -704 ) (-982 1024 -704 ) (0 1024 -704 ) 
4 119 128 (0 0 -1641.220093 ) (0 0 -704 ) (-982 0 -704 ) (-982 0 -1641.220093 ) 
4 120 123 (1024 0 2096.220215 ) (1024 0 -656 ) (1024 -991 -656 ) (1024 -991 2096.220215 ) 
4 120 121 (1024 -991 -656 ) (1024 0 -656 ) (2048 0 -656 ) (2048 -991 -656 ) 
4 121 124 (1024 0 -656 ) (1024 0 -704 ) (1024 -991 -704 ) (1024 -991 -656 ) 
4 121 122 (2048 -991 -704 ) (1024 -991 -704 ) (1024 0 -704 ) (2048 0 -704 ) 
4 122 125 (1024 0 -704 ) (1024 0 -1641.220093 ) (1024 -991 -1641.220093 ) (1024 -991 -704 ) 
4 123 126 (0 0 2096.220215 ) (0 0 -656 ) (0 -991 -656 ) (0 -991 2096.220215 ) 
4 123 124 (0 0 -656 ) (1024 0 -656 ) (1024 -991 -656 ) (0 -991 -656 ) 
4 124 127 (0 0 -656 ) (0 0 -704 ) (0 -991 -704 ) (0 -991 -656 ) 
4 124 125 (1024 -991 -704 ) (0 -991 -704 ) (0 0 -704 ) (1024 0 -704 ) 
4 125 128 (0 0 -704 ) (0 0 -1641.220093 ) (0 -991 -1641.220093 ) (0 -991 -704 ) 
4 126 127 (-982 -991 -656 ) (-982 0 -656 ) (0 0 -656 ) (0 -991 -656 ) 
4 127 128 (0 -991 -704 ) (-982 -991 -704 ) (-982 0 -704 ) (0 0 -704 ) 
