PRT1
363
902
4 0 15 (10304 -1024 2048 ) (10240 -1024 2048 ) (10240 -1024 -656 ) (10304 -1024 -656 ) 
4 0 3 (10240 -1024 -656 ) (10240 -1024 2048 ) (10240 -64 2048 ) (10240 -64 -656 ) 
4 0 1 (10304 -1024 -656 ) (10240 -1024 -656 ) (10240 -64 -656 ) (10304 -64 -656 ) 
4 1 16 (10304 -1024 -864 ) (10304 -1024 -656 ) (10240 -1024 -656 ) (10240 -1024 -864 ) 
4 1 4 (10240 -1024 -864 ) (10240 -1024 -656 ) (10240 -64 -656 ) (10240 -64 -864 ) 
4 1 2 (10240 -1024 -864 ) (10240 -64 -864 ) (10304 -64 -864 ) (10304 -1024 -864 ) 
4 2 17 (10304 -1024 -1536 ) (10304 -1024 -864 ) (10240 -1024 -864 ) (10240 -1024 -1536 ) 
4 2 5 (10240 -1024 -1536 ) (10240 -1024 -864 ) (10240 -64 -864 ) (10240 -64 -1536 ) 
4 3 18 (10240 -1024 -656 ) (10240 -1024 2048 ) (9216 -1024 2048 ) (9216 -1024 -656 ) 
4 3 6 (9216 -1024 -656 ) (9216 -1024 2048 ) (9216 -64 2048 ) (9216 -64 -656 ) 
4 3 4 (10240 -64 -656 ) (10240 -1024 -656 ) (9216 -1024 -656 ) (9216 -64 -656 ) 
4 4 19 (10240 -1024 -864 ) (10240 -1024 -656 ) (9216 -1024 -656 ) (9216 -1024 -864 ) 
4 4 7 (9216 -1024 -864 ) (9216 -1024 -656 ) (9216 -64 -656 ) (9216 -64 -864 ) 
4 4 5 (9216 -64 -864 ) (10240 -64 -864 ) (10240 -1024 -864 ) (9216 -1024 -864 ) 
4 5 20 (10240 -1024 -1536 ) (10240 -1024 -864 ) (9216 -1024 -864 ) (9216 -1024 -1536 ) 
4 5 8 (9216 -1024 -1536 ) (9216 -1024 -864 ) (9216 -64 -864 ) (9216 -64 -1536 ) 
4 6 39 (9216 -1024 -656 ) (9216 -1024 2048 ) (8192 -1024 2048 ) (8192 -1024 -656 ) 
4 6 9 (8192 -1024 -656 ) (8192 -1024 2048 ) (8192 -64 2048 ) (8192 -64 -656 ) 
4 6 7 (9216 -1024 -656 ) (8192 -1024 -656 ) (8192 -64 -656 ) (9216 -64 -656 ) 
4 7 40 (9216 -1024 -864 ) (9216 -1024 -656 ) (8192 -1024 -656 ) (8192 -1024 -864 ) 
4 7 10 (8192 -1024 -864 ) (8192 -1024 -656 ) (8192 -64 -656 ) (8192 -64 -864 ) 
4 7 8 (9216 -1024 -864 ) (8192 -1024 -864 ) (8192 -64 -864 ) (9216 -64 -864 ) 
4 8 41 (9216 -1024 -1536 ) (9216 -1024 -864 ) (8192 -1024 -864 ) (8192 -1024 -1536 ) 
4 8 11 (8192 -1024 -1536 ) (8192 -1024 -864 ) (8192 -64 -864 ) (8192 -64 -1536 ) 
4 9 45 (8192 -1024 -656 ) (8192 -1024 2048 ) (7168 -1024 2048 ) (7168 -1024 -656 ) 
4 9 12 (7168 -1024 -656 ) (7168 -1024 2048 ) (7168 -64 2048 ) (7168 -64 -656 ) 
4 9 10 (8192 -64 -656 ) (8192 -1024 -656 ) (7168 -1024 -656 ) (7168 -64 -656 ) 
4 10 46 (8192 -1024 -864 ) (8192 -1024 -656 ) (7168 -1024 -656 ) (7168 -1024 -864 ) 
4 10 13 (7168 -1024 -864 ) (7168 -1024 -656 ) (7168 -64 -656 ) (7168 -64 -864 ) 
4 10 11 (7168 -64 -864 ) (8192 -64 -864 ) (8192 -1024 -864 ) (7168 -1024 -864 ) 
4 11 47 (8192 -1024 -1536 ) (8192 -1024 -864 ) (7168 -1024 -864 ) (7168 -1024 -1536 ) 
4 11 14 (7168 -1024 -1536 ) (7168 -1024 -864 ) (7168 -64 -864 ) (7168 -64 -1536 ) 
4 12 75 (6144 -1024 -656 ) (6144 -1024 2048 ) (6144 -64 2048 ) (6144 -64 -656 ) 
4 12 48 (7168 -1024 -656 ) (7168 -1024 2048 ) (6144 -1024 2048 ) (6144 -1024 -656 ) 
4 12 13 (7168 -64 -656 ) (7168 -1024 -656 ) (6144 -1024 -656 ) (6144 -64 -656 ) 
4 13 76 (6144 -1024 -864 ) (6144 -1024 -656 ) (6144 -64 -656 ) (6144 -64 -864 ) 
4 13 49 (7168 -1024 -864 ) (7168 -1024 -656 ) (6144 -1024 -656 ) (6144 -1024 -864 ) 
4 13 14 (6144 -64 -864 ) (7168 -64 -864 ) (7168 -1024 -864 ) (6144 -1024 -864 ) 
4 14 77 (6144 -1024 -1536 ) (6144 -1024 -864 ) (6144 -64 -864 ) (6144 -64 -1536 ) 
4 14 50 (7168 -1024 -1536 ) (7168 -1024 -864 ) (6144 -1024 -864 ) (6144 -1024 -1536 ) 
4 15 21 (10304 -2048 2048 ) (10240 -2048 2048 ) (10240 -2048 -656 ) (10304 -2048 -656 ) 
4 15 18 (10240 -1024 2048 ) (10240 -1024 -656 ) (10240 -2048 -656 ) (10240 -2048 2048 ) 
4 15 16 (10304 -2048 -656 ) (10240 -2048 -656 ) (10240 -1024 -656 ) (10304 -1024 -656 ) 
4 16 22 (10304 -2048 -864 ) (10304 -2048 -656 ) (10240 -2048 -656 ) (10240 -2048 -864 ) 
4 16 19 (10240 -1024 -656 ) (10240 -1024 -864 ) (10240 -2048 -864 ) (10240 -2048 -656 ) 
4 16 17 (10240 -1024 -864 ) (10304 -1024 -864 ) (10304 -2048 -864 ) (10240 -2048 -864 ) 
4 17 23 (10304 -2048 -1536 ) (10304 -2048 -864 ) (10240 -2048 -864 ) (10240 -2048 -1536 ) 
4 17 20 (10240 -1024 -864 ) (10240 -1024 -1536 ) (10240 -2048 -1536 ) (10240 -2048 -864 ) 
4 18 39 (9216 -1024 2048 ) (9216 -1024 -656 ) (9216 -2048 -656 ) (9216 -2048 2048 ) 
4 18 24 (10240 -2048 -656 ) (10240 -2048 2048 ) (9216 -2048 2048 ) (9216 -2048 -656 ) 
4 18 19 (9216 -1024 -656 ) (10240 -1024 -656 ) (10240 -2048 -656 ) (9216 -2048 -656 ) 
4 19 40 (9216 -1024 -656 ) (9216 -1024 -864 ) (9216 -2048 -864 ) (9216 -2048 -656 ) 
4 19 25 (10240 -2048 -864 ) (10240 -2048 -656 ) (9216 -2048 -656 ) (9216 -2048 -864 ) 
4 19 20 (10240 -2048 -864 ) (9216 -2048 -864 ) (9216 -1024 -864 ) (10240 -1024 -864 ) 
4 20 41 (9216 -1024 -864 ) (9216 -1024 -1536 ) (9216 -2048 -1536 ) (9216 -2048 -864 ) 
4 20 26 (10240 -2048 -1536 ) (10240 -2048 -864 ) (9216 -2048 -864 ) (9216 -2048 -1536 ) 
4 21 27 (10304 -3072 2048 ) (10240 -3072 2048 ) (10240 -3072 -656 ) (10304 -3072 -656 ) 
4 21 24 (10240 -2048 2048 ) (10240 -2048 -656 ) (10240 -3072 -656 ) (10240 -3072 2048 ) 
4 21 22 (10304 -3072 -656 ) (10240 -3072 -656 ) (10240 -2048 -656 ) (10304 -2048 -656 ) 
4 22 28 (10304 -3072 -864 ) (10304 -3072 -656 ) (10240 -3072 -656 ) (10240 -3072 -864 ) 
4 22 25 (10240 -2048 -656 ) (10240 -2048 -864 ) (10240 -3072 -864 ) (10240 -3072 -656 ) 
4 22 23 (10240 -2048 -864 ) (10304 -2048 -864 ) (10304 -3072 -864 ) (10240 -3072 -864 ) 
4 23 29 (10304 -3072 -1536 ) (10304 -3072 -864 ) (10240 -3072 -864 ) (10240 -3072 -1536 ) 
4 23 26 (10240 -2048 -864 ) (10240 -2048 -1536 ) (10240 -3072 -1536 ) (10240 -3072 -864 ) 
4 24 42 (9216 -3072 -656 ) (9216 -3072 2048 ) (9216 -2048 2048 ) (9216 -2048 -656 ) 
4 24 30 (10240 -3072 -656 ) (10240 -3072 2048 ) (9216 -3072 2048 ) (9216 -3072 -656 ) 
4 24 25 (10240 -2048 -656 ) (10240 -3072 -656 ) (9216 -3072 -656 ) (9216 -2048 -656 ) 
4 25 43 (9216 -3072 -864 ) (9216 -3072 -656 ) (9216 -2048 -656 ) (9216 -2048 -864 ) 
4 25 31 (10240 -3072 -864 ) (10240 -3072 -656 ) (9216 -3072 -656 ) (9216 -3072 -864 ) 
4 25 26 (10240 -3072 -864 ) (9216 -3072 -864 ) (9216 -2048 -864 ) (10240 -2048 -864 ) 
4 26 44 (9216 -3072 -1536 ) (9216 -3072 -864 ) (9216 -2048 -864 ) (9216 -2048 -1536 ) 
4 26 32 (10240 -3072 -1536 ) (10240 -3072 -864 ) (9216 -3072 -864 ) (9216 -3072 -1536 ) 
4 27 33 (10304 -4096 2048 ) (10240 -4096 2048 ) (10240 -4096 -656 ) (10304 -4096 -656 ) 
4 27 30 (10240 -3072 2048 ) (10240 -3072 -656 ) (10240 -4096 -656 ) (10240 -4096 2048 ) 
4 27 28 (10304 -4096 -656 ) (10240 -4096 -656 ) (10240 -3072 -656 ) (10304 -3072 -656 ) 
4 28 34 (10304 -4096 -864 ) (10304 -4096 -656 ) (10240 -4096 -656 ) (10240 -4096 -864 ) 
4 28 31 (10240 -3072 -656 ) (10240 -3072 -864 ) (10240 -4096 -864 ) (10240 -4096 -656 ) 
4 28 29 (10240 -3072 -864 ) (10304 -3072 -864 ) (10304 -4096 -864 ) (10240 -4096 -864 ) 
4 29 35 (10304 -4096 -1536 ) (10304 -4096 -864 ) (10240 -4096 -864 ) (10240 -4096 -1536 ) 
4 29 32 (10240 -3072 -864 ) (10240 -3072 -1536 ) (10240 -4096 -1536 ) (10240 -4096 -864 ) 
4 30 57 (9216 -4096 -656 ) (9216 -4096 2048 ) (9216 -3072 2048 ) (9216 -3072 -656 ) 
4 30 36 (10240 -4096 -656 ) (10240 -4096 2048 ) (9216 -4096 2048 ) (9216 -4096 -656 ) 
4 30 31 (10240 -3072 -656 ) (10240 -4096 -656 ) (9216 -4096 -656 ) (9216 -3072 -656 ) 
4 31 58 (9216 -4096 -864 ) (9216 -4096 -656 ) (9216 -3072 -656 ) (9216 -3072 -864 ) 
4 31 37 (10240 -4096 -864 ) (10240 -4096 -656 ) (9216 -4096 -656 ) (9216 -4096 -864 ) 
4 31 32 (10240 -4096 -864 ) (9216 -4096 -864 ) (9216 -3072 -864 ) (10240 -3072 -864 ) 
4 32 59 (9216 -4096 -1536 ) (9216 -4096 -864 ) (9216 -3072 -864 ) (9216 -3072 -1536 ) 
4 32 38 (10240 -4096 -1536 ) (10240 -4096 -864 ) (9216 -4096 -864 ) (9216 -4096 -1536 ) 
4 33 165 (10304 -5120 2048 ) (10240 -5120 2048 ) (10240 -5120 -656 ) (10304 -5120 -656 ) 
4 33 36 (10240 -4096 2048 ) (10240 -4096 -656 ) (10240 -5120 -656 ) (10240 -5120 2048 ) 
4 33 34 (10304 -5120 -656 ) (10240 -5120 -656 ) (10240 -4096 -656 ) (10304 -4096 -656 ) 
4 34 166 (10304 -5120 -864 ) (10304 -5120 -656 ) (10240 -5120 -656 ) (10240 -5120 -864 ) 
4 34 37 (10240 -4096 -656 ) (10240 -4096 -864 ) (10240 -5120 -864 ) (10240 -5120 -656 ) 
4 34 35 (10240 -4096 -864 ) (10304 -4096 -864 ) (10304 -5120 -864 ) (10240 -5120 -864 ) 
4 35 167 (10304 -5120 -1536 ) (10304 -5120 -864 ) (10240 -5120 -864 ) (10240 -5120 -1536 ) 
4 35 38 (10240 -4096 -864 ) (10240 -4096 -1536 ) (10240 -5120 -1536 ) (10240 -5120 -864 ) 
4 36 168 (10240 -5120 -656 ) (10240 -5120 2048 ) (9216 -5120 2048 ) (9216 -5120 -656 ) 
4 36 60 (9216 -5120 -656 ) (9216 -5120 2048 ) (9216 -4096 2048 ) (9216 -4096 -656 ) 
4 36 37 (10240 -4096 -656 ) (10240 -5120 -656 ) (9216 -5120 -656 ) (9216 -4096 -656 ) 
4 37 169 (10240 -5120 -864 ) (10240 -5120 -656 ) (9216 -5120 -656 ) (9216 -5120 -864 ) 
4 37 61 (9216 -5120 -864 ) (9216 -5120 -656 ) (9216 -4096 -656 ) (9216 -4096 -864 ) 
4 37 38 (10240 -5120 -864 ) (9216 -5120 -864 ) (9216 -4096 -864 ) (10240 -4096 -864 ) 
4 38 170 (10240 -5120 -1536 ) (10240 -5120 -864 ) (9216 -5120 -864 ) (9216 -5120 -1536 ) 
4 38 62 (9216 -5120 -1536 ) (9216 -5120 -864 ) (9216 -4096 -864 ) (9216 -4096 -1536 ) 
4 39 45 (8192 -1024 2048 ) (8192 -1024 -656 ) (8192 -2048 -656 ) (8192 -2048 2048 ) 
4 39 42 (9216 -2048 -656 ) (9216 -2048 2048 ) (8192 -2048 2048 ) (8192 -2048 -656 ) 
4 39 40 (8192 -2048 -656 ) (8192 -1024 -656 ) (9216 -1024 -656 ) (9216 -2048 -656 ) 
4 40 46 (8192 -1024 -656 ) (8192 -1024 -864 ) (8192 -2048 -864 ) (8192 -2048 -656 ) 
4 40 43 (9216 -2048 -864 ) (9216 -2048 -656 ) (8192 -2048 -656 ) (8192 -2048 -864 ) 
4 40 41 (9216 -2048 -864 ) (8192 -2048 -864 ) (8192 -1024 -864 ) (9216 -1024 -864 ) 
4 41 47 (8192 -1024 -864 ) (8192 -1024 -1536 ) (8192 -2048 -1536 ) (8192 -2048 -864 ) 
4 41 44 (9216 -2048 -1536 ) (9216 -2048 -864 ) (8192 -2048 -864 ) (8192 -2048 -1536 ) 
4 42 57 (9216 -3072 -656 ) (9216 -3072 2048 ) (8192 -3072 2048 ) (8192 -3072 -656 ) 
4 42 51 (8192 -3072 -656 ) (8192 -3072 2048 ) (8192 -2048 2048 ) (8192 -2048 -656 ) 
4 42 43 (8192 -3072 -656 ) (8192 -2048 -656 ) (9216 -2048 -656 ) (9216 -3072 -656 ) 
4 43 58 (9216 -3072 -864 ) (9216 -3072 -656 ) (8192 -3072 -656 ) (8192 -3072 -864 ) 
4 43 52 (8192 -3072 -864 ) (8192 -3072 -656 ) (8192 -2048 -656 ) (8192 -2048 -864 ) 
4 43 44 (9216 -3072 -864 ) (8192 -3072 -864 ) (8192 -2048 -864 ) (9216 -2048 -864 ) 
4 44 59 (9216 -3072 -1536 ) (9216 -3072 -864 ) (8192 -3072 -864 ) (8192 -3072 -1536 ) 
4 44 53 (8192 -3072 -1536 ) (8192 -3072 -864 ) (8192 -2048 -864 ) (8192 -2048 -1536 ) 
4 45 51 (8192 -2048 -656 ) (8192 -2048 2048 ) (7168 -2048 2048 ) (7168 -2048 -656 ) 
4 45 48 (7168 -1024 2048 ) (7168 -1024 -656 ) (7168 -2048 -656 ) (7168 -2048 2048 ) 
4 45 46 (8192 -2048 -656 ) (7168 -2048 -656 ) (7168 -1024 -656 ) (8192 -1024 -656 ) 
4 46 52 (8192 -2048 -864 ) (8192 -2048 -656 ) (7168 -2048 -656 ) (7168 -2048 -864 ) 
4 46 49 (7168 -1024 -656 ) (7168 -1024 -864 ) (7168 -2048 -864 ) (7168 -2048 -656 ) 
4 46 47 (7168 -2048 -864 ) (7168 -1024 -864 ) (8192 -1024 -864 ) (8192 -2048 -864 ) 
4 47 53 (8192 -2048 -1536 ) (8192 -2048 -864 ) (7168 -2048 -864 ) (7168 -2048 -1536 ) 
4 47 50 (7168 -1024 -864 ) (7168 -1024 -1536 ) (7168 -2048 -1536 ) (7168 -2048 -864 ) 
4 48 93 (6144 -2048 -656 ) (6144 -2048 2048 ) (6144 -1024 2048 ) (6144 -1024 -656 ) 
4 48 54 (7168 -2048 -656 ) (7168 -2048 2048 ) (6144 -2048 2048 ) (6144 -2048 -656 ) 
4 48 49 (7168 -1024 -656 ) (7168 -2048 -656 ) (6144 -2048 -656 ) (6144 -1024 -656 ) 
4 49 94 (6144 -2048 -864 ) (6144 -2048 -656 ) (6144 -1024 -656 ) (6144 -1024 -864 ) 
4 49 55 (7168 -2048 -864 ) (7168 -2048 -656 ) (6144 -2048 -656 ) (6144 -2048 -864 ) 
4 49 50 (7168 -2048 -864 ) (6144 -2048 -864 ) (6144 -1024 -864 ) (7168 -1024 -864 ) 
4 50 95 (6144 -2048 -1536 ) (6144 -2048 -864 ) (6144 -1024 -864 ) (6144 -1024 -1536 ) 
4 50 56 (7168 -2048 -1536 ) (7168 -2048 -864 ) (6144 -2048 -864 ) (6144 -2048 -1536 ) 
4 51 63 (8192 -3072 -656 ) (8192 -3072 2048 ) (7168 -3072 2048 ) (7168 -3072 -656 ) 
4 51 54 (7168 -2048 2048 ) (7168 -2048 -656 ) (7168 -3072 -656 ) (7168 -3072 2048 ) 
4 51 52 (7168 -2048 -656 ) (8192 -2048 -656 ) (8192 -3072 -656 ) (7168 -3072 -656 ) 
4 52 64 (8192 -3072 -864 ) (8192 -3072 -656 ) (7168 -3072 -656 ) (7168 -3072 -864 ) 
4 52 55 (7168 -2048 -656 ) (7168 -2048 -864 ) (7168 -3072 -864 ) (7168 -3072 -656 ) 
4 52 53 (8192 -3072 -864 ) (7168 -3072 -864 ) (7168 -2048 -864 ) (8192 -2048 -864 ) 
4 53 65 (8192 -3072 -1536 ) (8192 -3072 -864 ) (7168 -3072 -864 ) (7168 -3072 -1536 ) 
4 53 56 (7168 -2048 -864 ) (7168 -2048 -1536 ) (7168 -3072 -1536 ) (7168 -3072 -864 ) 
4 54 96 (6144 -3072 -656 ) (6144 -3072 2048 ) (6144 -2048 2048 ) (6144 -2048 -656 ) 
4 54 66 (7168 -3072 -656 ) (7168 -3072 2048 ) (6144 -3072 2048 ) (6144 -3072 -656 ) 
4 54 55 (7168 -2048 -656 ) (7168 -3072 -656 ) (6144 -3072 -656 ) (6144 -2048 -656 ) 
4 55 97 (6144 -3072 -864 ) (6144 -3072 -656 ) (6144 -2048 -656 ) (6144 -2048 -864 ) 
4 55 67 (7168 -3072 -864 ) (7168 -3072 -656 ) (6144 -3072 -656 ) (6144 -3072 -864 ) 
4 55 56 (7168 -3072 -864 ) (6144 -3072 -864 ) (6144 -2048 -864 ) (7168 -2048 -864 ) 
4 56 98 (6144 -3072 -1536 ) (6144 -3072 -864 ) (6144 -2048 -864 ) (6144 -2048 -1536 ) 
4 56 68 (7168 -3072 -1536 ) (7168 -3072 -864 ) (6144 -3072 -864 ) (6144 -3072 -1536 ) 
4 57 63 (8192 -3072 2048 ) (8192 -3072 -656 ) (8192 -4096 -656 ) (8192 -4096 2048 ) 
4 57 60 (9216 -4096 -656 ) (9216 -4096 2048 ) (8192 -4096 2048 ) (8192 -4096 -656 ) 
4 57 58 (8192 -4096 -656 ) (8192 -3072 -656 ) (9216 -3072 -656 ) (9216 -4096 -656 ) 
4 58 64 (8192 -3072 -656 ) (8192 -3072 -864 ) (8192 -4096 -864 ) (8192 -4096 -656 ) 
4 58 61 (9216 -4096 -864 ) (9216 -4096 -656 ) (8192 -4096 -656 ) (8192 -4096 -864 ) 
4 58 59 (9216 -4096 -864 ) (8192 -4096 -864 ) (8192 -3072 -864 ) (9216 -3072 -864 ) 
4 59 65 (8192 -3072 -864 ) (8192 -3072 -1536 ) (8192 -4096 -1536 ) (8192 -4096 -864 ) 
4 59 62 (9216 -4096 -1536 ) (9216 -4096 -864 ) (8192 -4096 -864 ) (8192 -4096 -1536 ) 
4 60 183 (9216 -5120 -656 ) (9216 -5120 2048 ) (8192 -5120 2048 ) (8192 -5120 -656 ) 
4 60 69 (8192 -5120 -656 ) (8192 -5120 2048 ) (8192 -4096 2048 ) (8192 -4096 -656 ) 
4 60 61 (9216 -5120 -656 ) (8192 -5120 -656 ) (8192 -4096 -656 ) (9216 -4096 -656 ) 
4 61 184 (9216 -5120 -864 ) (9216 -5120 -656 ) (8192 -5120 -656 ) (8192 -5120 -864 ) 
4 61 70 (8192 -5120 -864 ) (8192 -5120 -656 ) (8192 -4096 -656 ) (8192 -4096 -864 ) 
4 61 62 (9216 -4096 -864 ) (9216 -5120 -864 ) (8192 -5120 -864 ) (8192 -4096 -864 ) 
4 62 185 (9216 -5120 -1536 ) (9216 -5120 -864 ) (8192 -5120 -864 ) (8192 -5120 -1536 ) 
4 62 71 (8192 -5120 -1536 ) (8192 -5120 -864 ) (8192 -4096 -864 ) (8192 -4096 -1536 ) 
4 63 69 (8192 -4096 -656 ) (8192 -4096 2048 ) (7168 -4096 2048 ) (7168 -4096 -656 ) 
4 63 66 (7168 -3072 2048 ) (7168 -3072 -656 ) (7168 -4096 -656 ) (7168 -4096 2048 ) 
4 63 64 (8192 -4096 -656 ) (7168 -4096 -656 ) (7168 -3072 -656 ) (8192 -3072 -656 ) 
4 64 70 (8192 -4096 -864 ) (8192 -4096 -656 ) (7168 -4096 -656 ) (7168 -4096 -864 ) 
4 64 67 (7168 -3072 -656 ) (7168 -3072 -864 ) (7168 -4096 -864 ) (7168 -4096 -656 ) 
4 64 65 (7168 -4096 -864 ) (7168 -3072 -864 ) (8192 -3072 -864 ) (8192 -4096 -864 ) 
4 65 71 (8192 -4096 -1536 ) (8192 -4096 -864 ) (7168 -4096 -864 ) (7168 -4096 -1536 ) 
4 65 68 (7168 -3072 -864 ) (7168 -3072 -1536 ) (7168 -4096 -1536 ) (7168 -4096 -864 ) 
4 66 111 (6144 -4096 -656 ) (6144 -4096 2048 ) (6144 -3072 2048 ) (6144 -3072 -656 ) 
4 66 72 (7168 -4096 -656 ) (7168 -4096 2048 ) (6144 -4096 2048 ) (6144 -4096 -656 ) 
4 66 67 (7168 -3072 -656 ) (7168 -4096 -656 ) (6144 -4096 -656 ) (6144 -3072 -656 ) 
4 67 112 (6144 -4096 -864 ) (6144 -4096 -656 ) (6144 -3072 -656 ) (6144 -3072 -864 ) 
4 67 73 (7168 -4096 -864 ) (7168 -4096 -656 ) (6144 -4096 -656 ) (6144 -4096 -864 ) 
4 67 68 (7168 -4096 -864 ) (6144 -4096 -864 ) (6144 -3072 -864 ) (7168 -3072 -864 ) 
4 68 113 (6144 -4096 -1536 ) (6144 -4096 -864 ) (6144 -3072 -864 ) (6144 -3072 -1536 ) 
4 68 74 (7168 -4096 -1536 ) (7168 -4096 -864 ) (6144 -4096 -864 ) (6144 -4096 -1536 ) 
4 69 186 (8192 -5120 -656 ) (8192 -5120 2048 ) (7168 -5120 2048 ) (7168 -5120 -656 ) 
4 69 72 (7168 -4096 2048 ) (7168 -4096 -656 ) (7168 -5120 -656 ) (7168 -5120 2048 ) 
4 69 70 (7168 -4096 -656 ) (8192 -4096 -656 ) (8192 -5120 -656 ) (7168 -5120 -656 ) 
4 70 187 (8192 -5120 -864 ) (8192 -5120 -656 ) (7168 -5120 -656 ) (7168 -5120 -864 ) 
4 70 73 (7168 -4096 -656 ) (7168 -4096 -864 ) (7168 -5120 -864 ) (7168 -5120 -656 ) 
4 70 71 (8192 -5120 -864 ) (7168 -5120 -864 ) (7168 -4096 -864 ) (8192 -4096 -864 ) 
4 71 188 (8192 -5120 -1536 ) (8192 -5120 -864 ) (7168 -5120 -864 ) (7168 -5120 -1536 ) 
4 71 74 (7168 -4096 -864 ) (7168 -4096 -1536 ) (7168 -5120 -1536 ) (7168 -5120 -864 ) 
4 72 189 (7168 -5120 -656 ) (7168 -5120 2048 ) (6144 -5120 2048 ) (6144 -5120 -656 ) 
4 72 114 (6144 -5120 -656 ) (6144 -5120 2048 ) (6144 -4096 2048 ) (6144 -4096 -656 ) 
4 72 73 (7168 -4096 -656 ) (7168 -5120 -656 ) (6144 -5120 -656 ) (6144 -4096 -656 ) 
4 73 190 (7168 -5120 -864 ) (7168 -5120 -656 ) (6144 -5120 -656 ) (6144 -5120 -864 ) 
4 73 115 (6144 -5120 -864 ) (6144 -5120 -656 ) (6144 -4096 -656 ) (6144 -4096 -864 ) 
4 73 74 (7168 -5120 -864 ) (6144 -5120 -864 ) (6144 -4096 -864 ) (7168 -4096 -864 ) 
4 74 191 (7168 -5120 -1536 ) (7168 -5120 -864 ) (6144 -5120 -864 ) (6144 -5120 -1536 ) 
4 74 116 (6144 -5120 -1536 ) (6144 -5120 -864 ) (6144 -4096 -864 ) (6144 -4096 -1536 ) 
4 75 93 (6144 -1024 -656 ) (6144 -1024 2048 ) (5120 -1024 2048 ) (5120 -1024 -656 ) 
4 75 78 (5120 -1024 -656 ) (5120 -1024 2048 ) (5120 -64 2048 ) (5120 -64 -656 ) 
4 75 76 (5120 -1024 -656 ) (5120 -64 -656 ) (6144 -64 -656 ) (6144 -1024 -656 ) 
4 76 94 (6144 -1024 -864 ) (6144 -1024 -656 ) (5120 -1024 -656 ) (5120 -1024 -864 ) 
4 76 79 (5120 -1024 -864 ) (5120 -1024 -656 ) (5120 -64 -656 ) (5120 -64 -864 ) 
4 76 77 (5120 -1024 -864 ) (5120 -64 -864 ) (6144 -64 -864 ) (6144 -1024 -864 ) 
4 77 95 (6144 -1024 -1536 ) (6144 -1024 -864 ) (5120 -1024 -864 ) (5120 -1024 -1536 ) 
4 77 80 (5120 -1024 -1536 ) (5120 -1024 -864 ) (5120 -64 -864 ) (5120 -64 -1536 ) 
4 78 99 (5120 -1024 -656 ) (5120 -1024 2048 ) (4096 -1024 2048 ) (4096 -1024 -656 ) 
4 78 81 (4096 -1024 -656 ) (4096 -1024 2048 ) (4096 -64 2048 ) (4096 -64 -656 ) 
4 78 79 (5120 -64 -656 ) (5120 -1024 -656 ) (4096 -1024 -656 ) (4096 -64 -656 ) 
4 79 100 (5120 -1024 -864 ) (5120 -1024 -656 ) (4096 -1024 -656 ) (4096 -1024 -864 ) 
4 79 82 (4096 -1024 -864 ) (4096 -1024 -656 ) (4096 -64 -656 ) (4096 -64 -864 ) 
4 79 80 (4096 -64 -864 ) (5120 -64 -864 ) (5120 -1024 -864 ) (4096 -1024 -864 ) 
4 80 101 (5120 -1024 -1536 ) (5120 -1024 -864 ) (4096 -1024 -864 ) (4096 -1024 -1536 ) 
4 80 83 (4096 -1024 -1536 ) (4096 -1024 -864 ) (4096 -64 -864 ) (4096 -64 -1536 ) 
4 81 102 (4096 -1024 -656 ) (4096 -1024 2048 ) (3072 -1024 2048 ) (3072 -1024 -656 ) 
4 81 84 (3072 -1024 -656 ) (3072 -1024 2048 ) (3072 -64 2048 ) (3072 -64 -656 ) 
4 81 82 (4096 -64 -656 ) (4096 -1024 -656 ) (3072 -1024 -656 ) (3072 -64 -656 ) 
4 82 103 (4096 -1024 -864 ) (4096 -1024 -656 ) (3072 -1024 -656 ) (3072 -1024 -864 ) 
4 82 85 (3072 -1024 -864 ) (3072 -1024 -656 ) (3072 -64 -656 ) (3072 -64 -864 ) 
4 82 83 (3072 -64 -864 ) (4096 -64 -864 ) (4096 -1024 -864 ) (3072 -1024 -864 ) 
4 83 104 (4096 -1024 -1536 ) (4096 -1024 -864 ) (3072 -1024 -864 ) (3072 -1024 -1536 ) 
4 83 86 (3072 -1024 -1536 ) (3072 -1024 -864 ) (3072 -64 -864 ) (3072 -64 -1536 ) 
4 84 129 (3072 -1024 -656 ) (3072 -1024 2048 ) (2048 -1024 2048 ) (2048 -1024 -656 ) 
4 84 87 (2048 -1024 -656 ) (2048 -1024 2048 ) (2048 -64 2048 ) (2048 -64 -656 ) 
4 84 85 (3072 -64 -656 ) (3072 -1024 -656 ) (2048 -1024 -656 ) (2048 -64 -656 ) 
4 85 130 (3072 -1024 -864 ) (3072 -1024 -656 ) (2048 -1024 -656 ) (2048 -1024 -864 ) 
4 85 88 (2048 -1024 -864 ) (2048 -1024 -656 ) (2048 -64 -656 ) (2048 -64 -864 ) 
4 85 86 (2048 -64 -864 ) (3072 -64 -864 ) (3072 -1024 -864 ) (2048 -1024 -864 ) 
4 86 131 (3072 -1024 -1536 ) (3072 -1024 -864 ) (2048 -1024 -864 ) (2048 -1024 -1536 ) 
4 86 89 (2048 -1024 -1536 ) (2048 -1024 -864 ) (2048 -64 -864 ) (2048 -64 -1536 ) 
4 87 132 (2048 -1024 -656 ) (2048 -1024 2048 ) (1024 -1024 2048 ) (1024 -1024 -656 ) 
4 87 90 (1024 -1024 -656 ) (1024 -1024 2048 ) (1024 -64 2048 ) (1024 -64 -656 ) 
4 87 88 (1024 -1024 -656 ) (1024 -64 -656 ) (2048 -64 -656 ) (2048 -1024 -656 ) 
4 88 133 (2048 -1024 -864 ) (2048 -1024 -656 ) (1024 -1024 -656 ) (1024 -1024 -864 ) 
4 88 91 (1024 -1024 -864 ) (1024 -1024 -656 ) (1024 -64 -656 ) (1024 -64 -864 ) 
4 88 89 (1024 -1024 -864 ) (1024 -64 -864 ) (2048 -64 -864 ) (2048 -1024 -864 ) 
4 89 134 (2048 -1024 -1536 ) (2048 -1024 -864 ) (1024 -1024 -864 ) (1024 -1024 -1536 ) 
4 89 92 (1024 -1024 -1536 ) (1024 -1024 -864 ) (1024 -64 -864 ) (1024 -64 -1536 ) 
4 90 141 (1024 -1024 -656 ) (1024 -1024 2048 ) (64 -1024 2048 ) (64 -1024 -656 ) 
4 90 91 (1024 -1024 -656 ) (64 -1024 -656 ) (64 -64 -656 ) (1024 -64 -656 ) 
4 91 142 (1024 -1024 -864 ) (1024 -1024 -656 ) (64 -1024 -656 ) (64 -1024 -864 ) 
4 91 92 (64 -1024 -864 ) (64 -64 -864 ) (1024 -64 -864 ) (1024 -1024 -864 ) 
4 92 143 (1024 -1024 -1536 ) (1024 -1024 -864 ) (64 -1024 -864 ) (64 -1024 -1536 ) 
4 93 99 (5120 -1024 2048 ) (5120 -1024 -656 ) (5120 -2048 -656 ) (5120 -2048 2048 ) 
4 93 96 (6144 -2048 -656 ) (6144 -2048 2048 ) (5120 -2048 2048 ) (5120 -2048 -656 ) 
4 93 94 (5120 -2048 -656 ) (5120 -1024 -656 ) (6144 -1024 -656 ) (6144 -2048 -656 ) 
4 94 100 (5120 -1024 -656 ) (5120 -1024 -864 ) (5120 -2048 -864 ) (5120 -2048 -656 ) 
4 94 97 (6144 -2048 -864 ) (6144 -2048 -656 ) (5120 -2048 -656 ) (5120 -2048 -864 ) 
4 94 95 (6144 -2048 -864 ) (5120 -2048 -864 ) (5120 -1024 -864 ) (6144 -1024 -864 ) 
4 95 101 (5120 -1024 -864 ) (5120 -1024 -1536 ) (5120 -2048 -1536 ) (5120 -2048 -864 ) 
4 95 98 (6144 -2048 -1536 ) (6144 -2048 -864 ) (5120 -2048 -864 ) (5120 -2048 -1536 ) 
4 96 111 (6144 -3072 -656 ) (6144 -3072 2048 ) (5120 -3072 2048 ) (5120 -3072 -656 ) 
4 96 105 (5120 -3072 -656 ) (5120 -3072 2048 ) (5120 -2048 2048 ) (5120 -2048 -656 ) 
4 96 97 (5120 -3072 -656 ) (5120 -2048 -656 ) (6144 -2048 -656 ) (6144 -3072 -656 ) 
4 97 112 (6144 -3072 -864 ) (6144 -3072 -656 ) (5120 -3072 -656 ) (5120 -3072 -864 ) 
4 97 106 (5120 -3072 -864 ) (5120 -3072 -656 ) (5120 -2048 -656 ) (5120 -2048 -864 ) 
4 97 98 (6144 -3072 -864 ) (5120 -3072 -864 ) (5120 -2048 -864 ) (6144 -2048 -864 ) 
4 98 113 (6144 -3072 -1536 ) (6144 -3072 -864 ) (5120 -3072 -864 ) (5120 -3072 -1536 ) 
4 98 107 (5120 -3072 -1536 ) (5120 -3072 -864 ) (5120 -2048 -864 ) (5120 -2048 -1536 ) 
4 99 105 (5120 -2048 -656 ) (5120 -2048 2048 ) (4096 -2048 2048 ) (4096 -2048 -656 ) 
4 99 102 (4096 -1024 2048 ) (4096 -1024 -656 ) (4096 -2048 -656 ) (4096 -2048 2048 ) 
4 99 100 (5120 -2048 -656 ) (4096 -2048 -656 ) (4096 -1024 -656 ) (5120 -1024 -656 ) 
4 100 106 (5120 -2048 -864 ) (5120 -2048 -656 ) (4096 -2048 -656 ) (4096 -2048 -864 ) 
4 100 103 (4096 -1024 -656 ) (4096 -1024 -864 ) (4096 -2048 -864 ) (4096 -2048 -656 ) 
4 100 101 (4096 -2048 -864 ) (4096 -1024 -864 ) (5120 -1024 -864 ) (5120 -2048 -864 ) 
4 101 107 (5120 -2048 -1536 ) (5120 -2048 -864 ) (4096 -2048 -864 ) (4096 -2048 -1536 ) 
4 101 104 (4096 -1024 -864 ) (4096 -1024 -1536 ) (4096 -2048 -1536 ) (4096 -2048 -864 ) 
4 102 129 (3072 -1024 2048 ) (3072 -1024 -656 ) (3072 -2048 -656 ) (3072 -2048 2048 ) 
4 102 108 (4096 -2048 -656 ) (4096 -2048 2048 ) (3072 -2048 2048 ) (3072 -2048 -656 ) 
4 102 103 (3072 -1024 -656 ) (4096 -1024 -656 ) (4096 -2048 -656 ) (3072 -2048 -656 ) 
4 103 130 (3072 -1024 -656 ) (3072 -1024 -864 ) (3072 -2048 -864 ) (3072 -2048 -656 ) 
4 103 109 (4096 -2048 -864 ) (4096 -2048 -656 ) (3072 -2048 -656 ) (3072 -2048 -864 ) 
4 103 104 (4096 -2048 -864 ) (3072 -2048 -864 ) (3072 -1024 -864 ) (4096 -1024 -864 ) 
4 104 131 (3072 -1024 -864 ) (3072 -1024 -1536 ) (3072 -2048 -1536 ) (3072 -2048 -864 ) 
4 104 110 (4096 -2048 -1536 ) (4096 -2048 -864 ) (3072 -2048 -864 ) (3072 -2048 -1536 ) 
4 105 117 (5120 -3072 -656 ) (5120 -3072 2048 ) (4096 -3072 2048 ) (4096 -3072 -656 ) 
4 105 108 (4096 -2048 2048 ) (4096 -2048 -656 ) (4096 -3072 -656 ) (4096 -3072 2048 ) 
4 105 106 (4096 -2048 -656 ) (5120 -2048 -656 ) (5120 -3072 -656 ) (4096 -3072 -656 ) 
4 106 118 (5120 -3072 -864 ) (5120 -3072 -656 ) (4096 -3072 -656 ) (4096 -3072 -864 ) 
4 106 109 (4096 -2048 -656 ) (4096 -2048 -864 ) (4096 -3072 -864 ) (4096 -3072 -656 ) 
4 106 107 (5120 -3072 -864 ) (4096 -3072 -864 ) (4096 -2048 -864 ) (5120 -2048 -864 ) 
4 107 119 (5120 -3072 -1536 ) (5120 -3072 -864 ) (4096 -3072 -864 ) (4096 -3072 -1536 ) 
4 107 110 (4096 -2048 -864 ) (4096 -2048 -1536 ) (4096 -3072 -1536 ) (4096 -3072 -864 ) 
4 108 135 (3072 -3072 -656 ) (3072 -3072 2048 ) (3072 -2048 2048 ) (3072 -2048 -656 ) 
4 108 120 (4096 -3072 -656 ) (4096 -3072 2048 ) (3072 -3072 2048 ) (3072 -3072 -656 ) 
4 108 109 (4096 -2048 -656 ) (4096 -3072 -656 ) (3072 -3072 -656 ) (3072 -2048 -656 ) 
4 109 136 (3072 -3072 -864 ) (3072 -3072 -656 ) (3072 -2048 -656 ) (3072 -2048 -864 ) 
4 109 121 (4096 -3072 -864 ) (4096 -3072 -656 ) (3072 -3072 -656 ) (3072 -3072 -864 ) 
4 109 110 (4096 -3072 -864 ) (3072 -3072 -864 ) (3072 -2048 -864 ) (4096 -2048 -864 ) 
4 110 137 (3072 -3072 -1536 ) (3072 -3072 -864 ) (3072 -2048 -864 ) (3072 -2048 -1536 ) 
4 110 122 (4096 -3072 -1536 ) (4096 -3072 -864 ) (3072 -3072 -864 ) (3072 -3072 -1536 ) 
4 111 117 (5120 -3072 2048 ) (5120 -3072 -656 ) (5120 -4096 -656 ) (5120 -4096 2048 ) 
4 111 114 (6144 -4096 -656 ) (6144 -4096 2048 ) (5120 -4096 2048 ) (5120 -4096 -656 ) 
4 111 112 (5120 -4096 -656 ) (5120 -3072 -656 ) (6144 -3072 -656 ) (6144 -4096 -656 ) 
4 112 118 (5120 -3072 -656 ) (5120 -3072 -864 ) (5120 -4096 -864 ) (5120 -4096 -656 ) 
4 112 115 (6144 -4096 -864 ) (6144 -4096 -656 ) (5120 -4096 -656 ) (5120 -4096 -864 ) 
4 112 113 (6144 -4096 -864 ) (5120 -4096 -864 ) (5120 -3072 -864 ) (6144 -3072 -864 ) 
4 113 119 (5120 -3072 -864 ) (5120 -3072 -1536 ) (5120 -4096 -1536 ) (5120 -4096 -864 ) 
4 113 116 (6144 -4096 -1536 ) (6144 -4096 -864 ) (5120 -4096 -864 ) (5120 -4096 -1536 ) 
4 114 255 (6144 -5120 -656 ) (6144 -5120 2048 ) (5120 -5120 2048 ) (5120 -5120 -656 ) 
4 114 123 (5120 -5120 -656 ) (5120 -5120 2048 ) (5120 -4096 2048 ) (5120 -4096 -656 ) 
4 114 115 (6144 -5120 -656 ) (5120 -5120 -656 ) (5120 -4096 -656 ) (6144 -4096 -656 ) 
4 115 256 (6144 -5120 -864 ) (6144 -5120 -656 ) (5120 -5120 -656 ) (5120 -5120 -864 ) 
4 115 124 (5120 -5120 -864 ) (5120 -5120 -656 ) (5120 -4096 -656 ) (5120 -4096 -864 ) 
4 115 116 (6144 -4096 -864 ) (6144 -5120 -864 ) (5120 -5120 -864 ) (5120 -4096 -864 ) 
4 116 257 (6144 -5120 -1536 ) (6144 -5120 -864 ) (5120 -5120 -864 ) (5120 -5120 -1536 ) 
4 116 125 (5120 -5120 -1536 ) (5120 -5120 -864 ) (5120 -4096 -864 ) (5120 -4096 -1536 ) 
4 117 123 (5120 -4096 -656 ) (5120 -4096 2048 ) (4096 -4096 2048 ) (4096 -4096 -656 ) 
4 117 120 (4096 -3072 2048 ) (4096 -3072 -656 ) (4096 -4096 -656 ) (4096 -4096 2048 ) 
4 117 118 (5120 -4096 -656 ) (4096 -4096 -656 ) (4096 -3072 -656 ) (5120 -3072 -656 ) 
4 118 124 (5120 -4096 -864 ) (5120 -4096 -656 ) (4096 -4096 -656 ) (4096 -4096 -864 ) 
4 118 121 (4096 -3072 -656 ) (4096 -3072 -864 ) (4096 -4096 -864 ) (4096 -4096 -656 ) 
4 118 119 (4096 -4096 -864 ) (4096 -3072 -864 ) (5120 -3072 -864 ) (5120 -4096 -864 ) 
4 119 125 (5120 -4096 -1536 ) (5120 -4096 -864 ) (4096 -4096 -864 ) (4096 -4096 -1536 ) 
4 119 122 (4096 -3072 -864 ) (4096 -3072 -1536 ) (4096 -4096 -1536 ) (4096 -4096 -864 ) 
4 120 147 (3072 -4096 -656 ) (3072 -4096 2048 ) (3072 -3072 2048 ) (3072 -3072 -656 ) 
4 120 126 (4096 -4096 -656 ) (4096 -4096 2048 ) (3072 -4096 2048 ) (3072 -4096 -656 ) 
4 120 121 (4096 -3072 -656 ) (4096 -4096 -656 ) (3072 -4096 -656 ) (3072 -3072 -656 ) 
4 121 148 (3072 -4096 -864 ) (3072 -4096 -656 ) (3072 -3072 -656 ) (3072 -3072 -864 ) 
4 121 127 (4096 -4096 -864 ) (4096 -4096 -656 ) (3072 -4096 -656 ) (3072 -4096 -864 ) 
4 121 122 (4096 -4096 -864 ) (3072 -4096 -864 ) (3072 -3072 -864 ) (4096 -3072 -864 ) 
4 122 149 (3072 -4096 -1536 ) (3072 -4096 -864 ) (3072 -3072 -864 ) (3072 -3072 -1536 ) 
4 122 128 (4096 -4096 -1536 ) (4096 -4096 -864 ) (3072 -4096 -864 ) (3072 -4096 -1536 ) 
4 123 258 (5120 -5120 -656 ) (5120 -5120 2048 ) (4096 -5120 2048 ) (4096 -5120 -656 ) 
4 123 126 (4096 -4096 2048 ) (4096 -4096 -656 ) (4096 -5120 -656 ) (4096 -5120 2048 ) 
4 123 124 (4096 -4096 -656 ) (5120 -4096 -656 ) (5120 -5120 -656 ) (4096 -5120 -656 ) 
4 124 259 (5120 -5120 -864 ) (5120 -5120 -656 ) (4096 -5120 -656 ) (4096 -5120 -864 ) 
4 124 127 (4096 -4096 -656 ) (4096 -4096 -864 ) (4096 -5120 -864 ) (4096 -5120 -656 ) 
4 124 125 (5120 -5120 -864 ) (4096 -5120 -864 ) (4096 -4096 -864 ) (5120 -4096 -864 ) 
4 125 260 (5120 -5120 -1536 ) (5120 -5120 -864 ) (4096 -5120 -864 ) (4096 -5120 -1536 ) 
4 125 128 (4096 -4096 -864 ) (4096 -4096 -1536 ) (4096 -5120 -1536 ) (4096 -5120 -864 ) 
4 126 261 (4096 -5120 -656 ) (4096 -5120 2048 ) (3072 -5120 2048 ) (3072 -5120 -656 ) 
4 126 153 (3072 -5120 -656 ) (3072 -5120 2048 ) (3072 -4096 2048 ) (3072 -4096 -656 ) 
4 126 127 (4096 -4096 -656 ) (4096 -5120 -656 ) (3072 -5120 -656 ) (3072 -4096 -656 ) 
4 127 262 (4096 -5120 -864 ) (4096 -5120 -656 ) (3072 -5120 -656 ) (3072 -5120 -864 ) 
4 127 154 (3072 -5120 -864 ) (3072 -5120 -656 ) (3072 -4096 -656 ) (3072 -4096 -864 ) 
4 127 128 (4096 -5120 -864 ) (3072 -5120 -864 ) (3072 -4096 -864 ) (4096 -4096 -864 ) 
4 128 263 (4096 -5120 -1536 ) (4096 -5120 -864 ) (3072 -5120 -864 ) (3072 -5120 -1536 ) 
4 128 155 (3072 -5120 -1536 ) (3072 -5120 -864 ) (3072 -4096 -864 ) (3072 -4096 -1536 ) 
4 129 135 (3072 -2048 -656 ) (3072 -2048 2048 ) (2048 -2048 2048 ) (2048 -2048 -656 ) 
4 129 132 (2048 -1024 2048 ) (2048 -1024 -656 ) (2048 -2048 -656 ) (2048 -2048 2048 ) 
4 129 130 (3072 -2048 -656 ) (2048 -2048 -656 ) (2048 -1024 -656 ) (3072 -1024 -656 ) 
4 130 136 (3072 -2048 -864 ) (3072 -2048 -656 ) (2048 -2048 -656 ) (2048 -2048 -864 ) 
4 130 133 (2048 -1024 -656 ) (2048 -1024 -864 ) (2048 -2048 -864 ) (2048 -2048 -656 ) 
4 130 131 (2048 -2048 -864 ) (2048 -1024 -864 ) (3072 -1024 -864 ) (3072 -2048 -864 ) 
4 131 137 (3072 -2048 -1536 ) (3072 -2048 -864 ) (2048 -2048 -864 ) (2048 -2048 -1536 ) 
4 131 134 (2048 -1024 -864 ) (2048 -1024 -1536 ) (2048 -2048 -1536 ) (2048 -2048 -864 ) 
4 132 141 (1024 -1024 2048 ) (1024 -1024 -656 ) (1024 -2048 -656 ) (1024 -2048 2048 ) 
4 132 138 (2048 -2048 -656 ) (2048 -2048 2048 ) (1024 -2048 2048 ) (1024 -2048 -656 ) 
4 132 133 (1024 -1024 -656 ) (2048 -1024 -656 ) (2048 -2048 -656 ) (1024 -2048 -656 ) 
4 133 142 (1024 -1024 -656 ) (1024 -1024 -864 ) (1024 -2048 -864 ) (1024 -2048 -656 ) 
4 133 139 (2048 -2048 -864 ) (2048 -2048 -656 ) (1024 -2048 -656 ) (1024 -2048 -864 ) 
4 133 134 (2048 -2048 -864 ) (1024 -2048 -864 ) (1024 -1024 -864 ) (2048 -1024 -864 ) 
4 134 143 (1024 -1024 -864 ) (1024 -1024 -1536 ) (1024 -2048 -1536 ) (1024 -2048 -864 ) 
4 134 140 (2048 -2048 -1536 ) (2048 -2048 -864 ) (1024 -2048 -864 ) (1024 -2048 -1536 ) 
4 135 147 (3072 -3072 -656 ) (3072 -3072 2048 ) (2048 -3072 2048 ) (2048 -3072 -656 ) 
4 135 138 (2048 -2048 2048 ) (2048 -2048 -656 ) (2048 -3072 -656 ) (2048 -3072 2048 ) 
4 135 136 (3072 -3072 -656 ) (2048 -3072 -656 ) (2048 -2048 -656 ) (3072 -2048 -656 ) 
4 136 148 (3072 -3072 -864 ) (3072 -3072 -656 ) (2048 -3072 -656 ) (2048 -3072 -864 ) 
4 136 139 (2048 -2048 -656 ) (2048 -2048 -864 ) (2048 -3072 -864 ) (2048 -3072 -656 ) 
4 136 137 (2048 -3072 -864 ) (2048 -2048 -864 ) (3072 -2048 -864 ) (3072 -3072 -864 ) 
4 137 149 (3072 -3072 -1536 ) (3072 -3072 -864 ) (2048 -3072 -864 ) (2048 -3072 -1536 ) 
4 137 140 (2048 -2048 -864 ) (2048 -2048 -1536 ) (2048 -3072 -1536 ) (2048 -3072 -864 ) 
4 138 150 (2048 -3072 -656 ) (2048 -3072 2048 ) (1024 -3072 2048 ) (1024 -3072 -656 ) 
4 138 144 (1024 -3072 -656 ) (1024 -3072 2048 ) (1024 -2048 2048 ) (1024 -2048 -656 ) 
4 138 139 (2048 -2048 -656 ) (2048 -3072 -656 ) (1024 -3072 -656 ) (1024 -2048 -656 ) 
4 139 151 (2048 -3072 -864 ) (2048 -3072 -656 ) (1024 -3072 -656 ) (1024 -3072 -864 ) 
4 139 145 (1024 -3072 -864 ) (1024 -3072 -656 ) (1024 -2048 -656 ) (1024 -2048 -864 ) 
4 139 140 (2048 -3072 -864 ) (1024 -3072 -864 ) (1024 -2048 -864 ) (2048 -2048 -864 ) 
4 140 152 (2048 -3072 -1536 ) (2048 -3072 -864 ) (1024 -3072 -864 ) (1024 -3072 -1536 ) 
4 140 146 (1024 -3072 -1536 ) (1024 -3072 -864 ) (1024 -2048 -864 ) (1024 -2048 -1536 ) 
4 141 144 (1024 -2048 -656 ) (1024 -2048 2048 ) (64 -2048 2048 ) (64 -2048 -656 ) 
4 141 142 (1024 -2048 -656 ) (64 -2048 -656 ) (64 -1024 -656 ) (1024 -1024 -656 ) 
4 142 145 (1024 -2048 -864 ) (1024 -2048 -656 ) (64 -2048 -656 ) (64 -2048 -864 ) 
4 142 143 (1024 -2048 -864 ) (64 -2048 -864 ) (64 -1024 -864 ) (1024 -1024 -864 ) 
4 143 146 (1024 -2048 -1536 ) (1024 -2048 -864 ) (64 -2048 -864 ) (64 -2048 -1536 ) 
4 144 159 (1024 -3072 -656 ) (1024 -3072 2048 ) (64 -3072 2048 ) (64 -3072 -656 ) 
4 144 145 (64 -2048 -656 ) (1024 -2048 -656 ) (1024 -3072 -656 ) (64 -3072 -656 ) 
4 145 160 (1024 -3072 -864 ) (1024 -3072 -656 ) (64 -3072 -656 ) (64 -3072 -864 ) 
4 145 146 (64 -3072 -864 ) (64 -2048 -864 ) (1024 -2048 -864 ) (1024 -3072 -864 ) 
4 146 161 (1024 -3072 -1536 ) (1024 -3072 -864 ) (64 -3072 -864 ) (64 -3072 -1536 ) 
4 147 153 (3072 -4096 -656 ) (3072 -4096 2048 ) (2048 -4096 2048 ) (2048 -4096 -656 ) 
4 147 150 (2048 -3072 2048 ) (2048 -3072 -656 ) (2048 -4096 -656 ) (2048 -4096 2048 ) 
4 147 148 (3072 -4096 -656 ) (2048 -4096 -656 ) (2048 -3072 -656 ) (3072 -3072 -656 ) 
4 148 154 (3072 -4096 -864 ) (3072 -4096 -656 ) (2048 -4096 -656 ) (2048 -4096 -864 ) 
4 148 151 (2048 -3072 -656 ) (2048 -3072 -864 ) (2048 -4096 -864 ) (2048 -4096 -656 ) 
4 148 149 (2048 -4096 -864 ) (2048 -3072 -864 ) (3072 -3072 -864 ) (3072 -4096 -864 ) 
4 149 155 (3072 -4096 -1536 ) (3072 -4096 -864 ) (2048 -4096 -864 ) (2048 -4096 -1536 ) 
4 149 152 (2048 -3072 -864 ) (2048 -3072 -1536 ) (2048 -4096 -1536 ) (2048 -4096 -864 ) 
4 150 159 (1024 -3072 2048 ) (1024 -3072 -656 ) (1024 -4096 -656 ) (1024 -4096 2048 ) 
4 150 156 (2048 -4096 -656 ) (2048 -4096 2048 ) (1024 -4096 2048 ) (1024 -4096 -656 ) 
4 150 151 (1024 -3072 -656 ) (2048 -3072 -656 ) (2048 -4096 -656 ) (1024 -4096 -656 ) 
4 151 160 (1024 -3072 -656 ) (1024 -3072 -864 ) (1024 -4096 -864 ) (1024 -4096 -656 ) 
4 151 157 (2048 -4096 -864 ) (2048 -4096 -656 ) (1024 -4096 -656 ) (1024 -4096 -864 ) 
4 151 152 (2048 -4096 -864 ) (1024 -4096 -864 ) (1024 -3072 -864 ) (2048 -3072 -864 ) 
4 152 161 (1024 -3072 -864 ) (1024 -3072 -1536 ) (1024 -4096 -1536 ) (1024 -4096 -864 ) 
4 152 158 (2048 -4096 -1536 ) (2048 -4096 -864 ) (1024 -4096 -864 ) (1024 -4096 -1536 ) 
4 153 282 (3072 -5120 -656 ) (3072 -5120 2048 ) (2048 -5120 2048 ) (2048 -5120 -656 ) 
4 153 156 (2048 -4096 2048 ) (2048 -4096 -656 ) (2048 -5120 -656 ) (2048 -5120 2048 ) 
4 153 154 (2048 -4096 -656 ) (3072 -4096 -656 ) (3072 -5120 -656 ) (2048 -5120 -656 ) 
4 154 283 (3072 -5120 -864 ) (3072 -5120 -656 ) (2048 -5120 -656 ) (2048 -5120 -864 ) 
4 154 157 (2048 -4096 -656 ) (2048 -4096 -864 ) (2048 -5120 -864 ) (2048 -5120 -656 ) 
4 154 155 (3072 -5120 -864 ) (2048 -5120 -864 ) (2048 -4096 -864 ) (3072 -4096 -864 ) 
4 155 284 (3072 -5120 -1536 ) (3072 -5120 -864 ) (2048 -5120 -864 ) (2048 -5120 -1536 ) 
4 155 158 (2048 -4096 -864 ) (2048 -4096 -1536 ) (2048 -5120 -1536 ) (2048 -5120 -864 ) 
4 156 285 (2048 -5120 -656 ) (2048 -5120 2048 ) (1024 -5120 2048 ) (1024 -5120 -656 ) 
4 156 162 (1024 -5120 -656 ) (1024 -5120 2048 ) (1024 -4096 2048 ) (1024 -4096 -656 ) 
4 156 157 (2048 -4096 -656 ) (2048 -5120 -656 ) (1024 -5120 -656 ) (1024 -4096 -656 ) 
4 157 286 (2048 -5120 -864 ) (2048 -5120 -656 ) (1024 -5120 -656 ) (1024 -5120 -864 ) 
4 157 163 (1024 -5120 -864 ) (1024 -5120 -656 ) (1024 -4096 -656 ) (1024 -4096 -864 ) 
4 157 158 (2048 -5120 -864 ) (1024 -5120 -864 ) (1024 -4096 -864 ) (2048 -4096 -864 ) 
4 158 287 (2048 -5120 -1536 ) (2048 -5120 -864 ) (1024 -5120 -864 ) (1024 -5120 -1536 ) 
4 158 164 (1024 -5120 -1536 ) (1024 -5120 -864 ) (1024 -4096 -864 ) (1024 -4096 -1536 ) 
4 159 162 (1024 -4096 -656 ) (1024 -4096 2048 ) (64 -4096 2048 ) (64 -4096 -656 ) 
4 159 160 (1024 -4096 -656 ) (64 -4096 -656 ) (64 -3072 -656 ) (1024 -3072 -656 ) 
4 160 163 (1024 -4096 -864 ) (1024 -4096 -656 ) (64 -4096 -656 ) (64 -4096 -864 ) 
4 160 161 (1024 -4096 -864 ) (64 -4096 -864 ) (64 -3072 -864 ) (1024 -3072 -864 ) 
4 161 164 (1024 -4096 -1536 ) (1024 -4096 -864 ) (64 -4096 -864 ) (64 -4096 -1536 ) 
4 162 300 (1024 -5120 -656 ) (1024 -5120 2048 ) (64 -5120 2048 ) (64 -5120 -656 ) 
4 162 163 (64 -4096 -656 ) (1024 -4096 -656 ) (1024 -5120 -656 ) (64 -5120 -656 ) 
4 163 301 (1024 -5120 -864 ) (1024 -5120 -656 ) (64 -5120 -656 ) (64 -5120 -864 ) 
4 163 164 (64 -5120 -864 ) (64 -4096 -864 ) (1024 -4096 -864 ) (1024 -5120 -864 ) 
4 164 302 (1024 -5120 -1536 ) (1024 -5120 -864 ) (64 -5120 -864 ) (64 -5120 -1536 ) 
4 165 171 (10304 -6144 2048 ) (10240 -6144 2048 ) (10240 -6144 -656 ) (10304 -6144 -656 ) 
4 165 168 (10240 -6144 -656 ) (10240 -6144 2048 ) (10240 -5120 2048 ) (10240 -5120 -656 ) 
4 165 166 (10240 -5120 -656 ) (10304 -5120 -656 ) (10304 -6144 -656 ) (10240 -6144 -656 ) 
4 166 172 (10304 -6144 -864 ) (10304 -6144 -656 ) (10240 -6144 -656 ) (10240 -6144 -864 ) 
4 166 169 (10240 -6144 -864 ) (10240 -6144 -656 ) (10240 -5120 -656 ) (10240 -5120 -864 ) 
4 166 167 (10240 -5120 -864 ) (10304 -5120 -864 ) (10304 -6144 -864 ) (10240 -6144 -864 ) 
4 167 173 (10304 -6144 -1536 ) (10304 -6144 -864 ) (10240 -6144 -864 ) (10240 -6144 -1536 ) 
4 167 170 (10240 -6144 -1536 ) (10240 -6144 -864 ) (10240 -5120 -864 ) (10240 -5120 -1536 ) 
4 168 183 (9216 -5120 2048 ) (9216 -5120 -656 ) (9216 -6144 -656 ) (9216 -6144 2048 ) 
4 168 174 (10240 -6144 -656 ) (10240 -6144 2048 ) (9216 -6144 2048 ) (9216 -6144 -656 ) 
4 168 169 (9216 -6144 -656 ) (9216 -5120 -656 ) (10240 -5120 -656 ) (10240 -6144 -656 ) 
4 169 184 (9216 -5120 -656 ) (9216 -5120 -864 ) (9216 -6144 -864 ) (9216 -6144 -656 ) 
4 169 175 (10240 -6144 -864 ) (10240 -6144 -656 ) (9216 -6144 -656 ) (9216 -6144 -864 ) 
4 169 170 (10240 -6144 -864 ) (9216 -6144 -864 ) (9216 -5120 -864 ) (10240 -5120 -864 ) 
4 170 185 (9216 -5120 -864 ) (9216 -5120 -1536 ) (9216 -6144 -1536 ) (9216 -6144 -864 ) 
4 170 176 (10240 -6144 -1536 ) (10240 -6144 -864 ) (9216 -6144 -864 ) (9216 -6144 -1536 ) 
4 171 177 (10304 -7168 2048 ) (10240 -7168 2048 ) (10240 -7168 -656 ) (10304 -7168 -656 ) 
4 171 174 (10240 -6144 2048 ) (10240 -6144 -656 ) (10240 -7168 -656 ) (10240 -7168 2048 ) 
4 171 172 (10304 -7168 -656 ) (10240 -7168 -656 ) (10240 -6144 -656 ) (10304 -6144 -656 ) 
4 172 178 (10304 -7168 -864 ) (10304 -7168 -656 ) (10240 -7168 -656 ) (10240 -7168 -864 ) 
4 172 175 (10240 -6144 -656 ) (10240 -6144 -864 ) (10240 -7168 -864 ) (10240 -7168 -656 ) 
4 172 173 (10240 -6144 -864 ) (10304 -6144 -864 ) (10304 -7168 -864 ) (10240 -7168 -864 ) 
4 173 179 (10304 -7168 -1536 ) (10304 -7168 -864 ) (10240 -7168 -864 ) (10240 -7168 -1536 ) 
4 173 176 (10240 -6144 -864 ) (10240 -6144 -1536 ) (10240 -7168 -1536 ) (10240 -7168 -864 ) 
4 174 192 (9216 -7168 -656 ) (9216 -7168 2048 ) (9216 -6144 2048 ) (9216 -6144 -656 ) 
4 174 180 (10240 -7168 -656 ) (10240 -7168 2048 ) (9216 -7168 2048 ) (9216 -7168 -656 ) 
4 174 175 (10240 -6144 -656 ) (10240 -7168 -656 ) (9216 -7168 -656 ) (9216 -6144 -656 ) 
4 175 193 (9216 -7168 -864 ) (9216 -7168 -656 ) (9216 -6144 -656 ) (9216 -6144 -864 ) 
4 175 181 (10240 -7168 -864 ) (10240 -7168 -656 ) (9216 -7168 -656 ) (9216 -7168 -864 ) 
4 175 176 (10240 -7168 -864 ) (9216 -7168 -864 ) (9216 -6144 -864 ) (10240 -6144 -864 ) 
4 176 194 (9216 -7168 -1536 ) (9216 -7168 -864 ) (9216 -6144 -864 ) (9216 -6144 -1536 ) 
4 176 182 (10240 -7168 -1536 ) (10240 -7168 -864 ) (9216 -7168 -864 ) (9216 -7168 -1536 ) 
4 177 210 (10304 -8192 2048 ) (10240 -8192 2048 ) (10240 -8192 -656 ) (10304 -8192 -656 ) 
4 177 180 (10240 -7168 2048 ) (10240 -7168 -656 ) (10240 -8192 -656 ) (10240 -8192 2048 ) 
4 177 178 (10304 -8192 -656 ) (10240 -8192 -656 ) (10240 -7168 -656 ) (10304 -7168 -656 ) 
4 178 211 (10304 -8192 -864 ) (10304 -8192 -656 ) (10240 -8192 -656 ) (10240 -8192 -864 ) 
4 178 181 (10240 -7168 -656 ) (10240 -7168 -864 ) (10240 -8192 -864 ) (10240 -8192 -656 ) 
4 178 179 (10240 -7168 -864 ) (10304 -7168 -864 ) (10304 -8192 -864 ) (10240 -8192 -864 ) 
4 179 212 (10304 -8192 -1536 ) (10304 -8192 -864 ) (10240 -8192 -864 ) (10240 -8192 -1536 ) 
4 179 182 (10240 -7168 -864 ) (10240 -7168 -1536 ) (10240 -8192 -1536 ) (10240 -8192 -864 ) 
4 180 213 (10240 -8192 -656 ) (10240 -8192 2048 ) (9216 -8192 2048 ) (9216 -8192 -656 ) 
4 180 195 (9216 -8192 -656 ) (9216 -8192 2048 ) (9216 -7168 2048 ) (9216 -7168 -656 ) 
4 180 181 (10240 -7168 -656 ) (10240 -8192 -656 ) (9216 -8192 -656 ) (9216 -7168 -656 ) 
4 181 214 (10240 -8192 -864 ) (10240 -8192 -656 ) (9216 -8192 -656 ) (9216 -8192 -864 ) 
4 181 196 (9216 -8192 -864 ) (9216 -8192 -656 ) (9216 -7168 -656 ) (9216 -7168 -864 ) 
4 181 182 (10240 -8192 -864 ) (9216 -8192 -864 ) (9216 -7168 -864 ) (10240 -7168 -864 ) 
4 182 215 (10240 -8192 -1536 ) (10240 -8192 -864 ) (9216 -8192 -864 ) (9216 -8192 -1536 ) 
4 182 197 (9216 -8192 -1536 ) (9216 -8192 -864 ) (9216 -7168 -864 ) (9216 -7168 -1536 ) 
4 183 192 (9216 -6144 -656 ) (9216 -6144 2048 ) (8192 -6144 2048 ) (8192 -6144 -656 ) 
4 183 186 (8192 -5120 2048 ) (8192 -5120 -656 ) (8192 -6144 -656 ) (8192 -6144 2048 ) 
4 183 184 (9216 -6144 -656 ) (8192 -6144 -656 ) (8192 -5120 -656 ) (9216 -5120 -656 ) 
4 184 193 (9216 -6144 -864 ) (9216 -6144 -656 ) (8192 -6144 -656 ) (8192 -6144 -864 ) 
4 184 187 (8192 -5120 -656 ) (8192 -5120 -864 ) (8192 -6144 -864 ) (8192 -6144 -656 ) 
4 184 185 (8192 -6144 -864 ) (8192 -5120 -864 ) (9216 -5120 -864 ) (9216 -6144 -864 ) 
4 185 194 (9216 -6144 -1536 ) (9216 -6144 -864 ) (8192 -6144 -864 ) (8192 -6144 -1536 ) 
4 185 188 (8192 -5120 -864 ) (8192 -5120 -1536 ) (8192 -6144 -1536 ) (8192 -6144 -864 ) 
4 186 198 (8192 -6144 -656 ) (8192 -6144 2048 ) (7168 -6144 2048 ) (7168 -6144 -656 ) 
4 186 189 (7168 -6144 -656 ) (7168 -6144 2048 ) (7168 -5120 2048 ) (7168 -5120 -656 ) 
4 186 187 (8192 -6144 -656 ) (7168 -6144 -656 ) (7168 -5120 -656 ) (8192 -5120 -656 ) 
4 187 199 (8192 -6144 -864 ) (8192 -6144 -656 ) (7168 -6144 -656 ) (7168 -6144 -864 ) 
4 187 190 (7168 -6144 -864 ) (7168 -6144 -656 ) (7168 -5120 -656 ) (7168 -5120 -864 ) 
4 187 188 (7168 -6144 -864 ) (7168 -5120 -864 ) (8192 -5120 -864 ) (8192 -6144 -864 ) 
4 188 200 (8192 -6144 -1536 ) (8192 -6144 -864 ) (7168 -6144 -864 ) (7168 -6144 -1536 ) 
4 188 191 (7168 -6144 -1536 ) (7168 -6144 -864 ) (7168 -5120 -864 ) (7168 -5120 -1536 ) 
4 189 255 (6144 -5120 2048 ) (6144 -5120 -656 ) (6144 -6144 -656 ) (6144 -6144 2048 ) 
4 189 201 (7168 -6144 -656 ) (7168 -6144 2048 ) (6144 -6144 2048 ) (6144 -6144 -656 ) 
4 189 190 (6144 -6144 -656 ) (6144 -5120 -656 ) (7168 -5120 -656 ) (7168 -6144 -656 ) 
4 190 256 (6144 -5120 -656 ) (6144 -5120 -864 ) (6144 -6144 -864 ) (6144 -6144 -656 ) 
4 190 202 (7168 -6144 -864 ) (7168 -6144 -656 ) (6144 -6144 -656 ) (6144 -6144 -864 ) 
4 190 191 (7168 -6144 -864 ) (6144 -6144 -864 ) (6144 -5120 -864 ) (7168 -5120 -864 ) 
4 191 257 (6144 -5120 -864 ) (6144 -5120 -1536 ) (6144 -6144 -1536 ) (6144 -6144 -864 ) 
4 191 203 (7168 -6144 -1536 ) (7168 -6144 -864 ) (6144 -6144 -864 ) (6144 -6144 -1536 ) 
4 192 198 (8192 -6144 2048 ) (8192 -6144 -656 ) (8192 -7168 -656 ) (8192 -7168 2048 ) 
4 192 195 (9216 -7168 -656 ) (9216 -7168 2048 ) (8192 -7168 2048 ) (8192 -7168 -656 ) 
4 192 193 (8192 -7168 -656 ) (8192 -6144 -656 ) (9216 -6144 -656 ) (9216 -7168 -656 ) 
4 193 199 (8192 -6144 -656 ) (8192 -6144 -864 ) (8192 -7168 -864 ) (8192 -7168 -656 ) 
4 193 196 (9216 -7168 -864 ) (9216 -7168 -656 ) (8192 -7168 -656 ) (8192 -7168 -864 ) 
4 193 194 (9216 -7168 -864 ) (8192 -7168 -864 ) (8192 -6144 -864 ) (9216 -6144 -864 ) 
4 194 200 (8192 -6144 -864 ) (8192 -6144 -1536 ) (8192 -7168 -1536 ) (8192 -7168 -864 ) 
4 194 197 (9216 -7168 -1536 ) (9216 -7168 -864 ) (8192 -7168 -864 ) (8192 -7168 -1536 ) 
4 195 228 (9216 -8192 -656 ) (9216 -8192 2048 ) (8192 -8192 2048 ) (8192 -8192 -656 ) 
4 195 204 (8192 -8192 -656 ) (8192 -8192 2048 ) (8192 -7168 2048 ) (8192 -7168 -656 ) 
4 195 196 (9216 -8192 -656 ) (8192 -8192 -656 ) (8192 -7168 -656 ) (9216 -7168 -656 ) 
4 196 229 (9216 -8192 -864 ) (9216 -8192 -656 ) (8192 -8192 -656 ) (8192 -8192 -864 ) 
4 196 205 (8192 -8192 -864 ) (8192 -8192 -656 ) (8192 -7168 -656 ) (8192 -7168 -864 ) 
4 196 197 (9216 -7168 -864 ) (9216 -8192 -864 ) (8192 -8192 -864 ) (8192 -7168 -864 ) 
4 197 230 (9216 -8192 -1536 ) (9216 -8192 -864 ) (8192 -8192 -864 ) (8192 -8192 -1536 ) 
4 197 206 (8192 -8192 -1536 ) (8192 -8192 -864 ) (8192 -7168 -864 ) (8192 -7168 -1536 ) 
4 198 204 (8192 -7168 -656 ) (8192 -7168 2048 ) (7168 -7168 2048 ) (7168 -7168 -656 ) 
4 198 201 (7168 -6144 2048 ) (7168 -6144 -656 ) (7168 -7168 -656 ) (7168 -7168 2048 ) 
4 198 199 (8192 -7168 -656 ) (7168 -7168 -656 ) (7168 -6144 -656 ) (8192 -6144 -656 ) 
4 199 205 (8192 -7168 -864 ) (8192 -7168 -656 ) (7168 -7168 -656 ) (7168 -7168 -864 ) 
4 199 202 (7168 -6144 -656 ) (7168 -6144 -864 ) (7168 -7168 -864 ) (7168 -7168 -656 ) 
4 199 200 (7168 -7168 -864 ) (7168 -6144 -864 ) (8192 -6144 -864 ) (8192 -7168 -864 ) 
4 200 206 (8192 -7168 -1536 ) (8192 -7168 -864 ) (7168 -7168 -864 ) (7168 -7168 -1536 ) 
4 200 203 (7168 -6144 -864 ) (7168 -6144 -1536 ) (7168 -7168 -1536 ) (7168 -7168 -864 ) 
4 201 264 (6144 -7168 -656 ) (6144 -7168 2048 ) (6144 -6144 2048 ) (6144 -6144 -656 ) 
4 201 207 (7168 -7168 -656 ) (7168 -7168 2048 ) (6144 -7168 2048 ) (6144 -7168 -656 ) 
4 201 202 (7168 -6144 -656 ) (7168 -7168 -656 ) (6144 -7168 -656 ) (6144 -6144 -656 ) 
4 202 265 (6144 -7168 -864 ) (6144 -7168 -656 ) (6144 -6144 -656 ) (6144 -6144 -864 ) 
4 202 208 (7168 -7168 -864 ) (7168 -7168 -656 ) (6144 -7168 -656 ) (6144 -7168 -864 ) 
4 202 203 (7168 -7168 -864 ) (6144 -7168 -864 ) (6144 -6144 -864 ) (7168 -6144 -864 ) 
4 203 266 (6144 -7168 -1536 ) (6144 -7168 -864 ) (6144 -6144 -864 ) (6144 -6144 -1536 ) 
4 203 209 (7168 -7168 -1536 ) (7168 -7168 -864 ) (6144 -7168 -864 ) (6144 -7168 -1536 ) 
4 204 234 (8192 -8192 -656 ) (8192 -8192 2048 ) (7168 -8192 2048 ) (7168 -8192 -656 ) 
4 204 207 (7168 -7168 2048 ) (7168 -7168 -656 ) (7168 -8192 -656 ) (7168 -8192 2048 ) 
4 204 205 (7168 -7168 -656 ) (8192 -7168 -656 ) (8192 -8192 -656 ) (7168 -8192 -656 ) 
4 205 235 (8192 -8192 -864 ) (8192 -8192 -656 ) (7168 -8192 -656 ) (7168 -8192 -864 ) 
4 205 208 (7168 -7168 -656 ) (7168 -7168 -864 ) (7168 -8192 -864 ) (7168 -8192 -656 ) 
4 205 206 (8192 -8192 -864 ) (7168 -8192 -864 ) (7168 -7168 -864 ) (8192 -7168 -864 ) 
4 206 236 (8192 -8192 -1536 ) (8192 -8192 -864 ) (7168 -8192 -864 ) (7168 -8192 -1536 ) 
4 206 209 (7168 -7168 -864 ) (7168 -7168 -1536 ) (7168 -8192 -1536 ) (7168 -8192 -864 ) 
4 207 267 (6144 -8192 -656 ) (6144 -8192 2048 ) (6144 -7168 2048 ) (6144 -7168 -656 ) 
4 207 237 (7168 -8192 -656 ) (7168 -8192 2048 ) (6144 -8192 2048 ) (6144 -8192 -656 ) 
4 207 208 (7168 -7168 -656 ) (7168 -8192 -656 ) (6144 -8192 -656 ) (6144 -7168 -656 ) 
4 208 268 (6144 -8192 -864 ) (6144 -8192 -656 ) (6144 -7168 -656 ) (6144 -7168 -864 ) 
4 208 238 (7168 -8192 -864 ) (7168 -8192 -656 ) (6144 -8192 -656 ) (6144 -8192 -864 ) 
4 208 209 (7168 -8192 -864 ) (6144 -8192 -864 ) (6144 -7168 -864 ) (7168 -7168 -864 ) 
4 209 269 (6144 -8192 -1536 ) (6144 -8192 -864 ) (6144 -7168 -864 ) (6144 -7168 -1536 ) 
4 209 239 (7168 -8192 -1536 ) (7168 -8192 -864 ) (6144 -8192 -864 ) (6144 -8192 -1536 ) 
4 210 216 (10304 -9216 2048 ) (10240 -9216 2048 ) (10240 -9216 -656 ) (10304 -9216 -656 ) 
4 210 213 (10240 -8192 2048 ) (10240 -8192 -656 ) (10240 -9216 -656 ) (10240 -9216 2048 ) 
4 210 211 (10304 -9216 -656 ) (10240 -9216 -656 ) (10240 -8192 -656 ) (10304 -8192 -656 ) 
4 211 217 (10304 -9216 -864 ) (10304 -9216 -656 ) (10240 -9216 -656 ) (10240 -9216 -864 ) 
4 211 214 (10240 -8192 -656 ) (10240 -8192 -864 ) (10240 -9216 -864 ) (10240 -9216 -656 ) 
4 211 212 (10240 -8192 -864 ) (10304 -8192 -864 ) (10304 -9216 -864 ) (10240 -9216 -864 ) 
4 212 218 (10304 -9216 -1536 ) (10304 -9216 -864 ) (10240 -9216 -864 ) (10240 -9216 -1536 ) 
4 212 215 (10240 -8192 -864 ) (10240 -8192 -1536 ) (10240 -9216 -1536 ) (10240 -9216 -864 ) 
4 213 228 (9216 -8192 2048 ) (9216 -8192 -656 ) (9216 -9216 -656 ) (9216 -9216 2048 ) 
4 213 219 (10240 -9216 -656 ) (10240 -9216 2048 ) (9216 -9216 2048 ) (9216 -9216 -656 ) 
4 213 214 (9216 -8192 -656 ) (10240 -8192 -656 ) (10240 -9216 -656 ) (9216 -9216 -656 ) 
4 214 229 (9216 -8192 -656 ) (9216 -8192 -864 ) (9216 -9216 -864 ) (9216 -9216 -656 ) 
4 214 220 (10240 -9216 -864 ) (10240 -9216 -656 ) (9216 -9216 -656 ) (9216 -9216 -864 ) 
4 214 215 (10240 -9216 -864 ) (9216 -9216 -864 ) (9216 -8192 -864 ) (10240 -8192 -864 ) 
4 215 230 (9216 -8192 -864 ) (9216 -8192 -1536 ) (9216 -9216 -1536 ) (9216 -9216 -864 ) 
4 215 221 (10240 -9216 -1536 ) (10240 -9216 -864 ) (9216 -9216 -864 ) (9216 -9216 -1536 ) 
4 216 222 (10304 -10240 2048 ) (10240 -10240 2048 ) (10240 -10240 -656 ) (10304 -10240 -656 ) 
4 216 219 (10240 -9216 2048 ) (10240 -9216 -656 ) (10240 -10240 -656 ) (10240 -10240 2048 ) 
4 216 217 (10304 -10240 -656 ) (10240 -10240 -656 ) (10240 -9216 -656 ) (10304 -9216 -656 ) 
4 217 223 (10304 -10240 -864 ) (10304 -10240 -656 ) (10240 -10240 -656 ) (10240 -10240 -864 ) 
4 217 220 (10240 -9216 -656 ) (10240 -9216 -864 ) (10240 -10240 -864 ) (10240 -10240 -656 ) 
4 217 218 (10240 -9216 -864 ) (10304 -9216 -864 ) (10304 -10240 -864 ) (10240 -10240 -864 ) 
4 218 224 (10304 -10240 -1536 ) (10304 -10240 -864 ) (10240 -10240 -864 ) (10240 -10240 -1536 ) 
4 218 221 (10240 -9216 -864 ) (10240 -9216 -1536 ) (10240 -10240 -1536 ) (10240 -10240 -864 ) 
4 219 231 (9216 -10240 -656 ) (9216 -10240 2048 ) (9216 -9216 2048 ) (9216 -9216 -656 ) 
4 219 225 (10240 -10240 -656 ) (10240 -10240 2048 ) (9216 -10240 2048 ) (9216 -10240 -656 ) 
4 219 220 (10240 -9216 -656 ) (10240 -10240 -656 ) (9216 -10240 -656 ) (9216 -9216 -656 ) 
4 220 232 (9216 -10240 -864 ) (9216 -10240 -656 ) (9216 -9216 -656 ) (9216 -9216 -864 ) 
4 220 226 (10240 -10240 -864 ) (10240 -10240 -656 ) (9216 -10240 -656 ) (9216 -10240 -864 ) 
4 220 221 (10240 -10240 -864 ) (9216 -10240 -864 ) (9216 -9216 -864 ) (10240 -9216 -864 ) 
4 221 233 (9216 -10240 -1536 ) (9216 -10240 -864 ) (9216 -9216 -864 ) (9216 -9216 -1536 ) 
4 221 227 (10240 -10240 -1536 ) (10240 -10240 -864 ) (9216 -10240 -864 ) (9216 -10240 -1536 ) 
4 222 225 (10240 -10240 2048 ) (10240 -10240 -656 ) (10240 -10304 -656 ) (10240 -10304 2048 ) 
4 222 223 (10240 -10304 -656 ) (10240 -10240 -656 ) (10304 -10240 -656 ) (10304 -10304 -656 ) 
4 223 226 (10240 -10240 -656 ) (10240 -10240 -864 ) (10240 -10304 -864 ) (10240 -10304 -656 ) 
4 223 224 (10304 -10240 -864 ) (10304 -10304 -864 ) (10240 -10304 -864 ) (10240 -10240 -864 ) 
4 224 227 (10240 -10240 -864 ) (10240 -10240 -1536 ) (10240 -10304 -1536 ) (10240 -10304 -864 ) 
4 225 246 (9216 -10304 2048 ) (9216 -10240 2048 ) (9216 -10240 -656 ) (9216 -10304 -656 ) 
4 225 226 (10240 -10240 -656 ) (10240 -10304 -656 ) (9216 -10304 -656 ) (9216 -10240 -656 ) 
4 226 247 (9216 -10304 -864 ) (9216 -10304 -656 ) (9216 -10240 -656 ) (9216 -10240 -864 ) 
4 226 227 (10240 -10304 -864 ) (9216 -10304 -864 ) (9216 -10240 -864 ) (10240 -10240 -864 ) 
4 227 248 (9216 -10304 -1536 ) (9216 -10304 -864 ) (9216 -10240 -864 ) (9216 -10240 -1536 ) 
4 228 234 (8192 -8192 2048 ) (8192 -8192 -656 ) (8192 -9216 -656 ) (8192 -9216 2048 ) 
4 228 231 (9216 -9216 -656 ) (9216 -9216 2048 ) (8192 -9216 2048 ) (8192 -9216 -656 ) 
4 228 229 (8192 -9216 -656 ) (8192 -8192 -656 ) (9216 -8192 -656 ) (9216 -9216 -656 ) 
4 229 235 (8192 -8192 -656 ) (8192 -8192 -864 ) (8192 -9216 -864 ) (8192 -9216 -656 ) 
4 229 232 (9216 -9216 -864 ) (9216 -9216 -656 ) (8192 -9216 -656 ) (8192 -9216 -864 ) 
4 229 230 (9216 -9216 -864 ) (8192 -9216 -864 ) (8192 -8192 -864 ) (9216 -8192 -864 ) 
4 230 236 (8192 -8192 -864 ) (8192 -8192 -1536 ) (8192 -9216 -1536 ) (8192 -9216 -864 ) 
4 230 233 (9216 -9216 -1536 ) (9216 -9216 -864 ) (8192 -9216 -864 ) (8192 -9216 -1536 ) 
4 231 246 (9216 -10240 -656 ) (9216 -10240 2048 ) (8192 -10240 2048 ) (8192 -10240 -656 ) 
4 231 240 (8192 -10240 -656 ) (8192 -10240 2048 ) (8192 -9216 2048 ) (8192 -9216 -656 ) 
4 231 232 (8192 -10240 -656 ) (8192 -9216 -656 ) (9216 -9216 -656 ) (9216 -10240 -656 ) 
4 232 247 (9216 -10240 -864 ) (9216 -10240 -656 ) (8192 -10240 -656 ) (8192 -10240 -864 ) 
4 232 241 (8192 -10240 -864 ) (8192 -10240 -656 ) (8192 -9216 -656 ) (8192 -9216 -864 ) 
4 232 233 (9216 -10240 -864 ) (8192 -10240 -864 ) (8192 -9216 -864 ) (9216 -9216 -864 ) 
4 233 248 (9216 -10240 -1536 ) (9216 -10240 -864 ) (8192 -10240 -864 ) (8192 -10240 -1536 ) 
4 233 242 (8192 -10240 -1536 ) (8192 -10240 -864 ) (8192 -9216 -864 ) (8192 -9216 -1536 ) 
4 234 240 (8192 -9216 -656 ) (8192 -9216 2048 ) (7168 -9216 2048 ) (7168 -9216 -656 ) 
4 234 237 (7168 -8192 2048 ) (7168 -8192 -656 ) (7168 -9216 -656 ) (7168 -9216 2048 ) 
4 234 235 (8192 -9216 -656 ) (7168 -9216 -656 ) (7168 -8192 -656 ) (8192 -8192 -656 ) 
4 235 241 (8192 -9216 -864 ) (8192 -9216 -656 ) (7168 -9216 -656 ) (7168 -9216 -864 ) 
4 235 238 (7168 -8192 -656 ) (7168 -8192 -864 ) (7168 -9216 -864 ) (7168 -9216 -656 ) 
4 235 236 (7168 -9216 -864 ) (7168 -8192 -864 ) (8192 -8192 -864 ) (8192 -9216 -864 ) 
4 236 242 (8192 -9216 -1536 ) (8192 -9216 -864 ) (7168 -9216 -864 ) (7168 -9216 -1536 ) 
4 236 239 (7168 -8192 -864 ) (7168 -8192 -1536 ) (7168 -9216 -1536 ) (7168 -9216 -864 ) 
4 237 309 (6144 -9216 -656 ) (6144 -9216 2048 ) (6144 -8192 2048 ) (6144 -8192 -656 ) 
4 237 243 (7168 -9216 -656 ) (7168 -9216 2048 ) (6144 -9216 2048 ) (6144 -9216 -656 ) 
4 237 238 (7168 -8192 -656 ) (7168 -9216 -656 ) (6144 -9216 -656 ) (6144 -8192 -656 ) 
4 238 310 (6144 -9216 -864 ) (6144 -9216 -656 ) (6144 -8192 -656 ) (6144 -8192 -864 ) 
4 238 244 (7168 -9216 -864 ) (7168 -9216 -656 ) (6144 -9216 -656 ) (6144 -9216 -864 ) 
4 238 239 (7168 -9216 -864 ) (6144 -9216 -864 ) (6144 -8192 -864 ) (7168 -8192 -864 ) 
4 239 311 (6144 -9216 -1536 ) (6144 -9216 -864 ) (6144 -8192 -864 ) (6144 -8192 -1536 ) 
4 239 245 (7168 -9216 -1536 ) (7168 -9216 -864 ) (6144 -9216 -864 ) (6144 -9216 -1536 ) 
4 240 249 (8192 -10240 -656 ) (8192 -10240 2048 ) (7168 -10240 2048 ) (7168 -10240 -656 ) 
4 240 243 (7168 -9216 2048 ) (7168 -9216 -656 ) (7168 -10240 -656 ) (7168 -10240 2048 ) 
4 240 241 (7168 -9216 -656 ) (8192 -9216 -656 ) (8192 -10240 -656 ) (7168 -10240 -656 ) 
4 241 250 (8192 -10240 -864 ) (8192 -10240 -656 ) (7168 -10240 -656 ) (7168 -10240 -864 ) 
4 241 244 (7168 -9216 -656 ) (7168 -9216 -864 ) (7168 -10240 -864 ) (7168 -10240 -656 ) 
4 241 242 (8192 -10240 -864 ) (7168 -10240 -864 ) (7168 -9216 -864 ) (8192 -9216 -864 ) 
4 242 251 (8192 -10240 -1536 ) (8192 -10240 -864 ) (7168 -10240 -864 ) (7168 -10240 -1536 ) 
4 242 245 (7168 -9216 -864 ) (7168 -9216 -1536 ) (7168 -10240 -1536 ) (7168 -10240 -864 ) 
4 243 312 (6144 -10240 -656 ) (6144 -10240 2048 ) (6144 -9216 2048 ) (6144 -9216 -656 ) 
4 243 252 (7168 -10240 -656 ) (7168 -10240 2048 ) (6144 -10240 2048 ) (6144 -10240 -656 ) 
4 243 244 (7168 -9216 -656 ) (7168 -10240 -656 ) (6144 -10240 -656 ) (6144 -9216 -656 ) 
4 244 313 (6144 -10240 -864 ) (6144 -10240 -656 ) (6144 -9216 -656 ) (6144 -9216 -864 ) 
4 244 253 (7168 -10240 -864 ) (7168 -10240 -656 ) (6144 -10240 -656 ) (6144 -10240 -864 ) 
4 244 245 (7168 -10240 -864 ) (6144 -10240 -864 ) (6144 -9216 -864 ) (7168 -9216 -864 ) 
4 245 314 (6144 -10240 -1536 ) (6144 -10240 -864 ) (6144 -9216 -864 ) (6144 -9216 -1536 ) 
4 245 254 (7168 -10240 -1536 ) (7168 -10240 -864 ) (6144 -10240 -864 ) (6144 -10240 -1536 ) 
4 246 249 (8192 -10240 2048 ) (8192 -10240 -656 ) (8192 -10304 -656 ) (8192 -10304 2048 ) 
4 246 247 (8192 -10304 -656 ) (8192 -10240 -656 ) (9216 -10240 -656 ) (9216 -10304 -656 ) 
4 247 250 (8192 -10240 -656 ) (8192 -10240 -864 ) (8192 -10304 -864 ) (8192 -10304 -656 ) 
4 247 248 (9216 -10304 -864 ) (8192 -10304 -864 ) (8192 -10240 -864 ) (9216 -10240 -864 ) 
4 248 251 (8192 -10240 -864 ) (8192 -10240 -1536 ) (8192 -10304 -1536 ) (8192 -10304 -864 ) 
4 249 252 (7168 -10240 2048 ) (7168 -10240 -656 ) (7168 -10304 -656 ) (7168 -10304 2048 ) 
4 249 250 (7168 -10304 -656 ) (7168 -10240 -656 ) (8192 -10240 -656 ) (8192 -10304 -656 ) 
4 250 253 (7168 -10240 -656 ) (7168 -10240 -864 ) (7168 -10304 -864 ) (7168 -10304 -656 ) 
4 250 251 (8192 -10304 -864 ) (7168 -10304 -864 ) (7168 -10240 -864 ) (8192 -10240 -864 ) 
4 251 254 (7168 -10240 -864 ) (7168 -10240 -1536 ) (7168 -10304 -1536 ) (7168 -10304 -864 ) 
4 252 327 (6144 -10304 2048 ) (6144 -10240 2048 ) (6144 -10240 -656 ) (6144 -10304 -656 ) 
4 252 253 (7168 -10240 -656 ) (7168 -10304 -656 ) (6144 -10304 -656 ) (6144 -10240 -656 ) 
4 253 328 (6144 -10304 -864 ) (6144 -10304 -656 ) (6144 -10240 -656 ) (6144 -10240 -864 ) 
4 253 254 (7168 -10304 -864 ) (6144 -10304 -864 ) (6144 -10240 -864 ) (7168 -10240 -864 ) 
4 254 329 (6144 -10304 -1536 ) (6144 -10304 -864 ) (6144 -10240 -864 ) (6144 -10240 -1536 ) 
4 255 264 (6144 -6144 -656 ) (6144 -6144 2048 ) (5120 -6144 2048 ) (5120 -6144 -656 ) 
4 255 258 (5120 -5120 2048 ) (5120 -5120 -656 ) (5120 -6144 -656 ) (5120 -6144 2048 ) 
4 255 256 (6144 -6144 -656 ) (5120 -6144 -656 ) (5120 -5120 -656 ) (6144 -5120 -656 ) 
4 256 265 (6144 -6144 -864 ) (6144 -6144 -656 ) (5120 -6144 -656 ) (5120 -6144 -864 ) 
4 256 259 (5120 -5120 -656 ) (5120 -5120 -864 ) (5120 -6144 -864 ) (5120 -6144 -656 ) 
4 256 257 (5120 -6144 -864 ) (5120 -5120 -864 ) (6144 -5120 -864 ) (6144 -6144 -864 ) 
4 257 266 (6144 -6144 -1536 ) (6144 -6144 -864 ) (5120 -6144 -864 ) (5120 -6144 -1536 ) 
4 257 260 (5120 -5120 -864 ) (5120 -5120 -1536 ) (5120 -6144 -1536 ) (5120 -6144 -864 ) 
4 258 270 (5120 -6144 -656 ) (5120 -6144 2048 ) (4096 -6144 2048 ) (4096 -6144 -656 ) 
4 258 261 (4096 -6144 -656 ) (4096 -6144 2048 ) (4096 -5120 2048 ) (4096 -5120 -656 ) 
4 258 259 (5120 -6144 -656 ) (4096 -6144 -656 ) (4096 -5120 -656 ) (5120 -5120 -656 ) 
4 259 271 (5120 -6144 -864 ) (5120 -6144 -656 ) (4096 -6144 -656 ) (4096 -6144 -864 ) 
4 259 262 (4096 -6144 -864 ) (4096 -6144 -656 ) (4096 -5120 -656 ) (4096 -5120 -864 ) 
4 259 260 (4096 -6144 -864 ) (4096 -5120 -864 ) (5120 -5120 -864 ) (5120 -6144 -864 ) 
4 260 272 (5120 -6144 -1536 ) (5120 -6144 -864 ) (4096 -6144 -864 ) (4096 -6144 -1536 ) 
4 260 263 (4096 -6144 -1536 ) (4096 -6144 -864 ) (4096 -5120 -864 ) (4096 -5120 -1536 ) 
4 261 282 (3072 -5120 2048 ) (3072 -5120 -656 ) (3072 -6144 -656 ) (3072 -6144 2048 ) 
4 261 273 (4096 -6144 -656 ) (4096 -6144 2048 ) (3072 -6144 2048 ) (3072 -6144 -656 ) 
4 261 262 (3072 -6144 -656 ) (3072 -5120 -656 ) (4096 -5120 -656 ) (4096 -6144 -656 ) 
4 262 283 (3072 -5120 -656 ) (3072 -5120 -864 ) (3072 -6144 -864 ) (3072 -6144 -656 ) 
4 262 274 (4096 -6144 -864 ) (4096 -6144 -656 ) (3072 -6144 -656 ) (3072 -6144 -864 ) 
4 262 263 (4096 -6144 -864 ) (3072 -6144 -864 ) (3072 -5120 -864 ) (4096 -5120 -864 ) 
4 263 284 (3072 -5120 -864 ) (3072 -5120 -1536 ) (3072 -6144 -1536 ) (3072 -6144 -864 ) 
4 263 275 (4096 -6144 -1536 ) (4096 -6144 -864 ) (3072 -6144 -864 ) (3072 -6144 -1536 ) 
4 264 270 (5120 -6144 2048 ) (5120 -6144 -656 ) (5120 -7168 -656 ) (5120 -7168 2048 ) 
4 264 267 (6144 -7168 -656 ) (6144 -7168 2048 ) (5120 -7168 2048 ) (5120 -7168 -656 ) 
4 264 265 (5120 -7168 -656 ) (5120 -6144 -656 ) (6144 -6144 -656 ) (6144 -7168 -656 ) 
4 265 271 (5120 -6144 -656 ) (5120 -6144 -864 ) (5120 -7168 -864 ) (5120 -7168 -656 ) 
4 265 268 (6144 -7168 -864 ) (6144 -7168 -656 ) (5120 -7168 -656 ) (5120 -7168 -864 ) 
4 265 266 (6144 -7168 -864 ) (5120 -7168 -864 ) (5120 -6144 -864 ) (6144 -6144 -864 ) 
4 266 272 (5120 -6144 -864 ) (5120 -6144 -1536 ) (5120 -7168 -1536 ) (5120 -7168 -864 ) 
4 266 269 (6144 -7168 -1536 ) (6144 -7168 -864 ) (5120 -7168 -864 ) (5120 -7168 -1536 ) 
4 267 309 (6144 -8192 -656 ) (6144 -8192 2048 ) (5120 -8192 2048 ) (5120 -8192 -656 ) 
4 267 276 (5120 -8192 -656 ) (5120 -8192 2048 ) (5120 -7168 2048 ) (5120 -7168 -656 ) 
4 267 268 (5120 -8192 -656 ) (5120 -7168 -656 ) (6144 -7168 -656 ) (6144 -8192 -656 ) 
4 268 310 (6144 -8192 -864 ) (6144 -8192 -656 ) (5120 -8192 -656 ) (5120 -8192 -864 ) 
4 268 277 (5120 -8192 -864 ) (5120 -8192 -656 ) (5120 -7168 -656 ) (5120 -7168 -864 ) 
4 268 269 (6144 -8192 -864 ) (5120 -8192 -864 ) (5120 -7168 -864 ) (6144 -7168 -864 ) 
4 269 311 (6144 -8192 -1536 ) (6144 -8192 -864 ) (5120 -8192 -864 ) (5120 -8192 -1536 ) 
4 269 278 (5120 -8192 -1536 ) (5120 -8192 -864 ) (5120 -7168 -864 ) (5120 -7168 -1536 ) 
4 270 276 (5120 -7168 -656 ) (5120 -7168 2048 ) (4096 -7168 2048 ) (4096 -7168 -656 ) 
4 270 273 (4096 -6144 2048 ) (4096 -6144 -656 ) (4096 -7168 -656 ) (4096 -7168 2048 ) 
4 270 271 (5120 -7168 -656 ) (4096 -7168 -656 ) (4096 -6144 -656 ) (5120 -6144 -656 ) 
4 271 277 (5120 -7168 -864 ) (5120 -7168 -656 ) (4096 -7168 -656 ) (4096 -7168 -864 ) 
4 271 274 (4096 -6144 -656 ) (4096 -6144 -864 ) (4096 -7168 -864 ) (4096 -7168 -656 ) 
4 271 272 (4096 -7168 -864 ) (4096 -6144 -864 ) (5120 -6144 -864 ) (5120 -7168 -864 ) 
4 272 278 (5120 -7168 -1536 ) (5120 -7168 -864 ) (4096 -7168 -864 ) (4096 -7168 -1536 ) 
4 272 275 (4096 -6144 -864 ) (4096 -6144 -1536 ) (4096 -7168 -1536 ) (4096 -7168 -864 ) 
4 273 288 (3072 -7168 -656 ) (3072 -7168 2048 ) (3072 -6144 2048 ) (3072 -6144 -656 ) 
4 273 279 (4096 -7168 -656 ) (4096 -7168 2048 ) (3072 -7168 2048 ) (3072 -7168 -656 ) 
4 273 274 (4096 -6144 -656 ) (4096 -7168 -656 ) (3072 -7168 -656 ) (3072 -6144 -656 ) 
4 274 289 (3072 -7168 -864 ) (3072 -7168 -656 ) (3072 -6144 -656 ) (3072 -6144 -864 ) 
4 274 280 (4096 -7168 -864 ) (4096 -7168 -656 ) (3072 -7168 -656 ) (3072 -7168 -864 ) 
4 274 275 (4096 -7168 -864 ) (3072 -7168 -864 ) (3072 -6144 -864 ) (4096 -6144 -864 ) 
4 275 290 (3072 -7168 -1536 ) (3072 -7168 -864 ) (3072 -6144 -864 ) (3072 -6144 -1536 ) 
4 275 281 (4096 -7168 -1536 ) (4096 -7168 -864 ) (3072 -7168 -864 ) (3072 -7168 -1536 ) 
4 276 315 (5120 -8192 -656 ) (5120 -8192 2048 ) (4096 -8192 2048 ) (4096 -8192 -656 ) 
4 276 279 (4096 -7168 2048 ) (4096 -7168 -656 ) (4096 -8192 -656 ) (4096 -8192 2048 ) 
4 276 277 (4096 -7168 -656 ) (5120 -7168 -656 ) (5120 -8192 -656 ) (4096 -8192 -656 ) 
4 277 316 (5120 -8192 -864 ) (5120 -8192 -656 ) (4096 -8192 -656 ) (4096 -8192 -864 ) 
4 277 280 (4096 -7168 -656 ) (4096 -7168 -864 ) (4096 -8192 -864 ) (4096 -8192 -656 ) 
4 277 278 (5120 -8192 -864 ) (4096 -8192 -864 ) (4096 -7168 -864 ) (5120 -7168 -864 ) 
4 278 317 (5120 -8192 -1536 ) (5120 -8192 -864 ) (4096 -8192 -864 ) (4096 -8192 -1536 ) 
4 278 281 (4096 -7168 -864 ) (4096 -7168 -1536 ) (4096 -8192 -1536 ) (4096 -8192 -864 ) 
4 279 318 (4096 -8192 -656 ) (4096 -8192 2048 ) (3072 -8192 2048 ) (3072 -8192 -656 ) 
4 279 294 (3072 -8192 -656 ) (3072 -8192 2048 ) (3072 -7168 2048 ) (3072 -7168 -656 ) 
4 279 280 (4096 -7168 -656 ) (4096 -8192 -656 ) (3072 -8192 -656 ) (3072 -7168 -656 ) 
4 280 319 (4096 -8192 -864 ) (4096 -8192 -656 ) (3072 -8192 -656 ) (3072 -8192 -864 ) 
4 280 295 (3072 -8192 -864 ) (3072 -8192 -656 ) (3072 -7168 -656 ) (3072 -7168 -864 ) 
4 280 281 (4096 -8192 -864 ) (3072 -8192 -864 ) (3072 -7168 -864 ) (4096 -7168 -864 ) 
4 281 320 (4096 -8192 -1536 ) (4096 -8192 -864 ) (3072 -8192 -864 ) (3072 -8192 -1536 ) 
4 281 296 (3072 -8192 -1536 ) (3072 -8192 -864 ) (3072 -7168 -864 ) (3072 -7168 -1536 ) 
4 282 288 (3072 -6144 -656 ) (3072 -6144 2048 ) (2048 -6144 2048 ) (2048 -6144 -656 ) 
4 282 285 (2048 -6144 -656 ) (2048 -6144 2048 ) (2048 -5120 2048 ) (2048 -5120 -656 ) 
4 282 283 (3072 -6144 -656 ) (2048 -6144 -656 ) (2048 -5120 -656 ) (3072 -5120 -656 ) 
4 283 289 (3072 -6144 -864 ) (3072 -6144 -656 ) (2048 -6144 -656 ) (2048 -6144 -864 ) 
4 283 286 (2048 -6144 -864 ) (2048 -6144 -656 ) (2048 -5120 -656 ) (2048 -5120 -864 ) 
4 283 284 (2048 -6144 -864 ) (2048 -5120 -864 ) (3072 -5120 -864 ) (3072 -6144 -864 ) 
4 284 290 (3072 -6144 -1536 ) (3072 -6144 -864 ) (2048 -6144 -864 ) (2048 -6144 -1536 ) 
4 284 287 (2048 -6144 -1536 ) (2048 -6144 -864 ) (2048 -5120 -864 ) (2048 -5120 -1536 ) 
4 285 300 (1024 -6144 -656 ) (1024 -6144 2048 ) (1024 -5120 2048 ) (1024 -5120 -656 ) 
4 285 291 (2048 -6144 -656 ) (2048 -6144 2048 ) (1024 -6144 2048 ) (1024 -6144 -656 ) 
4 285 286 (1024 -5120 -656 ) (2048 -5120 -656 ) (2048 -6144 -656 ) (1024 -6144 -656 ) 
4 286 301 (1024 -6144 -864 ) (1024 -6144 -656 ) (1024 -5120 -656 ) (1024 -5120 -864 ) 
4 286 292 (2048 -6144 -864 ) (2048 -6144 -656 ) (1024 -6144 -656 ) (1024 -6144 -864 ) 
4 286 287 (2048 -6144 -864 ) (1024 -6144 -864 ) (1024 -5120 -864 ) (2048 -5120 -864 ) 
4 287 302 (1024 -6144 -1536 ) (1024 -6144 -864 ) (1024 -5120 -864 ) (1024 -5120 -1536 ) 
4 287 293 (2048 -6144 -1536 ) (2048 -6144 -864 ) (1024 -6144 -864 ) (1024 -6144 -1536 ) 
4 288 294 (3072 -7168 -656 ) (3072 -7168 2048 ) (2048 -7168 2048 ) (2048 -7168 -656 ) 
4 288 291 (2048 -7168 -656 ) (2048 -7168 2048 ) (2048 -6144 2048 ) (2048 -6144 -656 ) 
4 288 289 (3072 -7168 -656 ) (2048 -7168 -656 ) (2048 -6144 -656 ) (3072 -6144 -656 ) 
4 289 295 (3072 -7168 -864 ) (3072 -7168 -656 ) (2048 -7168 -656 ) (2048 -7168 -864 ) 
4 289 292 (2048 -7168 -864 ) (2048 -7168 -656 ) (2048 -6144 -656 ) (2048 -6144 -864 ) 
4 289 290 (2048 -7168 -864 ) (2048 -6144 -864 ) (3072 -6144 -864 ) (3072 -7168 -864 ) 
4 290 296 (3072 -7168 -1536 ) (3072 -7168 -864 ) (2048 -7168 -864 ) (2048 -7168 -1536 ) 
4 290 293 (2048 -7168 -1536 ) (2048 -7168 -864 ) (2048 -6144 -864 ) (2048 -6144 -1536 ) 
4 291 303 (1024 -7168 -656 ) (1024 -7168 2048 ) (1024 -6144 2048 ) (1024 -6144 -656 ) 
4 291 297 (1024 -7168 2048 ) (1024 -7168 -656 ) (2048 -7168 -656 ) (2048 -7168 2048 ) 
4 291 292 (1024 -6144 -656 ) (2048 -6144 -656 ) (2048 -7168 -656 ) (1024 -7168 -656 ) 
4 292 304 (1024 -7168 -864 ) (1024 -7168 -656 ) (1024 -6144 -656 ) (1024 -6144 -864 ) 
4 292 298 (1024 -7168 -656 ) (1024 -7168 -864 ) (2048 -7168 -864 ) (2048 -7168 -656 ) 
4 292 293 (2048 -7168 -864 ) (1024 -7168 -864 ) (1024 -6144 -864 ) (2048 -6144 -864 ) 
4 293 305 (1024 -7168 -1536 ) (1024 -7168 -864 ) (1024 -6144 -864 ) (1024 -6144 -1536 ) 
4 293 299 (1024 -7168 -864 ) (1024 -7168 -1536 ) (2048 -7168 -1536 ) (2048 -7168 -864 ) 
4 294 336 (3072 -8192 -656 ) (3072 -8192 2048 ) (2048 -8192 2048 ) (2048 -8192 -656 ) 
4 294 297 (2048 -7168 2048 ) (2048 -7168 -656 ) (2048 -8192 -656 ) (2048 -8192 2048 ) 
4 294 295 (2048 -7168 -656 ) (3072 -7168 -656 ) (3072 -8192 -656 ) (2048 -8192 -656 ) 
4 295 337 (3072 -8192 -864 ) (3072 -8192 -656 ) (2048 -8192 -656 ) (2048 -8192 -864 ) 
4 295 298 (2048 -7168 -656 ) (2048 -7168 -864 ) (2048 -8192 -864 ) (2048 -8192 -656 ) 
4 295 296 (3072 -8192 -864 ) (2048 -8192 -864 ) (2048 -7168 -864 ) (3072 -7168 -864 ) 
4 296 338 (3072 -8192 -1536 ) (3072 -8192 -864 ) (2048 -8192 -864 ) (2048 -8192 -1536 ) 
4 296 299 (2048 -7168 -864 ) (2048 -7168 -1536 ) (2048 -8192 -1536 ) (2048 -8192 -864 ) 
4 297 339 (2048 -8192 -656 ) (2048 -8192 2048 ) (1024 -8192 2048 ) (1024 -8192 -656 ) 
4 297 306 (1024 -8192 -656 ) (1024 -8192 2048 ) (1024 -7168 2048 ) (1024 -7168 -656 ) 
4 297 298 (1024 -8192 -656 ) (1024 -7168 -656 ) (2048 -7168 -656 ) (2048 -8192 -656 ) 
4 298 340 (2048 -8192 -864 ) (2048 -8192 -656 ) (1024 -8192 -656 ) (1024 -8192 -864 ) 
4 298 307 (1024 -8192 -864 ) (1024 -8192 -656 ) (1024 -7168 -656 ) (1024 -7168 -864 ) 
4 298 299 (2048 -8192 -864 ) (1024 -8192 -864 ) (1024 -7168 -864 ) (2048 -7168 -864 ) 
4 299 341 (2048 -8192 -1536 ) (2048 -8192 -864 ) (1024 -8192 -864 ) (1024 -8192 -1536 ) 
4 299 308 (1024 -8192 -1536 ) (1024 -8192 -864 ) (1024 -7168 -864 ) (1024 -7168 -1536 ) 
4 300 303 (1024 -6144 -656 ) (1024 -6144 2048 ) (64 -6144 2048 ) (64 -6144 -656 ) 
4 300 301 (1024 -6144 -656 ) (64 -6144 -656 ) (64 -5120 -656 ) (1024 -5120 -656 ) 
4 301 304 (1024 -6144 -864 ) (1024 -6144 -656 ) (64 -6144 -656 ) (64 -6144 -864 ) 
4 301 302 (1024 -6144 -864 ) (64 -6144 -864 ) (64 -5120 -864 ) (1024 -5120 -864 ) 
4 302 305 (1024 -6144 -1536 ) (1024 -6144 -864 ) (64 -6144 -864 ) (64 -6144 -1536 ) 
4 303 306 (1024 -7168 -656 ) (1024 -7168 2048 ) (64 -7168 2048 ) (64 -7168 -656 ) 
4 303 304 (1024 -7168 -656 ) (64 -7168 -656 ) (64 -6144 -656 ) (1024 -6144 -656 ) 
4 304 307 (1024 -7168 -864 ) (1024 -7168 -656 ) (64 -7168 -656 ) (64 -7168 -864 ) 
4 304 305 (1024 -7168 -864 ) (64 -7168 -864 ) (64 -6144 -864 ) (1024 -6144 -864 ) 
4 305 308 (1024 -7168 -1536 ) (1024 -7168 -864 ) (64 -7168 -864 ) (64 -7168 -1536 ) 
4 306 348 (1024 -8192 -656 ) (1024 -8192 2048 ) (64 -8192 2048 ) (64 -8192 -656 ) 
4 306 307 (1024 -8192 -656 ) (64 -8192 -656 ) (64 -7168 -656 ) (1024 -7168 -656 ) 
4 307 349 (1024 -8192 -864 ) (1024 -8192 -656 ) (64 -8192 -656 ) (64 -8192 -864 ) 
4 307 308 (1024 -8192 -864 ) (64 -8192 -864 ) (64 -7168 -864 ) (1024 -7168 -864 ) 
4 308 350 (1024 -8192 -1536 ) (1024 -8192 -864 ) (64 -8192 -864 ) (64 -8192 -1536 ) 
4 309 315 (5120 -8192 2048 ) (5120 -8192 -656 ) (5120 -9216 -656 ) (5120 -9216 2048 ) 
4 309 312 (6144 -9216 -656 ) (6144 -9216 2048 ) (5120 -9216 2048 ) (5120 -9216 -656 ) 
4 309 310 (5120 -9216 -656 ) (5120 -8192 -656 ) (6144 -8192 -656 ) (6144 -9216 -656 ) 
4 310 316 (5120 -8192 -656 ) (5120 -8192 -864 ) (5120 -9216 -864 ) (5120 -9216 -656 ) 
4 310 313 (6144 -9216 -864 ) (6144 -9216 -656 ) (5120 -9216 -656 ) (5120 -9216 -864 ) 
4 310 311 (6144 -9216 -864 ) (5120 -9216 -864 ) (5120 -8192 -864 ) (6144 -8192 -864 ) 
4 311 317 (5120 -8192 -864 ) (5120 -8192 -1536 ) (5120 -9216 -1536 ) (5120 -9216 -864 ) 
4 311 314 (6144 -9216 -1536 ) (6144 -9216 -864 ) (5120 -9216 -864 ) (5120 -9216 -1536 ) 
4 312 327 (6144 -10240 -656 ) (6144 -10240 2048 ) (5120 -10240 2048 ) (5120 -10240 -656 ) 
4 312 321 (5120 -10240 -656 ) (5120 -10240 2048 ) (5120 -9216 2048 ) (5120 -9216 -656 ) 
4 312 313 (5120 -10240 -656 ) (5120 -9216 -656 ) (6144 -9216 -656 ) (6144 -10240 -656 ) 
4 313 328 (6144 -10240 -864 ) (6144 -10240 -656 ) (5120 -10240 -656 ) (5120 -10240 -864 ) 
4 313 322 (5120 -10240 -864 ) (5120 -10240 -656 ) (5120 -9216 -656 ) (5120 -9216 -864 ) 
4 313 314 (6144 -10240 -864 ) (5120 -10240 -864 ) (5120 -9216 -864 ) (6144 -9216 -864 ) 
4 314 329 (6144 -10240 -1536 ) (6144 -10240 -864 ) (5120 -10240 -864 ) (5120 -10240 -1536 ) 
4 314 323 (5120 -10240 -1536 ) (5120 -10240 -864 ) (5120 -9216 -864 ) (5120 -9216 -1536 ) 
4 315 321 (5120 -9216 -656 ) (5120 -9216 2048 ) (4096 -9216 2048 ) (4096 -9216 -656 ) 
4 315 318 (4096 -8192 2048 ) (4096 -8192 -656 ) (4096 -9216 -656 ) (4096 -9216 2048 ) 
4 315 316 (5120 -9216 -656 ) (4096 -9216 -656 ) (4096 -8192 -656 ) (5120 -8192 -656 ) 
4 316 322 (5120 -9216 -864 ) (5120 -9216 -656 ) (4096 -9216 -656 ) (4096 -9216 -864 ) 
4 316 319 (4096 -8192 -656 ) (4096 -8192 -864 ) (4096 -9216 -864 ) (4096 -9216 -656 ) 
4 316 317 (4096 -9216 -864 ) (4096 -8192 -864 ) (5120 -8192 -864 ) (5120 -9216 -864 ) 
4 317 323 (5120 -9216 -1536 ) (5120 -9216 -864 ) (4096 -9216 -864 ) (4096 -9216 -1536 ) 
4 317 320 (4096 -8192 -864 ) (4096 -8192 -1536 ) (4096 -9216 -1536 ) (4096 -9216 -864 ) 
4 318 336 (3072 -8192 2048 ) (3072 -8192 -656 ) (3072 -9216 -656 ) (3072 -9216 2048 ) 
4 318 324 (4096 -9216 -656 ) (4096 -9216 2048 ) (3072 -9216 2048 ) (3072 -9216 -656 ) 
4 318 319 (3072 -8192 -656 ) (4096 -8192 -656 ) (4096 -9216 -656 ) (3072 -9216 -656 ) 
4 319 337 (3072 -8192 -656 ) (3072 -8192 -864 ) (3072 -9216 -864 ) (3072 -9216 -656 ) 
4 319 325 (4096 -9216 -864 ) (4096 -9216 -656 ) (3072 -9216 -656 ) (3072 -9216 -864 ) 
4 319 320 (4096 -9216 -864 ) (3072 -9216 -864 ) (3072 -8192 -864 ) (4096 -8192 -864 ) 
4 320 338 (3072 -8192 -864 ) (3072 -8192 -1536 ) (3072 -9216 -1536 ) (3072 -9216 -864 ) 
4 320 326 (4096 -9216 -1536 ) (4096 -9216 -864 ) (3072 -9216 -864 ) (3072 -9216 -1536 ) 
4 321 330 (5120 -10240 -656 ) (5120 -10240 2048 ) (4096 -10240 2048 ) (4096 -10240 -656 ) 
4 321 324 (4096 -9216 2048 ) (4096 -9216 -656 ) (4096 -10240 -656 ) (4096 -10240 2048 ) 
4 321 322 (4096 -9216 -656 ) (5120 -9216 -656 ) (5120 -10240 -656 ) (4096 -10240 -656 ) 
4 322 331 (5120 -10240 -864 ) (5120 -10240 -656 ) (4096 -10240 -656 ) (4096 -10240 -864 ) 
4 322 325 (4096 -9216 -656 ) (4096 -9216 -864 ) (4096 -10240 -864 ) (4096 -10240 -656 ) 
4 322 323 (5120 -10240 -864 ) (4096 -10240 -864 ) (4096 -9216 -864 ) (5120 -9216 -864 ) 
4 323 332 (5120 -10240 -1536 ) (5120 -10240 -864 ) (4096 -10240 -864 ) (4096 -10240 -1536 ) 
4 323 326 (4096 -9216 -864 ) (4096 -9216 -1536 ) (4096 -10240 -1536 ) (4096 -10240 -864 ) 
4 324 342 (3072 -10240 -656 ) (3072 -10240 2048 ) (3072 -9216 2048 ) (3072 -9216 -656 ) 
4 324 333 (4096 -10240 -656 ) (4096 -10240 2048 ) (3072 -10240 2048 ) (3072 -10240 -656 ) 
4 324 325 (4096 -9216 -656 ) (4096 -10240 -656 ) (3072 -10240 -656 ) (3072 -9216 -656 ) 
4 325 343 (3072 -10240 -864 ) (3072 -10240 -656 ) (3072 -9216 -656 ) (3072 -9216 -864 ) 
4 325 334 (4096 -10240 -864 ) (4096 -10240 -656 ) (3072 -10240 -656 ) (3072 -10240 -864 ) 
4 325 326 (4096 -10240 -864 ) (3072 -10240 -864 ) (3072 -9216 -864 ) (4096 -9216 -864 ) 
4 326 344 (3072 -10240 -1536 ) (3072 -10240 -864 ) (3072 -9216 -864 ) (3072 -9216 -1536 ) 
4 326 335 (4096 -10240 -1536 ) (4096 -10240 -864 ) (3072 -10240 -864 ) (3072 -10240 -1536 ) 
4 327 330 (5120 -10240 2048 ) (5120 -10240 -656 ) (5120 -10304 -656 ) (5120 -10304 2048 ) 
4 327 328 (5120 -10304 -656 ) (5120 -10240 -656 ) (6144 -10240 -656 ) (6144 -10304 -656 ) 
4 328 331 (5120 -10240 -656 ) (5120 -10240 -864 ) (5120 -10304 -864 ) (5120 -10304 -656 ) 
4 328 329 (6144 -10304 -864 ) (5120 -10304 -864 ) (5120 -10240 -864 ) (6144 -10240 -864 ) 
4 329 332 (5120 -10240 -864 ) (5120 -10240 -1536 ) (5120 -10304 -1536 ) (5120 -10304 -864 ) 
4 330 333 (4096 -10240 2048 ) (4096 -10240 -656 ) (4096 -10304 -656 ) (4096 -10304 2048 ) 
4 330 331 (4096 -10304 -656 ) (4096 -10240 -656 ) (5120 -10240 -656 ) (5120 -10304 -656 ) 
4 331 334 (4096 -10240 -656 ) (4096 -10240 -864 ) (4096 -10304 -864 ) (4096 -10304 -656 ) 
4 331 332 (5120 -10304 -864 ) (4096 -10304 -864 ) (4096 -10240 -864 ) (5120 -10240 -864 ) 
4 332 335 (4096 -10240 -864 ) (4096 -10240 -1536 ) (4096 -10304 -1536 ) (4096 -10304 -864 ) 
4 333 354 (3072 -10304 2048 ) (3072 -10240 2048 ) (3072 -10240 -656 ) (3072 -10304 -656 ) 
4 333 334 (4096 -10240 -656 ) (4096 -10304 -656 ) (3072 -10304 -656 ) (3072 -10240 -656 ) 
4 334 355 (3072 -10304 -864 ) (3072 -10304 -656 ) (3072 -10240 -656 ) (3072 -10240 -864 ) 
4 334 335 (4096 -10304 -864 ) (3072 -10304 -864 ) (3072 -10240 -864 ) (4096 -10240 -864 ) 
4 335 356 (3072 -10304 -1536 ) (3072 -10304 -864 ) (3072 -10240 -864 ) (3072 -10240 -1536 ) 
4 336 342 (3072 -9216 -656 ) (3072 -9216 2048 ) (2048 -9216 2048 ) (2048 -9216 -656 ) 
4 336 339 (2048 -8192 2048 ) (2048 -8192 -656 ) (2048 -9216 -656 ) (2048 -9216 2048 ) 
4 336 337 (3072 -9216 -656 ) (2048 -9216 -656 ) (2048 -8192 -656 ) (3072 -8192 -656 ) 
4 337 343 (3072 -9216 -864 ) (3072 -9216 -656 ) (2048 -9216 -656 ) (2048 -9216 -864 ) 
4 337 340 (2048 -8192 -656 ) (2048 -8192 -864 ) (2048 -9216 -864 ) (2048 -9216 -656 ) 
4 337 338 (2048 -9216 -864 ) (2048 -8192 -864 ) (3072 -8192 -864 ) (3072 -9216 -864 ) 
4 338 344 (3072 -9216 -1536 ) (3072 -9216 -864 ) (2048 -9216 -864 ) (2048 -9216 -1536 ) 
4 338 341 (2048 -8192 -864 ) (2048 -8192 -1536 ) (2048 -9216 -1536 ) (2048 -9216 -864 ) 
4 339 348 (1024 -8192 2048 ) (1024 -8192 -656 ) (1024 -9216 -656 ) (1024 -9216 2048 ) 
4 339 345 (2048 -9216 -656 ) (2048 -9216 2048 ) (1024 -9216 2048 ) (1024 -9216 -656 ) 
4 339 340 (1024 -8192 -656 ) (2048 -8192 -656 ) (2048 -9216 -656 ) (1024 -9216 -656 ) 
4 340 349 (1024 -8192 -656 ) (1024 -8192 -864 ) (1024 -9216 -864 ) (1024 -9216 -656 ) 
4 340 346 (2048 -9216 -864 ) (2048 -9216 -656 ) (1024 -9216 -656 ) (1024 -9216 -864 ) 
4 340 341 (2048 -9216 -864 ) (1024 -9216 -864 ) (1024 -8192 -864 ) (2048 -8192 -864 ) 
4 341 350 (1024 -8192 -864 ) (1024 -8192 -1536 ) (1024 -9216 -1536 ) (1024 -9216 -864 ) 
4 341 347 (2048 -9216 -1536 ) (2048 -9216 -864 ) (1024 -9216 -864 ) (1024 -9216 -1536 ) 
4 342 354 (3072 -10240 -656 ) (3072 -10240 2048 ) (2048 -10240 2048 ) (2048 -10240 -656 ) 
4 342 345 (2048 -9216 2048 ) (2048 -9216 -656 ) (2048 -10240 -656 ) (2048 -10240 2048 ) 
4 342 343 (3072 -10240 -656 ) (2048 -10240 -656 ) (2048 -9216 -656 ) (3072 -9216 -656 ) 
4 343 355 (3072 -10240 -864 ) (3072 -10240 -656 ) (2048 -10240 -656 ) (2048 -10240 -864 ) 
4 343 346 (2048 -9216 -656 ) (2048 -9216 -864 ) (2048 -10240 -864 ) (2048 -10240 -656 ) 
4 343 344 (2048 -10240 -864 ) (2048 -9216 -864 ) (3072 -9216 -864 ) (3072 -10240 -864 ) 
4 344 356 (3072 -10240 -1536 ) (3072 -10240 -864 ) (2048 -10240 -864 ) (2048 -10240 -1536 ) 
4 344 347 (2048 -9216 -864 ) (2048 -9216 -1536 ) (2048 -10240 -1536 ) (2048 -10240 -864 ) 
4 345 357 (2048 -10240 -656 ) (2048 -10240 2048 ) (1024 -10240 2048 ) (1024 -10240 -656 ) 
4 345 351 (1024 -10240 -656 ) (1024 -10240 2048 ) (1024 -9216 2048 ) (1024 -9216 -656 ) 
4 345 346 (2048 -9216 -656 ) (2048 -10240 -656 ) (1024 -10240 -656 ) (1024 -9216 -656 ) 
4 346 358 (2048 -10240 -864 ) (2048 -10240 -656 ) (1024 -10240 -656 ) (1024 -10240 -864 ) 
4 346 352 (1024 -10240 -864 ) (1024 -10240 -656 ) (1024 -9216 -656 ) (1024 -9216 -864 ) 
4 346 347 (2048 -10240 -864 ) (1024 -10240 -864 ) (1024 -9216 -864 ) (2048 -9216 -864 ) 
4 347 359 (2048 -10240 -1536 ) (2048 -10240 -864 ) (1024 -10240 -864 ) (1024 -10240 -1536 ) 
4 347 353 (1024 -10240 -1536 ) (1024 -10240 -864 ) (1024 -9216 -864 ) (1024 -9216 -1536 ) 
4 348 351 (1024 -9216 -656 ) (1024 -9216 2048 ) (64 -9216 2048 ) (64 -9216 -656 ) 
4 348 349 (1024 -9216 -656 ) (64 -9216 -656 ) (64 -8192 -656 ) (1024 -8192 -656 ) 
4 349 352 (1024 -9216 -864 ) (1024 -9216 -656 ) (64 -9216 -656 ) (64 -9216 -864 ) 
4 349 350 (1024 -9216 -864 ) (64 -9216 -864 ) (64 -8192 -864 ) (1024 -8192 -864 ) 
4 350 353 (1024 -9216 -1536 ) (1024 -9216 -864 ) (64 -9216 -864 ) (64 -9216 -1536 ) 
4 351 360 (1024 -10240 -656 ) (1024 -10240 2048 ) (64 -10240 2048 ) (64 -10240 -656 ) 
4 351 352 (64 -9216 -656 ) (1024 -9216 -656 ) (1024 -10240 -656 ) (64 -10240 -656 ) 
4 352 361 (1024 -10240 -864 ) (1024 -10240 -656 ) (64 -10240 -656 ) (64 -10240 -864 ) 
4 352 353 (64 -10240 -864 ) (64 -9216 -864 ) (1024 -9216 -864 ) (1024 -10240 -864 ) 
4 353 362 (1024 -10240 -1536 ) (1024 -10240 -864 ) (64 -10240 -864 ) (64 -10240 -1536 ) 
4 354 357 (2048 -10240 2048 ) (2048 -10240 -656 ) (2048 -10304 -656 ) (2048 -10304 2048 ) 
4 354 355 (2048 -10304 -656 ) (2048 -10240 -656 ) (3072 -10240 -656 ) (3072 -10304 -656 ) 
4 355 358 (2048 -10240 -656 ) (2048 -10240 -864 ) (2048 -10304 -864 ) (2048 -10304 -656 ) 
4 355 356 (3072 -10304 -864 ) (2048 -10304 -864 ) (2048 -10240 -864 ) (3072 -10240 -864 ) 
4 356 359 (2048 -10240 -864 ) (2048 -10240 -1536 ) (2048 -10304 -1536 ) (2048 -10304 -864 ) 
4 357 360 (1024 -10240 2048 ) (1024 -10240 -656 ) (1024 -10304 -656 ) (1024 -10304 2048 ) 
4 357 358 (1024 -10240 -656 ) (2048 -10240 -656 ) (2048 -10304 -656 ) (1024 -10304 -656 ) 
4 358 361 (1024 -10240 -656 ) (1024 -10240 -864 ) (1024 -10304 -864 ) (1024 -10304 -656 ) 
4 358 359 (2048 -10304 -864 ) (1024 -10304 -864 ) (1024 -10240 -864 ) (2048 -10240 -864 ) 
4 359 362 (1024 -10240 -864 ) (1024 -10240 -1536 ) (1024 -10304 -1536 ) (1024 -10304 -864 ) 
4 360 361 (64 -10304 -656 ) (64 -10240 -656 ) (1024 -10240 -656 ) (1024 -10304 -656 ) 
4 361 362 (1024 -10304 -864 ) (64 -10304 -864 ) (64 -10240 -864 ) (1024 -10240 -864 ) 
