PRT1
9
18
4 0 3 (258 0 1016 ) (254 0 1016 ) (254 0 2 ) (258 0 2 ) 
4 0 2 (526 0 2 ) (526 0 1016 ) (258 0 1016 ) (258 0 2 ) 
4 0 7 (254 0 1016 ) (0 0 1016 ) (0 0 2 ) (254 0 2 ) 
4 0 1 (0 0 2 ) (0 0 1016 ) (0 384 1016 ) (0 384 2 ) 
4 1 8 (0 0 2 ) (0 0 1016 ) (-498 0 1016 ) (-498 0 2 ) 
4 2 4 (258 -130 40 ) (258 -130 1016 ) (258 -126 1016 ) (258 -126 40 ) 
4 2 5 (258 -126 2 ) (258 -130 2 ) (258 -130 32 ) (258 -126 32 ) 
4 2 3 (258 0 2 ) (258 -126 2 ) (258 -126 1016 ) (258 0 1016 ) 
4 2 6 (258 -130 2 ) (258 -640 2 ) (258 -640 1016 ) (258 -130 1016 ) 
4 3 4 (254 -126 1016 ) (254 -126 40 ) (258 -126 40 ) (258 -126 1016 ) 
4 3 5 (254 -126 32 ) (254 -126 2 ) (258 -126 2 ) (258 -126 32 ) 
4 3 7 (254 0 2 ) (254 -126 2 ) (254 -126 1016 ) (254 0 1016 ) 
4 4 6 (254 -130 1016 ) (254 -130 40 ) (258 -130 40 ) (258 -130 1016 ) 
4 4 7 (254 -130 40 ) (254 -130 1016 ) (254 -126 1016 ) (254 -126 40 ) 
4 5 7 (254 -126 2 ) (254 -130 2 ) (254 -130 32 ) (254 -126 32 ) 
4 5 6 (254 -130 32 ) (254 -130 2 ) (258 -130 2 ) (258 -130 32 ) 
4 6 7 (254 -130 2 ) (254 -640 2 ) (254 -640 1016 ) (254 -130 1016 ) 
4 7 8 (0 0 1016 ) (0 0 2 ) (0 -640 2 ) (0 -640 1016 ) 
