


materialPath: C:\Program Files (x86)\Steam\steamapps\common\Half-Life 2 Deathmatch\hl2mp\materials
Loading C:\Program Files (x86)\Steam\steamapps\common\sourcesdk_content\hl2mp\mapsrc\sdk_water.vmf
Could not locate 'GameData' key in c:\program files (x86)\steam\steamapps\common\half-life 2 deathmatch\hl2mp\gameinfo.txt
fixing up env_cubemap materials on brush sides...
0...1...2...3...4...5...6...7...8...9...100...1...2...3...4...5...6...7...8...9...10Processing areas...done (0)
Building Faces...done (0)
FixTjuncs...
PruneNodes...
WriteBSP...
done (0)
writing C:\Program Files (x86)\Steam\steamapps\common\sourcesdk_content\hl2mp\mapsrc\sdk_water.prt...Building visibility clusters...
done (0)
Creating default LDR cubemaps for env_cubemap using skybox materials:
   skybox/sky_day01_01*.vmt
 ! Run buildcubemaps in the engine to get the correct cube maps.
Creating default HDR cubemaps for env_cubemap using skybox materials:
   skybox/sky_day01_01*.vmt
 ! Run buildcubemaps in the engine to get the correct cube maps.
Finding displacement neighbors...
Finding lightmap sample positions...
Displacement Alpha : 0...1...2...3...4...5...6...7...8...9...10
Building Physics collision data...
done (0) (4968 bytes)
Placing detail props : 0...1...2...3...4...5...6...7...8...9...10
Compacting texture/material tables...
Reduced 43 texinfos to 12
Reduced 8 texdatas to 6 (278 bytes to 174)
Writing C:\Program Files (x86)\Steam\steamapps\common\sourcesdk_content\hl2mp\mapsrc\sdk_water.bsp
Wrote ZIP buffer, estimated size 212778, actual size 212028
0 seconds elapsed



12 threads
reading c:\program files (x86)\steam\steamapps\common\sourcesdk_content\hl2mp\mapsrc\sdk_water.bsp
reading c:\program files (x86)\steam\steamapps\common\sourcesdk_content\hl2mp\mapsrc\sdk_water.prt
   5 portalclusters
   4 numportals
0...1...2...3...4...5...6...7...8...9...100...1...2...3...4...5...6...7...8...9...10Optimized: 0 visible clusters (0.00%)
Total clusters visible: 17
Average clusters visible: 3
Building PAS...
Average clusters audible: 5
visdatasize:54  compressed from 80
writing c:\program files (x86)\steam\steamapps\common\sourcesdk_content\hl2mp\mapsrc\sdk_water.bsp
0 seconds elapsed



[Reading texlights from 'lights.rad']
[45 texlights parsed from 'lights.rad']

Loading c:\program files (x86)\steam\steamapps\common\sourcesdk_content\hl2mp\mapsrc\sdk_water.bsp
67 faces
13472 square feet [1940080.38 square inches]
0 Displacements
0 Square Feet [0.00 Square Inches]
67 patches before subdivision
4155 patches after subdivision
2 direct lights
0...1...2...3...4...5...6...7...8...9...100...1...2...3...4...5...6...7...8...9...10transfers 237619, max 222
transfer lists:   1.8 megs
0...1...2...3...4...5...6...7...8...9...10	Bounce #1 added RGB(20977, 10770, 6880)
0...1...2...3...4...5...6...7...8...9...10	Bounce #2 added RGB(11132, 3877, 1880)
0...1...2...3...4...5...6...7...8...9...10	Bounce #3 added RGB(2377, 232, 38)
0...1...2...3...4...5...6...7...8...9...10	Bounce #4 added RGB(739, 58, 23)
0...1...2...3...4...5...6...7...8...9...10	Bounce #5 added RGB(208, 5, 0)
0...1...2...3...4...5...6...7...8...9...10	Bounce #6 added RGB(62, 1, 0)
0...1...2...3...4...5...6...7...8...9...10	Bounce #7 added RGB(19, 0, 0)
0...1...2...3...4...5...6...7...8...9...10	Bounce #8 added RGB(6, 0, 0)
0...1...2...3...4...5...6...7...8...9...10	Bounce #9 added RGB(2, 0, 0)
0...1...2...3...4...5...6...7...8...9...10	Bounce #10 added RGB(1, 0, 0)
Build Patch/Sample Hash Table(s).....Done<0.0007 sec>
0...1...2...3...4...5...6...7...8...9...10FinalLightFace Done
0 of 0 (0% of) surface lights went in leaf ambient cubes.
0...1...2...3...4...5...6...7...8...9...10Writing leaf ambient...done
Ready to Finish

Object names       Objects/Maxobjs  Memory / Maxmem  Fullness 
------------       ---------------  ---------------  -------- 
models                   1/1024           48/49152    ( 0.1%) 
brushes                 13/8192          156/98304    ( 0.2%) 
brushsides              79/65536         632/524288   ( 0.1%) 
planes                  50/65536        1000/1310720  ( 0.1%) 
vertexes               108/65536        1296/786432   ( 0.2%) 
nodes                   16/65536         512/2097152  ( 0.0%) 
texinfos                12/12288         864/884736   ( 0.1%) 
texdata                  6/2048          192/65536    ( 0.3%) 
dispinfos                0/0               0/0        ( 0.0%) 
disp_verts               0/0               0/0        ( 0.0%) 
disp_tris                0/0               0/0        ( 0.0%) 
disp_lmsamples           0/0               0/0        ( 0.0%) 
faces                   67/65536        3752/3670016  ( 0.1%) 
hdr faces                0/65536           0/3670016  ( 0.0%) 
origfaces               15/65536         840/3670016  ( 0.0%) 
leaves                  18/65536         576/2097152  ( 0.0%) 
leaffaces               73/65536         146/131072   ( 0.1%) 
leafbrushes             28/65536          56/131072   ( 0.0%) 
areas                    2/256            16/2048     ( 0.8%) 
surfedges              372/512000       1488/2048000  ( 0.1%) 
edges                  211/256000        844/1024000  ( 0.1%) 
LDR worldlights          2/8192          176/720896   ( 0.0%) 
HDR worldlights          0/8192            0/720896   ( 0.0%) 
leafwaterdata            1/32768          12/393216   ( 0.0%) 
waterstrips              3/32768          30/327680   ( 0.0%) 
waterverts               0/65536           0/786432   ( 0.0%) 
waterindices            36/65536          72/131072   ( 0.1%) 
cubemapsamples           1/1024           16/16384    ( 0.1%) 
overlays                 0/512             0/180224   ( 0.0%) 
LDR lightdata         [variable]      103408/0        ( 0.0%) 
HDR lightdata         [variable]           0/0        ( 0.0%) 
visdata               [variable]          54/16777216 ( 0.0%) 
entdata               [variable]         878/393216   ( 0.2%) 
LDR ambient table       18/65536          72/262144   ( 0.0%) 
HDR ambient table       18/65536          72/262144   ( 0.0%) 
LDR leaf ambient        80/65536        2240/1835008  ( 0.1%) 
HDR leaf ambient        18/65536         504/1835008  ( 0.0%) 
occluders                0/0               0/0        ( 0.0%) 
occluder polygons        0/0               0/0        ( 0.0%) 
occluder vert ind        0/0               0/0        ( 0.0%) 
detail props          [variable]           1/12       ( 8.3%) 
static props          [variable]           1/12       ( 8.3%) 
pakfile               [variable]      212028/0        ( 0.0%) 
physics               [variable]        4968/4194304  ( 0.1%) 
physics terrain       [variable]           2/1048576  ( 0.0%) 

Level flags = 0

Total triangle count: 178
Writing c:\program files (x86)\steam\steamapps\common\sourcesdk_content\hl2mp\mapsrc\sdk_water.bsp
0 seconds elapsed



[Reading texlights from 'lights.rad']
[45 texlights parsed from 'lights.rad']

Loading c:\program files (x86)\steam\steamapps\common\sourcesdk_content\hl2mp\mapsrc\sdk_water.bsp
67 faces
13472 square feet [1940080.38 square inches]
0 Displacements
0 Square Feet [0.00 Square Inches]
67 patches before subdivision
4155 patches after subdivision
2 direct lights
0...1...2...3...4...5...6...7...8...9...100...1...2...3...4...5...6...7...8...9...10transfers 237619, max 222
transfer lists:   1.8 megs
0...1...2...3...4...5...6...7...8...9...10	Bounce #1 added RGB(20977, 10770, 6880)
0...1...2...3...4...5...6...7...8...9...10	Bounce #2 added RGB(11132, 3877, 1880)
0...1...2...3...4...5...6...7...8...9...10	Bounce #3 added RGB(2377, 232, 38)
0...1...2...3...4...5...6...7...8...9...10	Bounce #4 added RGB(739, 58, 23)
0...1...2...3...4...5...6...7...8...9...10	Bounce #5 added RGB(208, 5, 0)
0...1...2...3...4...5...6...7...8...9...10	Bounce #6 added RGB(62, 1, 0)
0...1...2...3...4...5...6...7...8...9...10	Bounce #7 added RGB(19, 0, 0)
0...1...2...3...4...5...6...7...8...9...10	Bounce #8 added RGB(6, 0, 0)
0...1...2...3...4...5...6...7...8...9...10	Bounce #9 added RGB(2, 0, 0)
0...1...2...3...4...5...6...7...8...9...10	Bounce #10 added RGB(1, 0, 0)
Build Patch/Sample Hash Table(s).....Done<0.0007 sec>
0...1...2...3...4...5...6...7...8...9...10FinalLightFace Done
0 of 0 (0% of) surface lights went in leaf ambient cubes.
0...1...2...3...4...5...6...7...8...9...10Writing leaf ambient...done
Ready to Finish

Object names       Objects/Maxobjs  Memory / Maxmem  Fullness 
------------       ---------------  ---------------  -------- 
models                   1/1024           48/49152    ( 0.1%) 
brushes                 13/8192          156/98304    ( 0.2%) 
brushsides              79/65536         632/524288   ( 0.1%) 
planes                  50/65536        1000/1310720  ( 0.1%) 
vertexes               108/65536        1296/786432   ( 0.2%) 
nodes                   16/65536         512/2097152  ( 0.0%) 
texinfos                12/12288         864/884736   ( 0.1%) 
texdata                  6/2048          192/65536    ( 0.3%) 
dispinfos                0/0               0/0        ( 0.0%) 
disp_verts               0/0               0/0        ( 0.0%) 
disp_tris                0/0               0/0        ( 0.0%) 
disp_lmsamples           0/0               0/0        ( 0.0%) 
faces                   67/65536        3752/3670016  ( 0.1%) 
hdr faces               67/65536        3752/3670016  ( 0.1%) 
origfaces               15/65536         840/3670016  ( 0.0%) 
leaves                  18/65536         576/2097152  ( 0.0%) 
leaffaces               73/65536         146/131072   ( 0.1%) 
leafbrushes             28/65536          56/131072   ( 0.0%) 
areas                    2/256            16/2048     ( 0.8%) 
surfedges              372/512000       1488/2048000  ( 0.1%) 
edges                  211/256000        844/1024000  ( 0.1%) 
LDR worldlights          2/8192          176/720896   ( 0.0%) 
HDR worldlights          2/8192          176/720896   ( 0.0%) 
leafwaterdata            1/32768          12/393216   ( 0.0%) 
waterstrips              3/32768          30/327680   ( 0.0%) 
waterverts               0/65536           0/786432   ( 0.0%) 
waterindices            36/65536          72/131072   ( 0.1%) 
cubemapsamples           1/1024           16/16384    ( 0.1%) 
overlays                 0/512             0/180224   ( 0.0%) 
LDR lightdata         [variable]      103408/0        ( 0.0%) 
HDR lightdata         [variable]      103408/0        ( 0.0%) 
visdata               [variable]          54/16777216 ( 0.0%) 
entdata               [variable]         878/393216   ( 0.2%) 
LDR ambient table       18/65536          72/262144   ( 0.0%) 
HDR ambient table       18/65536          72/262144   ( 0.0%) 
LDR leaf ambient        80/65536        2240/1835008  ( 0.1%) 
HDR leaf ambient        80/65536        2240/1835008  ( 0.1%) 
occluders                0/0               0/0        ( 0.0%) 
occluder polygons        0/0               0/0        ( 0.0%) 
occluder vert ind        0/0               0/0        ( 0.0%) 
detail props          [variable]           1/12       ( 8.3%) 
static props          [variable]           1/12       ( 8.3%) 
pakfile               [variable]      212028/0        ( 0.0%) 
physics               [variable]        4968/4194304  ( 0.1%) 
physics terrain       [variable]           2/1048576  ( 0.0%) 

Level flags = 0

Total triangle count: 178
Writing c:\program files (x86)\steam\steamapps\common\sourcesdk_content\hl2mp\mapsrc\sdk_water.bsp
1 second elapsed
