PRT1
24
66
4 0 22 (448 0 -224 ) (448 0 -49 ) (0 0 -49 ) (0 0 -224 ) 
4 0 19 (60 0 -47 ) (36 0 -47 ) (36 0 -49 ) (60 0 -49 ) 
4 0 18 (448 0 -49 ) (448 0 -47 ) (60 0 -47 ) (60 0 -49 ) 
4 0 21 (36 0 -47 ) (0 0 -47 ) (0 0 -49 ) (36 0 -49 ) 
4 0 9 (59 0 2 ) (36 0 2 ) (36 0 -47 ) (59 0 -47 ) 
4 0 10 (36 0 2 ) (0 0 2 ) (0 0 -47 ) (36 0 -47 ) 
4 0 8 (60 0 2 ) (59 0 2 ) (59 0 -47 ) (60 0 -47 ) 
4 0 7 (448 0 -47 ) (448 0 2 ) (60 0 2 ) (60 0 -47 ) 
4 0 3 (60 0 448 ) (36 0 448 ) (36 0 2 ) (60 0 2 ) 
4 0 2 (448 0 2 ) (448 0 448 ) (60 0 448 ) (60 0 2 ) 
4 0 6 (36 0 448 ) (0 0 448 ) (0 0 2 ) (36 0 2 ) 
4 0 1 (0 0 -224 ) (0 0 448 ) (0 448 448 ) (0 448 -224 ) 
4 1 23 (0 0 -224 ) (0 0 448 ) (-448 0 448 ) (-448 0 -224 ) 
4 2 7 (60 0 2 ) (448 0 2 ) (448 -448 2 ) (60 -448 2 ) 
4 2 4 (60 -49 3 ) (60 -49 448 ) (60 -15 448 ) (60 -15 3 ) 
4 2 3 (60 0 2 ) (60 -15 2 ) (60 -15 448 ) (60 0 448 ) 
4 2 5 (60 -49 2 ) (60 -448 2 ) (60 -448 448 ) (60 -49 448 ) 
4 3 9 (36 0 2 ) (59 0 2 ) (59 -15 2 ) (36 -15 2 ) 
4 3 8 (59 0 2 ) (60 0 2 ) (60 -15 2 ) (59 -15 2 ) 
4 3 4 (36 -15 448 ) (36 -15 3 ) (60 -15 3 ) (60 -15 448 ) 
4 3 6 (36 0 2 ) (36 -15 2 ) (36 -15 448 ) (36 0 448 ) 
4 4 6 (36 -49 3 ) (36 -49 448 ) (36 -15 448 ) (36 -15 3 ) 
4 4 5 (36 -49 448 ) (36 -49 3 ) (60 -49 3 ) (60 -49 448 ) 
4 5 16 (60 -49 2 ) (60 -448 2 ) (36 -448 2 ) (36 -49 2 ) 
4 5 6 (36 -49 2 ) (36 -448 2 ) (36 -448 448 ) (36 -49 448 ) 
4 6 23 (0 0 448 ) (0 0 2 ) (0 -448 2 ) (0 -448 448 ) 
4 6 17 (0 -448 2 ) (0 -48 2 ) (36 -48 2 ) (36 -448 2 ) 
4 6 15 (0 -48 2 ) (0 -31 2 ) (36 -31 2 ) (36 -48 2 ) 
4 6 13 (0 -31 2 ) (0 -29 2 ) (36 -29 2 ) (36 -31 2 ) 
4 6 12 (0 -29 2 ) (0 -16 2 ) (36 -16 2 ) (36 -29 2 ) 
4 6 10 (0 -16 2 ) (0 0 2 ) (36 0 2 ) (36 -16 2 ) 
4 7 18 (60 -448 -47 ) (60 0 -47 ) (448 0 -47 ) (448 -448 -47 ) 
4 7 16 (60 -49 -47 ) (60 -448 -47 ) (60 -448 2 ) (60 -49 2 ) 
4 7 8 (60 0 -47 ) (60 -15 -47 ) (60 -15 2 ) (60 0 2 ) 
4 8 19 (59 0 -47 ) (60 0 -47 ) (60 -15 -47 ) (59 -15 -47 ) 
4 8 9 (59 0 -47 ) (59 -15 -47 ) (59 -15 2 ) (59 0 2 ) 
4 9 19 (36 0 -47 ) (59 0 -47 ) (59 -15 -47 ) (36 -15 -47 ) 
4 9 10 (36 0 -47 ) (36 -15 -47 ) (36 -15 2 ) (36 0 2 ) 
4 10 23 (0 0 2 ) (0 0 -47 ) (0 -16 -47 ) (0 -16 2 ) 
4 10 21 (0 -16 -47 ) (0 0 -47 ) (36 0 -47 ) (36 -16 -47 ) 
4 10 12 (0 -16 -47 ) (36 -16 -47 ) (36 -16 2 ) (0 -16 2 ) 
4 11 12 (48 -16 2 ) (48 -16 -47 ) (48 -24 -47 ) (48 -24 2 ) 
4 12 23 (0 -16 -47 ) (0 -29 -47 ) (0 -29 2 ) (0 -16 2 ) 
4 12 21 (0 -29 -47 ) (0 -16 -47 ) (36 -16 -47 ) (36 -29 -47 ) 
4 12 13 (0 -29 -47 ) (48 -29 -47 ) (48 -29 2 ) (0 -29 2 ) 
4 13 23 (0 -29 -47 ) (0 -31 -47 ) (0 -31 2 ) (0 -29 2 ) 
4 13 21 (0 -31 -47 ) (0 -29 -47 ) (36 -29 -47 ) (36 -31 -47 ) 
4 13 15 (0 -31 -47 ) (48 -31 -47 ) (48 -31 2 ) (0 -31 2 ) 
4 14 15 (48 -36 -47 ) (48 -48 -47 ) (48 -48 2 ) (48 -36 2 ) 
4 15 23 (0 -31 -47 ) (0 -48 -47 ) (0 -48 2 ) (0 -31 2 ) 
4 15 21 (0 -48 -47 ) (0 -31 -47 ) (36 -31 -47 ) (36 -48 -47 ) 
4 15 17 (0 -48 -47 ) (36 -48 -47 ) (36 -48 2 ) (0 -48 2 ) 
4 16 20 (60 -49 -47 ) (60 -448 -47 ) (36 -448 -47 ) (36 -49 -47 ) 
4 16 17 (36 -49 -47 ) (36 -448 -47 ) (36 -448 2 ) (36 -49 2 ) 
4 17 23 (0 -48 -47 ) (0 -448 -47 ) (0 -448 2 ) (0 -48 2 ) 
4 17 21 (0 -448 -47 ) (0 -48 -47 ) (36 -48 -47 ) (36 -448 -47 ) 
4 18 22 (448 0 -49 ) (448 -448 -49 ) (60 -448 -49 ) (60 0 -49 ) 
4 18 19 (60 0 -49 ) (60 -15 -49 ) (60 -15 -47 ) (60 0 -47 ) 
4 18 20 (60 -49 -49 ) (60 -448 -49 ) (60 -448 -47 ) (60 -49 -47 ) 
4 19 22 (36 -15 -49 ) (36 0 -49 ) (60 0 -49 ) (60 -15 -49 ) 
4 19 21 (36 0 -49 ) (36 -15 -49 ) (36 -15 -47 ) (36 0 -47 ) 
4 20 22 (60 -448 -49 ) (36 -448 -49 ) (36 -49 -49 ) (60 -49 -49 ) 
4 20 21 (36 -49 -49 ) (36 -448 -49 ) (36 -448 -47 ) (36 -49 -47 ) 
4 21 23 (0 0 -47 ) (0 0 -49 ) (0 -448 -49 ) (0 -448 -47 ) 
4 21 22 (36 -448 -49 ) (0 -448 -49 ) (0 0 -49 ) (36 0 -49 ) 
4 22 23 (0 0 -49 ) (0 0 -224 ) (0 -448 -224 ) (0 -448 -49 ) 
