


materialPath: C:\Program Files (x86)\Steam\steamapps\common\Half-Life 2 Deathmatch\hl2mp\materials
Loading c:\program files (x86)\steam\steamapps\common\sourcesdk_content\hl2mp\mapsrc\hammer\tower.vmf
Could not locate 'GameData' key in c:\program files (x86)\steam\steamapps\common\half-life 2 deathmatch\hl2mp\gameinfo.txt
fixing up env_cubemap materials on brush sides...
0...1...2...3...4...5...6...7...8...9...100...1...2...3...4...5...6...7...8...9...10Processing areas...done (0)
Building Faces...done (0)
FixTjuncs...
PruneNodes...
WriteBSP...
done (0)
writing c:\program files (x86)\steam\steamapps\common\sourcesdk_content\hl2mp\mapsrc\hammer\tower.prt...Building visibility clusters...
done (0)
Creating default LDR cubemaps for env_cubemap using skybox materials:
   skybox/sky_day01_01*.vmt
 ! Run buildcubemaps in the engine to get the correct cube maps.
Creating default HDR cubemaps for env_cubemap using skybox materials:
   skybox/sky_day01_01*.vmt
 ! Run buildcubemaps in the engine to get the correct cube maps.
Finding displacement neighbors...
Finding lightmap sample positions...
Displacement Alpha : 0...1...2...3...4...5...6...7...8...9...10
Building Physics collision data...
done (0) (14792 bytes)
Placing detail props : 0...1...2...3...4...5...6...7...8...9...10
Compacting texture/material tables...
Reduced 50 texinfos to 21
Reduced 6 texdatas to 6 (137 bytes to 137)
Writing c:\program files (x86)\steam\steamapps\common\sourcesdk_content\hl2mp\mapsrc\hammer\tower.bsp
Wrote ZIP buffer, estimated size 105865, actual size 105651
0 seconds elapsed



12 threads
reading c:\program files (x86)\steam\steamapps\common\sourcesdk_content\hl2mp\mapsrc\hammer\tower.bsp
reading c:\program files (x86)\steam\steamapps\common\sourcesdk_content\hl2mp\mapsrc\hammer\tower.prt
   4 portalclusters
   4 numportals
0...1...2...3...4...5...6...7...8...9...10Optimized: 0 visible clusters (0.00%)
Total clusters visible: 16
Average clusters visible: 4
Building PAS...
Average clusters audible: 4
visdatasize:44  compressed from 64
writing c:\program files (x86)\steam\steamapps\common\sourcesdk_content\hl2mp\mapsrc\hammer\tower.bsp
0 seconds elapsed



[Reading texlights from 'lights.rad']
[45 texlights parsed from 'lights.rad']

Loading c:\program files (x86)\steam\steamapps\common\sourcesdk_content\hl2mp\mapsrc\hammer\tower.bsp
284 faces
4 degenerate faces
28101 square feet [4046553.50 square inches]
0 Displacements
0 Square Feet [0.00 Square Inches]
280 patches before subdivision
2848 patches after subdivision
2 direct lights
0...1...2...3...4...5...6...7...8...9...100...1...2...3...4...5...6...7...8...9...10transfers 302134, max 220
transfer lists:   2.3 megs
0...1...2...3...4...5...6...7...8...9...10	Bounce #1 added RGB(76087, 28789, 10573)
0...1...2...3...4...5...6...7...8...9...10	Bounce #2 added RGB(26057, 4534, 641)
Build Patch/Sample Hash Table(s).....Done<0.0008 sec>
0...1...2...3...4...5...6...7...8...9...10FinalLightFace Done
0 of 0 (0% of) surface lights went in leaf ambient cubes.
0...1...2...3...4...5...6...7...8...9...10Writing leaf ambient...done
Ready to Finish

Object names       Objects/Maxobjs  Memory / Maxmem  Fullness 
------------       ---------------  ---------------  -------- 
models                   2/1024           96/49152    ( 0.2%) 
brushes                 20/8192          240/98304    ( 0.2%) 
brushsides             260/65536        2080/524288   ( 0.4%) 
planes                 718/65536       14360/1310720  ( 1.1%) 
vertexes               438/65536        5256/786432   ( 0.7%) 
nodes                  232/65536        7424/2097152  ( 0.4%) 
texinfos                21/12288        1512/884736   ( 0.2%) 
texdata                  6/2048          192/65536    ( 0.3%) 
dispinfos                0/0               0/0        ( 0.0%) 
disp_verts               0/0               0/0        ( 0.0%) 
disp_tris                0/0               0/0        ( 0.0%) 
disp_lmsamples           0/0               0/0        ( 0.0%) 
faces                  284/65536       15904/3670016  ( 0.4%) 
hdr faces                0/65536           0/3670016  ( 0.0%) 
origfaces              135/65536        7560/3670016  ( 0.2%) 
leaves                 235/65536        7520/2097152  ( 0.4%) 
leaffaces              319/65536         638/131072   ( 0.5%) 
leafbrushes             91/65536         182/131072   ( 0.1%) 
areas                    2/256            16/2048     ( 0.8%) 
surfedges             2007/512000       8028/2048000  ( 0.4%) 
edges                 1048/256000       4192/1024000  ( 0.4%) 
LDR worldlights          2/8192          176/720896   ( 0.0%) 
HDR worldlights          0/8192            0/720896   ( 0.0%) 
leafwaterdata            0/32768           0/393216   ( 0.0%) 
waterstrips              0/32768           0/327680   ( 0.0%) 
waterverts               0/65536           0/786432   ( 0.0%) 
waterindices             0/65536           0/131072   ( 0.0%) 
cubemapsamples           0/1024            0/16384    ( 0.0%) 
overlays                 0/512             0/180224   ( 0.0%) 
LDR lightdata         [variable]      100784/0        ( 0.0%) 
HDR lightdata         [variable]           0/0        ( 0.0%) 
visdata               [variable]          44/16777216 ( 0.0%) 
entdata               [variable]       20022/393216   ( 5.1%) 
LDR ambient table      235/65536         940/262144   ( 0.4%) 
HDR ambient table      235/65536         940/262144   ( 0.4%) 
LDR leaf ambient       228/65536        6384/1835008  ( 0.3%) 
HDR leaf ambient       235/65536        6580/1835008  ( 0.4%) 
occluders                0/0               0/0        ( 0.0%) 
occluder polygons        0/0               0/0        ( 0.0%) 
occluder vert ind        0/0               0/0        ( 0.0%) 
detail props          [variable]           1/12       ( 8.3%) 
static props          [variable]           1/436      ( 0.2%) 
pakfile               [variable]      105651/0        ( 0.0%) 
physics               [variable]       14792/4194304  ( 0.4%) 
physics terrain       [variable]           2/1048576  ( 0.0%) 

Level flags = 0

Total triangle count: 827
Writing c:\program files (x86)\steam\steamapps\common\sourcesdk_content\hl2mp\mapsrc\hammer\tower.bsp
0 seconds elapsed



materialPath: C:\Program Files (x86)\Steam\steamapps\common\Half-Life 2 Deathmatch\hl2mp\materials
Loading c:\program files (x86)\steam\steamapps\common\sourcesdk_content\hl2mp\mapsrc\hammer\tower.vmf
Could not locate 'GameData' key in c:\program files (x86)\steam\steamapps\common\half-life 2 deathmatch\hl2mp\gameinfo.txt
fixing up env_cubemap materials on brush sides...
0...1...2...3...4...5...6...7...8...9...100...1...2...3...4...5...6...7...8...9...10Processing areas...done (0)
Building Faces...done (0)
FixTjuncs...
PruneNodes...
WriteBSP...
done (0)
writing c:\program files (x86)\steam\steamapps\common\sourcesdk_content\hl2mp\mapsrc\hammer\tower.prt...Building visibility clusters...
done (0)
Creating default LDR cubemaps for env_cubemap using skybox materials:
   skybox/sky_day01_01*.vmt
 ! Run buildcubemaps in the engine to get the correct cube maps.
Creating default HDR cubemaps for env_cubemap using skybox materials:
   skybox/sky_day01_01*.vmt
 ! Run buildcubemaps in the engine to get the correct cube maps.
Finding displacement neighbors...
Finding lightmap sample positions...
Displacement Alpha : 0...1...2...3...4...5...6...7...8...9...10
Building Physics collision data...
done (0) (14792 bytes)
Placing detail props : 0...1...2...3...4...5...6...7...8...9...10
Compacting texture/material tables...
Reduced 50 texinfos to 21
Reduced 6 texdatas to 6 (137 bytes to 137)
Writing c:\program files (x86)\steam\steamapps\common\sourcesdk_content\hl2mp\mapsrc\hammer\tower.bsp
Wrote ZIP buffer, estimated size 105865, actual size 105651
0 seconds elapsed



12 threads
reading c:\program files (x86)\steam\steamapps\common\sourcesdk_content\hl2mp\mapsrc\hammer\tower.bsp
reading c:\program files (x86)\steam\steamapps\common\sourcesdk_content\hl2mp\mapsrc\hammer\tower.prt
   4 portalclusters
   4 numportals
0...1...2...3...4...5...6...7...8...9...10Optimized: 0 visible clusters (0.00%)
Total clusters visible: 16
Average clusters visible: 4
Building PAS...
Average clusters audible: 4
visdatasize:44  compressed from 64
writing c:\program files (x86)\steam\steamapps\common\sourcesdk_content\hl2mp\mapsrc\hammer\tower.bsp
0 seconds elapsed



[Reading texlights from 'lights.rad']
[45 texlights parsed from 'lights.rad']

Loading c:\program files (x86)\steam\steamapps\common\sourcesdk_content\hl2mp\mapsrc\hammer\tower.bsp
284 faces
4 degenerate faces
28101 square feet [4046553.50 square inches]
0 Displacements
0 Square Feet [0.00 Square Inches]
280 patches before subdivision
2848 patches after subdivision
2 direct lights
0...1...2...3...4...5...6...7...8...9...100...1...2...3...4...5...6...7...8...9...10transfers 302134, max 220
transfer lists:   2.3 megs
0...1...2...3...4...5...6...7...8...9...10	Bounce #1 added RGB(76087, 28789, 10573)
0...1...2...3...4...5...6...7...8...9...10	Bounce #2 added RGB(26057, 4534, 641)
Build Patch/Sample Hash Table(s).....Done<0.0008 sec>
0...1...2...3...4...5...6...7...8...9...10FinalLightFace Done
0 of 0 (0% of) surface lights went in leaf ambient cubes.
0...1...2...3...4...5...6...7...8...9...10Writing leaf ambient...done
Ready to Finish

Object names       Objects/Maxobjs  Memory / Maxmem  Fullness 
------------       ---------------  ---------------  -------- 
models                   2/1024           96/49152    ( 0.2%) 
brushes                 20/8192          240/98304    ( 0.2%) 
brushsides             260/65536        2080/524288   ( 0.4%) 
planes                 718/65536       14360/1310720  ( 1.1%) 
vertexes               438/65536        5256/786432   ( 0.7%) 
nodes                  232/65536        7424/2097152  ( 0.4%) 
texinfos                21/12288        1512/884736   ( 0.2%) 
texdata                  6/2048          192/65536    ( 0.3%) 
dispinfos                0/0               0/0        ( 0.0%) 
disp_verts               0/0               0/0        ( 0.0%) 
disp_tris                0/0               0/0        ( 0.0%) 
disp_lmsamples           0/0               0/0        ( 0.0%) 
faces                  284/65536       15904/3670016  ( 0.4%) 
hdr faces                0/65536           0/3670016  ( 0.0%) 
origfaces              135/65536        7560/3670016  ( 0.2%) 
leaves                 235/65536        7520/2097152  ( 0.4%) 
leaffaces              319/65536         638/131072   ( 0.5%) 
leafbrushes             91/65536         182/131072   ( 0.1%) 
areas                    2/256            16/2048     ( 0.8%) 
surfedges             2007/512000       8028/2048000  ( 0.4%) 
edges                 1048/256000       4192/1024000  ( 0.4%) 
LDR worldlights          2/8192          176/720896   ( 0.0%) 
HDR worldlights          0/8192            0/720896   ( 0.0%) 
leafwaterdata            0/32768           0/393216   ( 0.0%) 
waterstrips              0/32768           0/327680   ( 0.0%) 
waterverts               0/65536           0/786432   ( 0.0%) 
waterindices             0/65536           0/131072   ( 0.0%) 
cubemapsamples           0/1024            0/16384    ( 0.0%) 
overlays                 0/512             0/180224   ( 0.0%) 
LDR lightdata         [variable]      100784/0        ( 0.0%) 
HDR lightdata         [variable]           0/0        ( 0.0%) 
visdata               [variable]          44/16777216 ( 0.0%) 
entdata               [variable]       20022/393216   ( 5.1%) 
LDR ambient table      235/65536         940/262144   ( 0.4%) 
HDR ambient table      235/65536         940/262144   ( 0.4%) 
LDR leaf ambient       228/65536        6384/1835008  ( 0.3%) 
HDR leaf ambient       235/65536        6580/1835008  ( 0.4%) 
occluders                0/0               0/0        ( 0.0%) 
occluder polygons        0/0               0/0        ( 0.0%) 
occluder vert ind        0/0               0/0        ( 0.0%) 
detail props          [variable]           1/12       ( 8.3%) 
static props          [variable]           1/436      ( 0.2%) 
pakfile               [variable]      105651/0        ( 0.0%) 
physics               [variable]       14792/4194304  ( 0.4%) 
physics terrain       [variable]           2/1048576  ( 0.0%) 

Level flags = 0

Total triangle count: 827
Writing c:\program files (x86)\steam\steamapps\common\sourcesdk_content\hl2mp\mapsrc\hammer\tower.bsp
0 seconds elapsed
