


materialPath: C:\Program Files (x86)\Steam\steamapps\common\Half-Life 2 Deathmatch\hl2mp\materials
Loading c:\program files (x86)\steam\steamapps\common\sourcesdk_content\hl2mp\mapsrc\hammer\turret2.vmf
Could not locate 'GameData' key in c:\program files (x86)\steam\steamapps\common\half-life 2 deathmatch\hl2mp\gameinfo.txt
Patching WVT material: maps/turret2/dev/dev_blendmeasure_wvt_patch
fixing up env_cubemap materials on brush sides...
0...1...2...3...4...5...6...7...8...9...100...1...2...3...4...5...6...7...8...9...10Processing areas...done (0)
Building Faces...done (0)
FixTjuncs...
PruneNodes...
WriteBSP...
done (0)
writing c:\program files (x86)\steam\steamapps\common\sourcesdk_content\hl2mp\mapsrc\hammer\turret2.prt...Building visibility clusters...
done (0)
Creating default LDR cubemaps for env_cubemap using skybox materials:
   skybox/sky_day01_01*.vmt
 ! Run buildcubemaps in the engine to get the correct cube maps.
Creating default HDR cubemaps for env_cubemap using skybox materials:
   skybox/sky_day01_01*.vmt
 ! Run buildcubemaps in the engine to get the correct cube maps.
Finding displacement neighbors...
Finding lightmap sample positions...
Displacement Alpha : 0...1...2...3...4...5...6...7...8...9...10
Building Physics collision data...
done (0) (6626 bytes)
Placing detail props : 0...1...2...3...4...5...6...7...8...9...10
Compacting texture/material tables...
Reduced 42 texinfos to 21
Reduced 7 texdatas to 6 (185 bytes to 164)
Writing c:\program files (x86)\steam\steamapps\common\sourcesdk_content\hl2mp\mapsrc\hammer\turret2.bsp
Wrote ZIP buffer, estimated size 106338, actual size 105990
0 seconds elapsed



12 threads
reading c:\program files (x86)\steam\steamapps\common\sourcesdk_content\hl2mp\mapsrc\hammer\turret2.bsp
reading c:\program files (x86)\steam\steamapps\common\sourcesdk_content\hl2mp\mapsrc\hammer\turret2.prt
  18 portalclusters
  44 numportals
0...1...2...3...4...5...6...7...8...9...10Optimized: 0 visible clusters (0.00%)
Total clusters visible: 324
Average clusters visible: 18
Building PAS...
Average clusters audible: 18
visdatasize:256  compressed from 288
writing c:\program files (x86)\steam\steamapps\common\sourcesdk_content\hl2mp\mapsrc\hammer\turret2.bsp
0 seconds elapsed



[Reading texlights from 'lights.rad']
[45 texlights parsed from 'lights.rad']

Loading c:\program files (x86)\steam\steamapps\common\sourcesdk_content\hl2mp\mapsrc\hammer\turret2.bsp
84 faces
9798 square feet [1410919.00 square inches]
0 Displacements
0 Square Feet [0.00 Square Inches]
84 patches before subdivision
2084 patches after subdivision
1 direct lights
0...1...2...3...4...5...6...7...8...9...100...1...2...3...4...5...6...7...8...9...10transfers 226142, max 250
transfer lists:   1.7 megs
0...1...2...3...4...5...6...7...8...9...10	Bounce #1 added RGB(18205, 6587, 967)
0...1...2...3...4...5...6...7...8...9...10	Bounce #2 added RGB(7964, 1093, 41)
Build Patch/Sample Hash Table(s).....Done<0.0003 sec>
0...1...2...3...4...5...6...7...8...9...10FinalLightFace Done
0 of 0 (0% of) surface lights went in leaf ambient cubes.
0...1...2...3...4...5...6...7...8...9...10Writing leaf ambient...done
Ready to Finish

Object names       Objects/Maxobjs  Memory / Maxmem  Fullness 
------------       ---------------  ---------------  -------- 
models                   4/1024          192/49152    ( 0.4%) 
brushes                 12/8192          144/98304    ( 0.1%) 
brushsides              88/65536         704/524288   ( 0.1%) 
planes                 148/65536        2960/1310720  ( 0.2%) 
vertexes               131/65536        1572/786432   ( 0.2%) 
nodes                   76/65536        2432/2097152  ( 0.1%) 
texinfos                21/12288        1512/884736   ( 0.2%) 
texdata                  6/2048          192/65536    ( 0.3%) 
dispinfos                0/0               0/0        ( 0.0%) 
disp_verts               0/0               0/0        ( 0.0%) 
disp_tris                0/0               0/0        ( 0.0%) 
disp_lmsamples           0/0               0/0        ( 0.0%) 
faces                   84/65536        4704/3670016  ( 0.1%) 
hdr faces                0/65536           0/3670016  ( 0.0%) 
origfaces               49/65536        2744/3670016  ( 0.1%) 
leaves                  81/65536        2592/2097152  ( 0.1%) 
leaffaces               92/65536         184/131072   ( 0.1%) 
leafbrushes             24/65536          48/131072   ( 0.0%) 
areas                    2/256            16/2048     ( 0.8%) 
surfedges              604/512000       2416/2048000  ( 0.1%) 
edges                  331/256000       1324/1024000  ( 0.1%) 
LDR worldlights          1/8192           88/720896   ( 0.0%) 
HDR worldlights          0/8192            0/720896   ( 0.0%) 
leafwaterdata            0/32768           0/393216   ( 0.0%) 
waterstrips              0/32768           0/327680   ( 0.0%) 
waterverts               0/65536           0/786432   ( 0.0%) 
waterindices             0/65536           0/131072   ( 0.0%) 
cubemapsamples           0/1024            0/16384    ( 0.0%) 
overlays                 0/512             0/180224   ( 0.0%) 
LDR lightdata         [variable]       28732/0        ( 0.0%) 
HDR lightdata         [variable]           0/0        ( 0.0%) 
visdata               [variable]         256/16777216 ( 0.0%) 
entdata               [variable]       18262/393216   ( 4.6%) 
LDR ambient table       81/65536         324/262144   ( 0.1%) 
HDR ambient table       81/65536         324/262144   ( 0.1%) 
LDR leaf ambient       292/65536        8176/1835008  ( 0.4%) 
HDR leaf ambient        81/65536        2268/1835008  ( 0.1%) 
occluders                0/0               0/0        ( 0.0%) 
occluder polygons        0/0               0/0        ( 0.0%) 
occluder vert ind        0/0               0/0        ( 0.0%) 
detail props          [variable]           1/12       ( 8.3%) 
static props          [variable]           1/12       ( 8.3%) 
pakfile               [variable]      105990/0        ( 0.0%) 
physics               [variable]        6626/4194304  ( 0.2%) 
physics terrain       [variable]           2/1048576  ( 0.0%) 

Level flags = 0

Total triangle count: 216
Writing c:\program files (x86)\steam\steamapps\common\sourcesdk_content\hl2mp\mapsrc\hammer\turret2.bsp
0 seconds elapsed



materialPath: C:\Program Files (x86)\Steam\steamapps\common\Half-Life 2 Deathmatch\hl2mp\materials
Loading c:\program files (x86)\steam\steamapps\common\sourcesdk_content\hl2mp\mapsrc\hammer\turret2.vmf
Could not locate 'GameData' key in c:\program files (x86)\steam\steamapps\common\half-life 2 deathmatch\hl2mp\gameinfo.txt
Patching WVT material: maps/turret2/dev/dev_blendmeasure_wvt_patch
fixing up env_cubemap materials on brush sides...
0...1...2...3...4...5...6...7...8...9...100...1...2...3...4...5...6...7...8...9...10Processing areas...done (0)
Building Faces...done (0)
FixTjuncs...
PruneNodes...
WriteBSP...
done (0)
writing c:\program files (x86)\steam\steamapps\common\sourcesdk_content\hl2mp\mapsrc\hammer\turret2.prt...Building visibility clusters...
done (0)
Creating default LDR cubemaps for env_cubemap using skybox materials:
   skybox/sky_day01_01*.vmt
 ! Run buildcubemaps in the engine to get the correct cube maps.
Creating default HDR cubemaps for env_cubemap using skybox materials:
   skybox/sky_day01_01*.vmt
 ! Run buildcubemaps in the engine to get the correct cube maps.
Finding displacement neighbors...
Finding lightmap sample positions...
Displacement Alpha : 0...1...2...3...4...5...6...7...8...9...10
Building Physics collision data...
done (0) (6626 bytes)
Placing detail props : 0...1...2...3...4...5...6...7...8...9...10
Compacting texture/material tables...
Reduced 42 texinfos to 21
Reduced 7 texdatas to 6 (185 bytes to 164)
Writing c:\program files (x86)\steam\steamapps\common\sourcesdk_content\hl2mp\mapsrc\hammer\turret2.bsp
Wrote ZIP buffer, estimated size 106338, actual size 105990
0 seconds elapsed



12 threads
reading c:\program files (x86)\steam\steamapps\common\sourcesdk_content\hl2mp\mapsrc\hammer\turret2.bsp
reading c:\program files (x86)\steam\steamapps\common\sourcesdk_content\hl2mp\mapsrc\hammer\turret2.prt
  18 portalclusters
  44 numportals
0...1...2...3...4...5...6...7...8...9...10Optimized: 0 visible clusters (0.00%)
Total clusters visible: 324
Average clusters visible: 18
Building PAS...
Average clusters audible: 18
visdatasize:256  compressed from 288
writing c:\program files (x86)\steam\steamapps\common\sourcesdk_content\hl2mp\mapsrc\hammer\turret2.bsp
0 seconds elapsed



[Reading texlights from 'lights.rad']
[45 texlights parsed from 'lights.rad']

Loading c:\program files (x86)\steam\steamapps\common\sourcesdk_content\hl2mp\mapsrc\hammer\turret2.bsp
84 faces
9798 square feet [1410919.00 square inches]
0 Displacements
0 Square Feet [0.00 Square Inches]
84 patches before subdivision
2084 patches after subdivision
1 direct lights
0...1...2...3...4...5...6...7...8...9...100...1...2...3...4...5...6...7...8...9...10transfers 226142, max 250
transfer lists:   1.7 megs
0...1...2...3...4...5...6...7...8...9...10	Bounce #1 added RGB(18205, 6587, 967)
0...1...2...3...4...5...6...7...8...9...10	Bounce #2 added RGB(7964, 1093, 41)
Build Patch/Sample Hash Table(s).....Done<0.0003 sec>
0...1...2...3...4...5...6...7...8...9...10FinalLightFace Done
0 of 0 (0% of) surface lights went in leaf ambient cubes.
0...1...2...3...4...5...6...7...8...9...10Writing leaf ambient...done
Ready to Finish

Object names       Objects/Maxobjs  Memory / Maxmem  Fullness 
------------       ---------------  ---------------  -------- 
models                   4/1024          192/49152    ( 0.4%) 
brushes                 12/8192          144/98304    ( 0.1%) 
brushsides              88/65536         704/524288   ( 0.1%) 
planes                 148/65536        2960/1310720  ( 0.2%) 
vertexes               131/65536        1572/786432   ( 0.2%) 
nodes                   76/65536        2432/2097152  ( 0.1%) 
texinfos                21/12288        1512/884736   ( 0.2%) 
texdata                  6/2048          192/65536    ( 0.3%) 
dispinfos                0/0               0/0        ( 0.0%) 
disp_verts               0/0               0/0        ( 0.0%) 
disp_tris                0/0               0/0        ( 0.0%) 
disp_lmsamples           0/0               0/0        ( 0.0%) 
faces                   84/65536        4704/3670016  ( 0.1%) 
hdr faces                0/65536           0/3670016  ( 0.0%) 
origfaces               49/65536        2744/3670016  ( 0.1%) 
leaves                  81/65536        2592/2097152  ( 0.1%) 
leaffaces               92/65536         184/131072   ( 0.1%) 
leafbrushes             24/65536          48/131072   ( 0.0%) 
areas                    2/256            16/2048     ( 0.8%) 
surfedges              604/512000       2416/2048000  ( 0.1%) 
edges                  331/256000       1324/1024000  ( 0.1%) 
LDR worldlights          1/8192           88/720896   ( 0.0%) 
HDR worldlights          0/8192            0/720896   ( 0.0%) 
leafwaterdata            0/32768           0/393216   ( 0.0%) 
waterstrips              0/32768           0/327680   ( 0.0%) 
waterverts               0/65536           0/786432   ( 0.0%) 
waterindices             0/65536           0/131072   ( 0.0%) 
cubemapsamples           0/1024            0/16384    ( 0.0%) 
overlays                 0/512             0/180224   ( 0.0%) 
LDR lightdata         [variable]       28732/0        ( 0.0%) 
HDR lightdata         [variable]           0/0        ( 0.0%) 
visdata               [variable]         256/16777216 ( 0.0%) 
entdata               [variable]       18262/393216   ( 4.6%) 
LDR ambient table       81/65536         324/262144   ( 0.1%) 
HDR ambient table       81/65536         324/262144   ( 0.1%) 
LDR leaf ambient       292/65536        8176/1835008  ( 0.4%) 
HDR leaf ambient        81/65536        2268/1835008  ( 0.1%) 
occluders                0/0               0/0        ( 0.0%) 
occluder polygons        0/0               0/0        ( 0.0%) 
occluder vert ind        0/0               0/0        ( 0.0%) 
detail props          [variable]           1/12       ( 8.3%) 
static props          [variable]           1/12       ( 8.3%) 
pakfile               [variable]      105990/0        ( 0.0%) 
physics               [variable]        6626/4194304  ( 0.2%) 
physics terrain       [variable]           2/1048576  ( 0.0%) 

Level flags = 0

Total triangle count: 216
Writing c:\program files (x86)\steam\steamapps\common\sourcesdk_content\hl2mp\mapsrc\hammer\turret2.bsp
0 seconds elapsed
