PRT1
18
44
4 0 6 (0 128 92 ) (0 128 16 ) (0 20 16 ) (0 20 92 ) 
4 0 5 (0 20 320 ) (0 128 320 ) (0 128 92 ) (0 20 92 ) 
4 0 3 (412 20 16 ) (416 20 16 ) (416 20 92 ) (412 20 92 ) 
4 0 2 (416 20 16 ) (512 20 16 ) (512 20 92 ) (416 20 92 ) 
4 0 4 (0 20 16 ) (412 20 16 ) (412 20 92 ) (0 20 92 ) 
4 0 1 (512 20 92 ) (512 20 320 ) (0 20 320 ) (0 20 92 ) 
4 1 9 (512 0 92 ) (512 0 320 ) (0 0 320 ) (0 0 92 ) 
4 1 5 (0 0 92 ) (0 0 320 ) (0 20 320 ) (0 20 92 ) 
4 1 3 (412 20 92 ) (416 20 92 ) (416 0 92 ) (412 0 92 ) 
4 1 2 (416 20 92 ) (512 20 92 ) (512 0 92 ) (416 0 92 ) 
4 1 4 (0 0 92 ) (0 20 92 ) (412 20 92 ) (412 0 92 ) 
4 2 10 (512 0 16 ) (512 0 92 ) (416 0 92 ) (416 0 16 ) 
4 2 3 (416 0 92 ) (416 20 92 ) (416 20 16 ) (416 0 16 ) 
4 3 11 (416 0 92 ) (412 0 92 ) (412 0 16 ) (416 0 16 ) 
4 3 4 (412 0 92 ) (412 20 92 ) (412 20 16 ) (412 0 16 ) 
4 4 12 (412 0 92 ) (0 0 92 ) (0 0 16 ) (412 0 16 ) 
4 4 6 (0 0 16 ) (0 0 92 ) (0 20 92 ) (0 20 16 ) 
4 5 13 (0 0 92 ) (0 0 320 ) (-512 0 320 ) (-512 0 92 ) 
4 5 7 (-420 128 92 ) (-416 128 92 ) (-416 0 92 ) (-420 0 92 ) 
4 5 6 (-416 128 92 ) (0 128 92 ) (0 0 92 ) (-416 0 92 ) 
4 5 8 (-512 0 92 ) (-512 128 92 ) (-420 128 92 ) (-420 0 92 ) 
4 6 14 (0 0 16 ) (0 0 92 ) (-416 0 92 ) (-416 0 16 ) 
4 6 7 (-416 128 16 ) (-416 0 16 ) (-416 0 92 ) (-416 128 92 ) 
4 7 15 (-416 0 92 ) (-420 0 92 ) (-420 0 16 ) (-416 0 16 ) 
4 7 8 (-420 128 16 ) (-420 0 16 ) (-420 0 92 ) (-420 128 92 ) 
4 8 16 (-420 0 92 ) (-512 0 92 ) (-512 0 16 ) (-420 0 16 ) 
4 9 13 (0 0 320 ) (0 0 92 ) (0 -32 92 ) (0 -32 320 ) 
4 9 17 (0 -32 92 ) (0 -128 92 ) (0 -128 320 ) (0 -32 320 ) 
4 9 11 (416 -128 92 ) (412 -128 92 ) (412 0 92 ) (416 0 92 ) 
4 9 10 (512 -128 92 ) (416 -128 92 ) (416 0 92 ) (512 0 92 ) 
4 9 12 (412 -128 92 ) (0 -128 92 ) (0 0 92 ) (412 0 92 ) 
4 10 11 (416 0 16 ) (416 -128 16 ) (416 -128 92 ) (416 0 92 ) 
4 11 12 (412 0 16 ) (412 -128 16 ) (412 -128 92 ) (412 0 92 ) 
4 12 14 (0 0 92 ) (0 0 16 ) (0 -32 16 ) (0 -32 92 ) 
4 12 17 (0 -32 16 ) (0 -128 16 ) (0 -128 92 ) (0 -32 92 ) 
4 13 15 (-416 -32 92 ) (-420 -32 92 ) (-420 0 92 ) (-416 0 92 ) 
4 13 14 (0 -32 92 ) (-416 -32 92 ) (-416 0 92 ) (0 0 92 ) 
4 13 16 (-420 -32 92 ) (-512 -32 92 ) (-512 0 92 ) (-420 0 92 ) 
4 13 17 (-512 -32 320 ) (-512 -32 92 ) (0 -32 92 ) (0 -32 320 ) 
4 14 17 (-416 -32 16 ) (0 -32 16 ) (0 -32 92 ) (-416 -32 92 ) 
4 14 15 (-416 0 16 ) (-416 -32 16 ) (-416 -32 92 ) (-416 0 92 ) 
4 15 16 (-420 0 16 ) (-420 -32 16 ) (-420 -32 92 ) (-420 0 92 ) 
4 15 17 (-420 -32 16 ) (-416 -32 16 ) (-416 -32 92 ) (-420 -32 92 ) 
4 16 17 (-512 -32 92 ) (-512 -32 16 ) (-420 -32 16 ) (-420 -32 92 ) 
